[1.519s] DEBUG:colcon:Command line arguments: ['/usr/bin/colcon', 'build', '--packages-select', 'tag_interface']
[1.520s] DEBUG:colcon:Parsed command line arguments: Namespace(log_base=None, log_level=None, verb_name='build', build_base='build', install_base='install', merge_install=False, symlink_install=False, test_result_base=None, continue_on_error=False, executor='parallel', parallel_workers=4, event_handlers=None, ignore_user_meta=False, metas=['./colcon.meta'], base_paths=['.'], packages_ignore=None, packages_ignore_regex=None, paths=None, packages_up_to=None, packages_up_to_regex=None, packages_above=None, packages_above_and_dependencies=None, packages_above_depth=None, packages_select_by_dep=None, packages_skip_by_dep=None, packages_skip_up_to=None, packages_select_build_failed=False, packages_skip_build_finished=False, packages_select_test_failures=False, packages_skip_test_passed=False, packages_select=['tag_interface'], packages_skip=None, packages_select_regex=None, packages_skip_regex=None, packages_start=None, packages_end=None, allow_overriding=[], cmake_args=None, cmake_target=None, cmake_target_skip_unavailable=False, cmake_clean_cache=False, cmake_clean_first=False, cmake_force_configure=False, ament_cmake_args=None, catkin_cmake_args=None, catkin_skip_building_tests=False, verb_parser=<colcon_defaults.argument_parser.defaults.DefaultArgumentsDecorator object at 0xffff9f7f6140>, verb_extension=<colcon_core.verb.build.BuildVerb object at 0xffffa01f6a40>, main=<bound method BuildVerb.main of <colcon_core.verb.build.BuildVerb object at 0xffffa01f6a40>>)
[1.620s] Level 1:colcon.colcon_core.package_discovery:discover_packages(colcon_meta) check parameters
[1.621s] Level 1:colcon.colcon_core.package_discovery:discover_packages(recursive) check parameters
[1.621s] Level 1:colcon.colcon_core.package_discovery:discover_packages(ignore) check parameters
[1.621s] Level 1:colcon.colcon_core.package_discovery:discover_packages(path) check parameters
[1.621s] Level 1:colcon.colcon_core.package_discovery:discover_packages(colcon_meta) discover
[1.622s] Level 1:colcon.colcon_core.package_discovery:discover_packages(recursive) discover
[1.622s] INFO:colcon.colcon_core.package_discovery:Crawling recursively for packages in '/home/cam/GitHub/autonomy_2022_23/aruco_detection/ros2_ws'
[1.622s] Level 1:colcon.colcon_core.package_identification:_identify(.) by extensions ['ignore', 'ignore_ament_install']
[1.623s] Level 1:colcon.colcon_core.package_identification:_identify(.) by extension 'ignore'
[1.623s] Level 1:colcon.colcon_core.package_identification:_identify(.) by extension 'ignore_ament_install'
[1.623s] Level 1:colcon.colcon_core.package_identification:_identify(.) by extensions ['colcon_pkg']
[1.623s] Level 1:colcon.colcon_core.package_identification:_identify(.) by extension 'colcon_pkg'
[1.624s] Level 1:colcon.colcon_core.package_identification:_identify(.) by extensions ['colcon_meta']
[1.624s] Level 1:colcon.colcon_core.package_identification:_identify(.) by extension 'colcon_meta'
[1.624s] Level 1:colcon.colcon_core.package_identification:_identify(.) by extensions ['ros']
[1.624s] Level 1:colcon.colcon_core.package_identification:_identify(.) by extension 'ros'
[1.708s] Level 1:colcon.colcon_core.package_identification:_identify(.) by extensions ['cmake', 'python']
[1.708s] Level 1:colcon.colcon_core.package_identification:_identify(.) by extension 'cmake'
[1.709s] Level 1:colcon.colcon_core.package_identification:_identify(.) by extension 'python'
[1.709s] Level 1:colcon.colcon_core.package_identification:_identify(.) by extensions ['python_setup_py']
[1.709s] Level 1:colcon.colcon_core.package_identification:_identify(.) by extension 'python_setup_py'
[1.710s] Level 1:colcon.colcon_core.package_identification:_identify(build) by extensions ['ignore', 'ignore_ament_install']
[1.710s] Level 1:colcon.colcon_core.package_identification:_identify(build) by extension 'ignore'
[1.710s] Level 1:colcon.colcon_core.package_identification:_identify(build) ignored
[1.711s] Level 1:colcon.colcon_core.package_identification:_identify(install) by extensions ['ignore', 'ignore_ament_install']
[1.712s] Level 1:colcon.colcon_core.package_identification:_identify(install) by extension 'ignore'
[1.712s] Level 1:colcon.colcon_core.package_identification:_identify(install) ignored
[1.713s] Level 1:colcon.colcon_core.package_identification:_identify(log) by extensions ['ignore', 'ignore_ament_install']
[1.714s] Level 1:colcon.colcon_core.package_identification:_identify(log) by extension 'ignore'
[1.714s] Level 1:colcon.colcon_core.package_identification:_identify(log) ignored
[1.714s] Level 1:colcon.colcon_core.package_identification:_identify(src) by extensions ['ignore', 'ignore_ament_install']
[1.715s] Level 1:colcon.colcon_core.package_identification:_identify(src) by extension 'ignore'
[1.715s] Level 1:colcon.colcon_core.package_identification:_identify(src) by extension 'ignore_ament_install'
[1.715s] Level 1:colcon.colcon_core.package_identification:_identify(src) by extensions ['colcon_pkg']
[1.715s] Level 1:colcon.colcon_core.package_identification:_identify(src) by extension 'colcon_pkg'
[1.716s] Level 1:colcon.colcon_core.package_identification:_identify(src) by extensions ['colcon_meta']
[1.716s] Level 1:colcon.colcon_core.package_identification:_identify(src) by extension 'colcon_meta'
[1.716s] Level 1:colcon.colcon_core.package_identification:_identify(src) by extensions ['ros']
[1.716s] Level 1:colcon.colcon_core.package_identification:_identify(src) by extension 'ros'
[1.716s] Level 1:colcon.colcon_core.package_identification:_identify(src) by extensions ['cmake', 'python']
[1.717s] Level 1:colcon.colcon_core.package_identification:_identify(src) by extension 'cmake'
[1.717s] Level 1:colcon.colcon_core.package_identification:_identify(src) by extension 'python'
[1.717s] Level 1:colcon.colcon_core.package_identification:_identify(src) by extensions ['python_setup_py']
[1.717s] Level 1:colcon.colcon_core.package_identification:_identify(src) by extension 'python_setup_py'
[1.718s] Level 1:colcon.colcon_core.package_identification:_identify(src/tag_detection) by extensions ['ignore', 'ignore_ament_install']
[1.718s] Level 1:colcon.colcon_core.package_identification:_identify(src/tag_detection) by extension 'ignore'
[1.718s] Level 1:colcon.colcon_core.package_identification:_identify(src/tag_detection) by extension 'ignore_ament_install'
[1.719s] Level 1:colcon.colcon_core.package_identification:_identify(src/tag_detection) by extensions ['colcon_pkg']
[1.719s] Level 1:colcon.colcon_core.package_identification:_identify(src/tag_detection) by extension 'colcon_pkg'
[1.719s] Level 1:colcon.colcon_core.package_identification:_identify(src/tag_detection) by extensions ['colcon_meta']
[1.719s] Level 1:colcon.colcon_core.package_identification:_identify(src/tag_detection) by extension 'colcon_meta'
[1.719s] Level 1:colcon.colcon_core.package_identification:_identify(src/tag_detection) by extensions ['ros']
[1.719s] Level 1:colcon.colcon_core.package_identification:_identify(src/tag_detection) by extension 'ros'
[1.729s] DEBUG:colcon.colcon_core.package_identification:Package 'src/tag_detection' with type 'ros.ament_python' and name 'tag_detection'
[1.730s] Level 1:colcon.colcon_core.package_identification:_identify(src/tag_interface) by extensions ['ignore', 'ignore_ament_install']
[1.730s] Level 1:colcon.colcon_core.package_identification:_identify(src/tag_interface) by extension 'ignore'
[1.731s] Level 1:colcon.colcon_core.package_identification:_identify(src/tag_interface) by extension 'ignore_ament_install'
[1.731s] Level 1:colcon.colcon_core.package_identification:_identify(src/tag_interface) by extensions ['colcon_pkg']
[1.731s] Level 1:colcon.colcon_core.package_identification:_identify(src/tag_interface) by extension 'colcon_pkg'
[1.731s] Level 1:colcon.colcon_core.package_identification:_identify(src/tag_interface) by extensions ['colcon_meta']
[1.731s] Level 1:colcon.colcon_core.package_identification:_identify(src/tag_interface) by extension 'colcon_meta'
[1.732s] Level 1:colcon.colcon_core.package_identification:_identify(src/tag_interface) by extensions ['ros']
[1.732s] Level 1:colcon.colcon_core.package_identification:_identify(src/tag_interface) by extension 'ros'
[1.734s] DEBUG:colcon.colcon_core.package_identification:Package 'src/tag_interface' with type 'ros.ament_cmake' and name 'tag_interface'
[1.734s] Level 1:colcon.colcon_core.package_discovery:discover_packages(recursive) using defaults
[1.735s] Level 1:colcon.colcon_core.package_discovery:discover_packages(ignore) discover
[1.735s] Level 1:colcon.colcon_core.package_discovery:discover_packages(ignore) using defaults
[1.735s] Level 1:colcon.colcon_core.package_discovery:discover_packages(path) discover
[1.735s] Level 1:colcon.colcon_core.package_discovery:discover_packages(path) using defaults
[1.840s] INFO:colcon.colcon_core.package_selection:Skipping not selected package 'tag_detection' in 'src/tag_detection'
[1.844s] Level 1:colcon.colcon_core.package_discovery:discover_packages(prefix_path) check parameters
[1.844s] Level 1:colcon.colcon_core.package_discovery:discover_packages(prefix_path) discover
[1.864s] DEBUG:colcon.colcon_installed_package_information.package_discovery:Found 270 installed packages in /opt/ros/humble
[1.872s] Level 1:colcon.colcon_core.package_discovery:discover_packages(prefix_path) using defaults
[2.168s] Level 5:colcon.colcon_core.verb:set package 'tag_interface' build argument 'cmake_args' from command line to 'None'
[2.168s] Level 5:colcon.colcon_core.verb:set package 'tag_interface' build argument 'cmake_target' from command line to 'None'
[2.168s] Level 5:colcon.colcon_core.verb:set package 'tag_interface' build argument 'cmake_target_skip_unavailable' from command line to 'False'
[2.168s] Level 5:colcon.colcon_core.verb:set package 'tag_interface' build argument 'cmake_clean_cache' from command line to 'False'
[2.168s] Level 5:colcon.colcon_core.verb:set package 'tag_interface' build argument 'cmake_clean_first' from command line to 'False'
[2.169s] Level 5:colcon.colcon_core.verb:set package 'tag_interface' build argument 'cmake_force_configure' from command line to 'False'
[2.169s] Level 5:colcon.colcon_core.verb:set package 'tag_interface' build argument 'ament_cmake_args' from command line to 'None'
[2.169s] Level 5:colcon.colcon_core.verb:set package 'tag_interface' build argument 'catkin_cmake_args' from command line to 'None'
[2.169s] Level 5:colcon.colcon_core.verb:set package 'tag_interface' build argument 'catkin_skip_building_tests' from command line to 'False'
[2.169s] DEBUG:colcon.colcon_core.verb:Building package 'tag_interface' with the following arguments: {'ament_cmake_args': None, 'build_base': '/home/cam/GitHub/autonomy_2022_23/aruco_detection/ros2_ws/build/tag_interface', 'catkin_cmake_args': None, 'catkin_skip_building_tests': False, 'cmake_args': None, 'cmake_clean_cache': False, 'cmake_clean_first': False, 'cmake_force_configure': False, 'cmake_target': None, 'cmake_target_skip_unavailable': False, 'install_base': '/home/cam/GitHub/autonomy_2022_23/aruco_detection/ros2_ws/install/tag_interface', 'merge_install': False, 'path': '/home/cam/GitHub/autonomy_2022_23/aruco_detection/ros2_ws/src/tag_interface', 'symlink_install': False, 'test_result_base': None}
[2.173s] INFO:colcon.colcon_core.executor:Executing jobs using 'parallel' executor
[2.188s] DEBUG:colcon.colcon_parallel_executor.executor.parallel:run_until_complete
[2.190s] INFO:colcon.colcon_ros.task.ament_cmake.build:Building ROS package in '/home/cam/GitHub/autonomy_2022_23/aruco_detection/ros2_ws/src/tag_interface' with build type 'ament_cmake'
[2.191s] INFO:colcon.colcon_cmake.task.cmake.build:Building CMake package in '/home/cam/GitHub/autonomy_2022_23/aruco_detection/ros2_ws/src/tag_interface'
[2.213s] INFO:colcon.colcon_core.plugin_system:Skipping extension 'colcon_core.shell.bat': Not used on non-Windows systems
[2.214s] INFO:colcon.colcon_core.shell:Skip shell extension 'powershell' for command environment: Not usable outside of PowerShell
[2.215s] DEBUG:colcon.colcon_core.shell:Skip shell extension 'dsv' for command environment
[2.267s] DEBUG:colcon.colcon_core.event_handler.log_command:Invoking command in '/home/cam/GitHub/autonomy_2022_23/aruco_detection/ros2_ws/build/tag_interface': CMAKE_PREFIX_PATH=/opt/ros/humble /usr/bin/cmake --build /home/cam/GitHub/autonomy_2022_23/aruco_detection/ros2_ws/build/tag_interface -- -j4 -l4
[19.896s] DEBUG:colcon.colcon_core.event_handler.log_command:Invoked command in '/home/cam/GitHub/autonomy_2022_23/aruco_detection/ros2_ws/build/tag_interface' returned '0': CMAKE_PREFIX_PATH=/opt/ros/humble /usr/bin/cmake --build /home/cam/GitHub/autonomy_2022_23/aruco_detection/ros2_ws/build/tag_interface -- -j4 -l4
[20.298s] DEBUG:colcon.colcon_core.event_handler.log_command:Invoking command in '/home/cam/GitHub/autonomy_2022_23/aruco_detection/ros2_ws/build/tag_interface': CMAKE_PREFIX_PATH=/opt/ros/humble /usr/bin/cmake --install /home/cam/GitHub/autonomy_2022_23/aruco_detection/ros2_ws/build/tag_interface
[20.690s] Level 1:colcon.colcon_core.environment:create_environment_scripts_only(tag_interface)
[20.694s] DEBUG:colcon.colcon_core.event_handler.log_command:Invoked command in '/home/cam/GitHub/autonomy_2022_23/aruco_detection/ros2_ws/build/tag_interface' returned '0': CMAKE_PREFIX_PATH=/opt/ros/humble /usr/bin/cmake --install /home/cam/GitHub/autonomy_2022_23/aruco_detection/ros2_ws/build/tag_interface
[20.715s] Level 1:colcon.colcon_core.environment:checking '/home/cam/GitHub/autonomy_2022_23/aruco_detection/ros2_ws/install/tag_interface' for CMake module files
[20.721s] Level 1:colcon.colcon_core.environment:checking '/home/cam/GitHub/autonomy_2022_23/aruco_detection/ros2_ws/install/tag_interface' for CMake config files
[20.724s] Level 1:colcon.colcon_core.shell:create_environment_hook('tag_interface', 'cmake_prefix_path')
[20.729s] INFO:colcon.colcon_core.shell:Creating environment hook '/home/cam/GitHub/autonomy_2022_23/aruco_detection/ros2_ws/install/tag_interface/share/tag_interface/hook/cmake_prefix_path.ps1'
[20.732s] INFO:colcon.colcon_core.shell:Creating environment descriptor '/home/cam/GitHub/autonomy_2022_23/aruco_detection/ros2_ws/install/tag_interface/share/tag_interface/hook/cmake_prefix_path.dsv'
[20.735s] INFO:colcon.colcon_core.shell:Creating environment hook '/home/cam/GitHub/autonomy_2022_23/aruco_detection/ros2_ws/install/tag_interface/share/tag_interface/hook/cmake_prefix_path.sh'
[20.739s] Level 1:colcon.colcon_core.environment:checking '/home/cam/GitHub/autonomy_2022_23/aruco_detection/ros2_ws/install/tag_interface/lib'
[20.740s] Level 1:colcon.colcon_core.shell:create_environment_hook('tag_interface', 'ld_library_path_lib')
[20.746s] INFO:colcon.colcon_core.shell:Creating environment hook '/home/cam/GitHub/autonomy_2022_23/aruco_detection/ros2_ws/install/tag_interface/share/tag_interface/hook/ld_library_path_lib.ps1'
[20.748s] INFO:colcon.colcon_core.shell:Creating environment descriptor '/home/cam/GitHub/autonomy_2022_23/aruco_detection/ros2_ws/install/tag_interface/share/tag_interface/hook/ld_library_path_lib.dsv'
[20.750s] INFO:colcon.colcon_core.shell:Creating environment hook '/home/cam/GitHub/autonomy_2022_23/aruco_detection/ros2_ws/install/tag_interface/share/tag_interface/hook/ld_library_path_lib.sh'
[20.752s] Level 1:colcon.colcon_core.environment:checking '/home/cam/GitHub/autonomy_2022_23/aruco_detection/ros2_ws/install/tag_interface/bin'
[20.752s] Level 1:colcon.colcon_core.environment:checking '/home/cam/GitHub/autonomy_2022_23/aruco_detection/ros2_ws/install/tag_interface/lib/pkgconfig/tag_interface.pc'
[20.753s] Level 1:colcon.colcon_core.environment:checking '/home/cam/GitHub/autonomy_2022_23/aruco_detection/ros2_ws/install/tag_interface/lib/python3.10/site-packages'
[20.754s] Level 1:colcon.colcon_core.environment:checking '/home/cam/GitHub/autonomy_2022_23/aruco_detection/ros2_ws/install/tag_interface/bin'
[20.761s] INFO:colcon.colcon_core.shell:Creating package script '/home/cam/GitHub/autonomy_2022_23/aruco_detection/ros2_ws/install/tag_interface/share/tag_interface/package.ps1'
[20.764s] INFO:colcon.colcon_core.shell:Creating package descriptor '/home/cam/GitHub/autonomy_2022_23/aruco_detection/ros2_ws/install/tag_interface/share/tag_interface/package.dsv'
[20.767s] INFO:colcon.colcon_core.shell:Creating package script '/home/cam/GitHub/autonomy_2022_23/aruco_detection/ros2_ws/install/tag_interface/share/tag_interface/package.sh'
[20.771s] INFO:colcon.colcon_core.shell:Creating package script '/home/cam/GitHub/autonomy_2022_23/aruco_detection/ros2_ws/install/tag_interface/share/tag_interface/package.bash'
[20.775s] INFO:colcon.colcon_core.shell:Creating package script '/home/cam/GitHub/autonomy_2022_23/aruco_detection/ros2_ws/install/tag_interface/share/tag_interface/package.zsh'
[20.778s] Level 1:colcon.colcon_core.environment:create_file_with_runtime_dependencies(/home/cam/GitHub/autonomy_2022_23/aruco_detection/ros2_ws/install/tag_interface/share/colcon-core/packages/tag_interface)
[21.142s] Level 1:colcon.colcon_core.environment:create_environment_scripts_only(tag_interface)
[21.153s] Level 1:colcon.colcon_core.environment:checking '/home/cam/GitHub/autonomy_2022_23/aruco_detection/ros2_ws/install/tag_interface' for CMake module files
[21.159s] Level 1:colcon.colcon_core.environment:checking '/home/cam/GitHub/autonomy_2022_23/aruco_detection/ros2_ws/install/tag_interface' for CMake config files
[21.161s] Level 1:colcon.colcon_core.shell:create_environment_hook('tag_interface', 'cmake_prefix_path')
[21.167s] INFO:colcon.colcon_core.shell:Creating environment hook '/home/cam/GitHub/autonomy_2022_23/aruco_detection/ros2_ws/install/tag_interface/share/tag_interface/hook/cmake_prefix_path.ps1'
[21.169s] INFO:colcon.colcon_core.shell:Creating environment descriptor '/home/cam/GitHub/autonomy_2022_23/aruco_detection/ros2_ws/install/tag_interface/share/tag_interface/hook/cmake_prefix_path.dsv'
[21.171s] INFO:colcon.colcon_core.shell:Creating environment hook '/home/cam/GitHub/autonomy_2022_23/aruco_detection/ros2_ws/install/tag_interface/share/tag_interface/hook/cmake_prefix_path.sh'
[21.174s] Level 1:colcon.colcon_core.environment:checking '/home/cam/GitHub/autonomy_2022_23/aruco_detection/ros2_ws/install/tag_interface/lib'
[21.174s] Level 1:colcon.colcon_core.shell:create_environment_hook('tag_interface', 'ld_library_path_lib')
[21.180s] INFO:colcon.colcon_core.shell:Creating environment hook '/home/cam/GitHub/autonomy_2022_23/aruco_detection/ros2_ws/install/tag_interface/share/tag_interface/hook/ld_library_path_lib.ps1'
[21.190s] INFO:colcon.colcon_core.shell:Creating environment descriptor '/home/cam/GitHub/autonomy_2022_23/aruco_detection/ros2_ws/install/tag_interface/share/tag_interface/hook/ld_library_path_lib.dsv'
[21.192s] INFO:colcon.colcon_core.shell:Creating environment hook '/home/cam/GitHub/autonomy_2022_23/aruco_detection/ros2_ws/install/tag_interface/share/tag_interface/hook/ld_library_path_lib.sh'
[21.195s] Level 1:colcon.colcon_core.environment:checking '/home/cam/GitHub/autonomy_2022_23/aruco_detection/ros2_ws/install/tag_interface/bin'
[21.196s] Level 1:colcon.colcon_core.environment:checking '/home/cam/GitHub/autonomy_2022_23/aruco_detection/ros2_ws/install/tag_interface/lib/pkgconfig/tag_interface.pc'
[21.198s] Level 1:colcon.colcon_core.environment:checking '/home/cam/GitHub/autonomy_2022_23/aruco_detection/ros2_ws/install/tag_interface/lib/python3.10/site-packages'
[21.200s] Level 1:colcon.colcon_core.environment:checking '/home/cam/GitHub/autonomy_2022_23/aruco_detection/ros2_ws/install/tag_interface/bin'
[21.207s] INFO:colcon.colcon_core.shell:Creating package script '/home/cam/GitHub/autonomy_2022_23/aruco_detection/ros2_ws/install/tag_interface/share/tag_interface/package.ps1'
[21.210s] INFO:colcon.colcon_core.shell:Creating package descriptor '/home/cam/GitHub/autonomy_2022_23/aruco_detection/ros2_ws/install/tag_interface/share/tag_interface/package.dsv'
[21.213s] INFO:colcon.colcon_core.shell:Creating package script '/home/cam/GitHub/autonomy_2022_23/aruco_detection/ros2_ws/install/tag_interface/share/tag_interface/package.sh'
[21.215s] INFO:colcon.colcon_core.shell:Creating package script '/home/cam/GitHub/autonomy_2022_23/aruco_detection/ros2_ws/install/tag_interface/share/tag_interface/package.bash'
[21.217s] INFO:colcon.colcon_core.shell:Creating package script '/home/cam/GitHub/autonomy_2022_23/aruco_detection/ros2_ws/install/tag_interface/share/tag_interface/package.zsh'
[21.219s] Level 1:colcon.colcon_core.environment:create_file_with_runtime_dependencies(/home/cam/GitHub/autonomy_2022_23/aruco_detection/ros2_ws/install/tag_interface/share/colcon-core/packages/tag_interface)
[21.220s] DEBUG:colcon.colcon_parallel_executor.executor.parallel:closing loop
[21.222s] DEBUG:colcon.colcon_parallel_executor.executor.parallel:loop closed
[21.222s] DEBUG:colcon.colcon_parallel_executor.executor.parallel:run_until_complete finished with '0'
[21.222s] DEBUG:colcon.colcon_core.event_reactor:joining thread
[21.248s] INFO:colcon.colcon_core.plugin_system:Skipping extension 'colcon_notification.desktop_notification.terminal_notifier': Not used on non-Darwin systems
[21.248s] INFO:colcon.colcon_core.plugin_system:Skipping extension 'colcon_notification.desktop_notification.win32': Not used on non-Windows systems
[21.249s] INFO:colcon.colcon_notification.desktop_notification:Sending desktop notification using 'notify2'
[21.312s] DEBUG:colcon.colcon_core.event_reactor:joined thread
[21.319s] INFO:colcon.colcon_core.shell:Creating prefix script '/home/cam/GitHub/autonomy_2022_23/aruco_detection/ros2_ws/install/local_setup.ps1'
[21.324s] INFO:colcon.colcon_core.shell:Creating prefix util module '/home/cam/GitHub/autonomy_2022_23/aruco_detection/ros2_ws/install/_local_setup_util_ps1.py'
[21.331s] INFO:colcon.colcon_core.shell:Creating prefix chain script '/home/cam/GitHub/autonomy_2022_23/aruco_detection/ros2_ws/install/setup.ps1'
[21.338s] INFO:colcon.colcon_core.shell:Creating prefix script '/home/cam/GitHub/autonomy_2022_23/aruco_detection/ros2_ws/install/local_setup.sh'
[21.341s] INFO:colcon.colcon_core.shell:Creating prefix util module '/home/cam/GitHub/autonomy_2022_23/aruco_detection/ros2_ws/install/_local_setup_util_sh.py'
[21.344s] INFO:colcon.colcon_core.shell:Creating prefix chain script '/home/cam/GitHub/autonomy_2022_23/aruco_detection/ros2_ws/install/setup.sh'
[21.351s] INFO:colcon.colcon_core.shell:Creating prefix script '/home/cam/GitHub/autonomy_2022_23/aruco_detection/ros2_ws/install/local_setup.bash'
[21.354s] INFO:colcon.colcon_core.shell:Creating prefix chain script '/home/cam/GitHub/autonomy_2022_23/aruco_detection/ros2_ws/install/setup.bash'
[21.361s] INFO:colcon.colcon_core.shell:Creating prefix script '/home/cam/GitHub/autonomy_2022_23/aruco_detection/ros2_ws/install/local_setup.zsh'
[21.364s] INFO:colcon.colcon_core.shell:Creating prefix chain script '/home/cam/GitHub/autonomy_2022_23/aruco_detection/ros2_ws/install/setup.zsh'
