[0.084s] Invoking command in '/home/cam/GitHub/autonomy_2022_23/aruco_detection/ros2_ws/build/tag_detector': CMAKE_PREFIX_PATH=/opt/ros/humble /usr/bin/cmake --build /home/cam/GitHub/autonomy_2022_23/aruco_detection/ros2_ws/build/tag_detector -- -j4 -l4
[0.186s] -- Found ament_cmake: 1.3.3 (/opt/ros/humble/share/ament_cmake/cmake)
[0.913s] -- Found rclpy: 3.3.5 (/opt/ros/humble/share/rclpy/cmake)
[1.525s] -- Configuring done
[1.559s] -- Generating done
[1.568s] -- Build files have been written to: /home/cam/GitHub/autonomy_2022_23/aruco_detection/ros2_ws/build/tag_detector
[1.740s] Built target ament_cmake_python_copy_tag_detector
[2.957s] running egg_info
[2.960s] writing tag_detector.egg-info/PKG-INFO
[2.962s] writing dependency_links to tag_detector.egg-info/dependency_links.txt
[2.963s] writing top-level names to tag_detector.egg-info/top_level.txt
[2.973s] reading manifest file 'tag_detector.egg-info/SOURCES.txt'
[2.976s] writing manifest file 'tag_detector.egg-info/SOURCES.txt'
[3.108s] Built target ament_cmake_python_build_tag_detector_egg
[3.152s] Invoked command in '/home/cam/GitHub/autonomy_2022_23/aruco_detection/ros2_ws/build/tag_detector' returned '0': CMAKE_PREFIX_PATH=/opt/ros/humble /usr/bin/cmake --build /home/cam/GitHub/autonomy_2022_23/aruco_detection/ros2_ws/build/tag_detector -- -j4 -l4
[3.325s] Invoking command in '/home/cam/GitHub/autonomy_2022_23/aruco_detection/ros2_ws/build/tag_detector': CMAKE_PREFIX_PATH=/opt/ros/humble /usr/bin/cmake --install /home/cam/GitHub/autonomy_2022_23/aruco_detection/ros2_ws/build/tag_detector
[3.354s] -- Install configuration: ""
[3.355s] -- Up-to-date: /home/cam/GitHub/autonomy_2022_23/aruco_detection/ros2_ws/install/tag_detector/share/tag_detector/environment/pythonpath.sh
[3.356s] -- Installing: /home/cam/GitHub/autonomy_2022_23/aruco_detection/ros2_ws/install/tag_detector/share/tag_detector/environment/pythonpath.dsv
[3.357s] -- Up-to-date: /home/cam/GitHub/autonomy_2022_23/aruco_detection/ros2_ws/install/tag_detector/local/lib/python3.10/dist-packages/tag_detector-0.0.0-py3.10.egg-info
[3.358s] -- Installing: /home/cam/GitHub/autonomy_2022_23/aruco_detection/ros2_ws/install/tag_detector/local/lib/python3.10/dist-packages/tag_detector-0.0.0-py3.10.egg-info/PKG-INFO
[3.360s] -- Installing: /home/cam/GitHub/autonomy_2022_23/aruco_detection/ros2_ws/install/tag_detector/local/lib/python3.10/dist-packages/tag_detector-0.0.0-py3.10.egg-info/top_level.txt
[3.362s] -- Installing: /home/cam/GitHub/autonomy_2022_23/aruco_detection/ros2_ws/install/tag_detector/local/lib/python3.10/dist-packages/tag_detector-0.0.0-py3.10.egg-info/SOURCES.txt
[3.363s] -- Installing: /home/cam/GitHub/autonomy_2022_23/aruco_detection/ros2_ws/install/tag_detector/local/lib/python3.10/dist-packages/tag_detector-0.0.0-py3.10.egg-info/dependency_links.txt
[3.365s] -- Up-to-date: /home/cam/GitHub/autonomy_2022_23/aruco_detection/ros2_ws/install/tag_detector/local/lib/python3.10/dist-packages/tag_detector
[3.366s] -- Up-to-date: /home/cam/GitHub/autonomy_2022_23/aruco_detection/ros2_ws/install/tag_detector/local/lib/python3.10/dist-packages/tag_detector/__init__.py
[3.367s] -- Up-to-date: /home/cam/GitHub/autonomy_2022_23/aruco_detection/ros2_ws/install/tag_detector/local/lib/python3.10/dist-packages/tag_detector/module_to_import.py
[3.519s] Listing '/home/cam/GitHub/autonomy_2022_23/aruco_detection/ros2_ws/install/tag_detector/local/lib/python3.10/dist-packages/tag_detector'...
[3.542s] -- Up-to-date: /home/cam/GitHub/autonomy_2022_23/aruco_detection/ros2_ws/install/tag_detector/lib/tag_detector/detect_tag.py
[3.543s] -- Installing: /home/cam/GitHub/autonomy_2022_23/aruco_detection/ros2_ws/install/tag_detector/share/ament_index/resource_index/package_run_dependencies/tag_detector
[3.545s] -- Up-to-date: /home/cam/GitHub/autonomy_2022_23/aruco_detection/ros2_ws/install/tag_detector/share/ament_index/resource_index/parent_prefix_path/tag_detector
[3.546s] -- Up-to-date: /home/cam/GitHub/autonomy_2022_23/aruco_detection/ros2_ws/install/tag_detector/share/tag_detector/environment/ament_prefix_path.sh
[3.547s] -- Installing: /home/cam/GitHub/autonomy_2022_23/aruco_detection/ros2_ws/install/tag_detector/share/tag_detector/environment/ament_prefix_path.dsv
[3.549s] -- Up-to-date: /home/cam/GitHub/autonomy_2022_23/aruco_detection/ros2_ws/install/tag_detector/share/tag_detector/environment/path.sh
[3.550s] -- Installing: /home/cam/GitHub/autonomy_2022_23/aruco_detection/ros2_ws/install/tag_detector/share/tag_detector/environment/path.dsv
[3.552s] -- Up-to-date: /home/cam/GitHub/autonomy_2022_23/aruco_detection/ros2_ws/install/tag_detector/share/tag_detector/local_setup.bash
[3.552s] -- Installing: /home/cam/GitHub/autonomy_2022_23/aruco_detection/ros2_ws/install/tag_detector/share/tag_detector/local_setup.sh
[3.554s] -- Up-to-date: /home/cam/GitHub/autonomy_2022_23/aruco_detection/ros2_ws/install/tag_detector/share/tag_detector/local_setup.zsh
[3.555s] -- Installing: /home/cam/GitHub/autonomy_2022_23/aruco_detection/ros2_ws/install/tag_detector/share/tag_detector/local_setup.dsv
[3.557s] -- Installing: /home/cam/GitHub/autonomy_2022_23/aruco_detection/ros2_ws/install/tag_detector/share/tag_detector/package.dsv
[3.558s] -- Up-to-date: /home/cam/GitHub/autonomy_2022_23/aruco_detection/ros2_ws/install/tag_detector/share/ament_index/resource_index/packages/tag_detector
[3.559s] -- Installing: /home/cam/GitHub/autonomy_2022_23/aruco_detection/ros2_ws/install/tag_detector/share/tag_detector/cmake/tag_detectorConfig.cmake
[3.561s] -- Up-to-date: /home/cam/GitHub/autonomy_2022_23/aruco_detection/ros2_ws/install/tag_detector/share/tag_detector/cmake/tag_detectorConfig-version.cmake
[3.561s] -- Installing: /home/cam/GitHub/autonomy_2022_23/aruco_detection/ros2_ws/install/tag_detector/share/tag_detector/package.xml
[3.571s] Invoked command in '/home/cam/GitHub/autonomy_2022_23/aruco_detection/ros2_ws/build/tag_detector' returned '0': CMAKE_PREFIX_PATH=/opt/ros/humble /usr/bin/cmake --install /home/cam/GitHub/autonomy_2022_23/aruco_detection/ros2_ws/build/tag_detector
