[1.586s] DEBUG:colcon:Command line arguments: ['/usr/bin/colcon', 'build', '--packages-select', 'tag_detection']
[1.586s] DEBUG:colcon:Parsed command line arguments: Namespace(log_base=None, log_level=None, verb_name='build', build_base='build', install_base='install', merge_install=False, symlink_install=False, test_result_base=None, continue_on_error=False, executor='parallel', parallel_workers=4, event_handlers=None, ignore_user_meta=False, metas=['./colcon.meta'], base_paths=['.'], packages_ignore=None, packages_ignore_regex=None, paths=None, packages_up_to=None, packages_up_to_regex=None, packages_above=None, packages_above_and_dependencies=None, packages_above_depth=None, packages_select_by_dep=None, packages_skip_by_dep=None, packages_skip_up_to=None, packages_select_build_failed=False, packages_skip_build_finished=False, packages_select_test_failures=False, packages_skip_test_passed=False, packages_select=['tag_detection'], packages_skip=None, packages_select_regex=None, packages_skip_regex=None, packages_start=None, packages_end=None, allow_overriding=[], cmake_args=None, cmake_target=None, cmake_target_skip_unavailable=False, cmake_clean_cache=False, cmake_clean_first=False, cmake_force_configure=False, ament_cmake_args=None, catkin_cmake_args=None, catkin_skip_building_tests=False, verb_parser=<colcon_defaults.argument_parser.defaults.DefaultArgumentsDecorator object at 0xffff900d2230>, verb_extension=<colcon_core.verb.build.BuildVerb object at 0xffff90ad5990>, main=<bound method BuildVerb.main of <colcon_core.verb.build.BuildVerb object at 0xffff90ad5990>>)
[1.694s] Level 1:colcon.colcon_core.package_discovery:discover_packages(colcon_meta) check parameters
[1.694s] Level 1:colcon.colcon_core.package_discovery:discover_packages(recursive) check parameters
[1.694s] Level 1:colcon.colcon_core.package_discovery:discover_packages(ignore) check parameters
[1.695s] Level 1:colcon.colcon_core.package_discovery:discover_packages(path) check parameters
[1.695s] Level 1:colcon.colcon_core.package_discovery:discover_packages(colcon_meta) discover
[1.695s] Level 1:colcon.colcon_core.package_discovery:discover_packages(recursive) discover
[1.695s] INFO:colcon.colcon_core.package_discovery:Crawling recursively for packages in '/home/cam/GitHub/autonomy_2022_23/aruco_detection/ros2_ws'
[1.696s] Level 1:colcon.colcon_core.package_identification:_identify(.) by extensions ['ignore', 'ignore_ament_install']
[1.696s] Level 1:colcon.colcon_core.package_identification:_identify(.) by extension 'ignore'
[1.696s] Level 1:colcon.colcon_core.package_identification:_identify(.) by extension 'ignore_ament_install'
[1.697s] Level 1:colcon.colcon_core.package_identification:_identify(.) by extensions ['colcon_pkg']
[1.697s] Level 1:colcon.colcon_core.package_identification:_identify(.) by extension 'colcon_pkg'
[1.697s] Level 1:colcon.colcon_core.package_identification:_identify(.) by extensions ['colcon_meta']
[1.697s] Level 1:colcon.colcon_core.package_identification:_identify(.) by extension 'colcon_meta'
[1.698s] Level 1:colcon.colcon_core.package_identification:_identify(.) by extensions ['ros']
[1.698s] Level 1:colcon.colcon_core.package_identification:_identify(.) by extension 'ros'
[1.802s] Level 1:colcon.colcon_core.package_identification:_identify(.) by extensions ['cmake', 'python']
[1.802s] Level 1:colcon.colcon_core.package_identification:_identify(.) by extension 'cmake'
[1.802s] Level 1:colcon.colcon_core.package_identification:_identify(.) by extension 'python'
[1.803s] Level 1:colcon.colcon_core.package_identification:_identify(.) by extensions ['python_setup_py']
[1.803s] Level 1:colcon.colcon_core.package_identification:_identify(.) by extension 'python_setup_py'
[1.804s] Level 1:colcon.colcon_core.package_identification:_identify(build) by extensions ['ignore', 'ignore_ament_install']
[1.804s] Level 1:colcon.colcon_core.package_identification:_identify(build) by extension 'ignore'
[1.805s] Level 1:colcon.colcon_core.package_identification:_identify(build) ignored
[1.806s] Level 1:colcon.colcon_core.package_identification:_identify(install) by extensions ['ignore', 'ignore_ament_install']
[1.806s] Level 1:colcon.colcon_core.package_identification:_identify(install) by extension 'ignore'
[1.807s] Level 1:colcon.colcon_core.package_identification:_identify(install) ignored
[1.808s] Level 1:colcon.colcon_core.package_identification:_identify(log) by extensions ['ignore', 'ignore_ament_install']
[1.809s] Level 1:colcon.colcon_core.package_identification:_identify(log) by extension 'ignore'
[1.809s] Level 1:colcon.colcon_core.package_identification:_identify(log) ignored
[1.810s] Level 1:colcon.colcon_core.package_identification:_identify(src) by extensions ['ignore', 'ignore_ament_install']
[1.810s] Level 1:colcon.colcon_core.package_identification:_identify(src) by extension 'ignore'
[1.811s] Level 1:colcon.colcon_core.package_identification:_identify(src) by extension 'ignore_ament_install'
[1.811s] Level 1:colcon.colcon_core.package_identification:_identify(src) by extensions ['colcon_pkg']
[1.811s] Level 1:colcon.colcon_core.package_identification:_identify(src) by extension 'colcon_pkg'
[1.811s] Level 1:colcon.colcon_core.package_identification:_identify(src) by extensions ['colcon_meta']
[1.812s] Level 1:colcon.colcon_core.package_identification:_identify(src) by extension 'colcon_meta'
[1.812s] Level 1:colcon.colcon_core.package_identification:_identify(src) by extensions ['ros']
[1.812s] Level 1:colcon.colcon_core.package_identification:_identify(src) by extension 'ros'
[1.813s] Level 1:colcon.colcon_core.package_identification:_identify(src) by extensions ['cmake', 'python']
[1.813s] Level 1:colcon.colcon_core.package_identification:_identify(src) by extension 'cmake'
[1.813s] Level 1:colcon.colcon_core.package_identification:_identify(src) by extension 'python'
[1.814s] Level 1:colcon.colcon_core.package_identification:_identify(src) by extensions ['python_setup_py']
[1.814s] Level 1:colcon.colcon_core.package_identification:_identify(src) by extension 'python_setup_py'
[1.815s] Level 1:colcon.colcon_core.package_identification:_identify(src/tag_detection) by extensions ['ignore', 'ignore_ament_install']
[1.815s] Level 1:colcon.colcon_core.package_identification:_identify(src/tag_detection) by extension 'ignore'
[1.816s] Level 1:colcon.colcon_core.package_identification:_identify(src/tag_detection) by extension 'ignore_ament_install'
[1.816s] Level 1:colcon.colcon_core.package_identification:_identify(src/tag_detection) by extensions ['colcon_pkg']
[1.816s] Level 1:colcon.colcon_core.package_identification:_identify(src/tag_detection) by extension 'colcon_pkg'
[1.817s] Level 1:colcon.colcon_core.package_identification:_identify(src/tag_detection) by extensions ['colcon_meta']
[1.817s] Level 1:colcon.colcon_core.package_identification:_identify(src/tag_detection) by extension 'colcon_meta'
[1.818s] Level 1:colcon.colcon_core.package_identification:_identify(src/tag_detection) by extensions ['ros']
[1.818s] Level 1:colcon.colcon_core.package_identification:_identify(src/tag_detection) by extension 'ros'
[1.831s] DEBUG:colcon.colcon_core.package_identification:Package 'src/tag_detection' with type 'ros.ament_python' and name 'tag_detection'
[1.833s] Level 1:colcon.colcon_core.package_identification:_identify(src/tag_interface) by extensions ['ignore', 'ignore_ament_install']
[1.833s] Level 1:colcon.colcon_core.package_identification:_identify(src/tag_interface) by extension 'ignore'
[1.835s] Level 1:colcon.colcon_core.package_identification:_identify(src/tag_interface) by extension 'ignore_ament_install'
[1.836s] Level 1:colcon.colcon_core.package_identification:_identify(src/tag_interface) by extensions ['colcon_pkg']
[1.836s] Level 1:colcon.colcon_core.package_identification:_identify(src/tag_interface) by extension 'colcon_pkg'
[1.837s] Level 1:colcon.colcon_core.package_identification:_identify(src/tag_interface) by extensions ['colcon_meta']
[1.837s] Level 1:colcon.colcon_core.package_identification:_identify(src/tag_interface) by extension 'colcon_meta'
[1.838s] Level 1:colcon.colcon_core.package_identification:_identify(src/tag_interface) by extensions ['ros']
[1.838s] Level 1:colcon.colcon_core.package_identification:_identify(src/tag_interface) by extension 'ros'
[1.842s] DEBUG:colcon.colcon_core.package_identification:Package 'src/tag_interface' with type 'ros.ament_cmake' and name 'tag_interface'
[1.842s] Level 1:colcon.colcon_core.package_discovery:discover_packages(recursive) using defaults
[1.843s] Level 1:colcon.colcon_core.package_discovery:discover_packages(ignore) discover
[1.843s] Level 1:colcon.colcon_core.package_discovery:discover_packages(ignore) using defaults
[1.843s] Level 1:colcon.colcon_core.package_discovery:discover_packages(path) discover
[1.844s] Level 1:colcon.colcon_core.package_discovery:discover_packages(path) using defaults
[1.960s] INFO:colcon.colcon_core.package_selection:Skipping not selected package 'tag_interface' in 'src/tag_interface'
[1.964s] Level 1:colcon.colcon_core.package_discovery:discover_packages(prefix_path) check parameters
[1.965s] Level 1:colcon.colcon_core.package_discovery:discover_packages(prefix_path) discover
[1.987s] DEBUG:colcon.colcon_installed_package_information.package_discovery:Found 270 installed packages in /opt/ros/humble
[1.995s] Level 1:colcon.colcon_core.package_discovery:discover_packages(prefix_path) using defaults
[2.320s] Level 5:colcon.colcon_core.verb:set package 'tag_detection' build argument 'cmake_args' from command line to 'None'
[2.321s] Level 5:colcon.colcon_core.verb:set package 'tag_detection' build argument 'cmake_target' from command line to 'None'
[2.321s] Level 5:colcon.colcon_core.verb:set package 'tag_detection' build argument 'cmake_target_skip_unavailable' from command line to 'False'
[2.321s] Level 5:colcon.colcon_core.verb:set package 'tag_detection' build argument 'cmake_clean_cache' from command line to 'False'
[2.321s] Level 5:colcon.colcon_core.verb:set package 'tag_detection' build argument 'cmake_clean_first' from command line to 'False'
[2.321s] Level 5:colcon.colcon_core.verb:set package 'tag_detection' build argument 'cmake_force_configure' from command line to 'False'
[2.321s] Level 5:colcon.colcon_core.verb:set package 'tag_detection' build argument 'ament_cmake_args' from command line to 'None'
[2.322s] Level 5:colcon.colcon_core.verb:set package 'tag_detection' build argument 'catkin_cmake_args' from command line to 'None'
[2.322s] Level 5:colcon.colcon_core.verb:set package 'tag_detection' build argument 'catkin_skip_building_tests' from command line to 'False'
[2.322s] DEBUG:colcon.colcon_core.verb:Building package 'tag_detection' with the following arguments: {'ament_cmake_args': None, 'build_base': '/home/cam/GitHub/autonomy_2022_23/aruco_detection/ros2_ws/build/tag_detection', 'catkin_cmake_args': None, 'catkin_skip_building_tests': False, 'cmake_args': None, 'cmake_clean_cache': False, 'cmake_clean_first': False, 'cmake_force_configure': False, 'cmake_target': None, 'cmake_target_skip_unavailable': False, 'install_base': '/home/cam/GitHub/autonomy_2022_23/aruco_detection/ros2_ws/install/tag_detection', 'merge_install': False, 'path': '/home/cam/GitHub/autonomy_2022_23/aruco_detection/ros2_ws/src/tag_detection', 'symlink_install': False, 'test_result_base': None}
[2.325s] INFO:colcon.colcon_core.executor:Executing jobs using 'parallel' executor
[2.340s] DEBUG:colcon.colcon_parallel_executor.executor.parallel:run_until_complete
[2.342s] INFO:colcon.colcon_ros.task.ament_python.build:Building ROS package in '/home/cam/GitHub/autonomy_2022_23/aruco_detection/ros2_ws/src/tag_detection' with build type 'ament_python'
[2.343s] Level 1:colcon.colcon_core.shell:create_environment_hook('tag_detection', 'ament_prefix_path')
[2.370s] INFO:colcon.colcon_core.plugin_system:Skipping extension 'colcon_core.shell.bat': Not used on non-Windows systems
[2.372s] INFO:colcon.colcon_core.shell:Creating environment hook '/home/cam/GitHub/autonomy_2022_23/aruco_detection/ros2_ws/install/tag_detection/share/tag_detection/hook/ament_prefix_path.ps1'
[2.375s] INFO:colcon.colcon_core.shell:Creating environment descriptor '/home/cam/GitHub/autonomy_2022_23/aruco_detection/ros2_ws/install/tag_detection/share/tag_detection/hook/ament_prefix_path.dsv'
[2.379s] INFO:colcon.colcon_core.shell:Creating environment hook '/home/cam/GitHub/autonomy_2022_23/aruco_detection/ros2_ws/install/tag_detection/share/tag_detection/hook/ament_prefix_path.sh'
[2.389s] INFO:colcon.colcon_core.shell:Skip shell extension 'powershell' for command environment: Not usable outside of PowerShell
[2.390s] DEBUG:colcon.colcon_core.shell:Skip shell extension 'dsv' for command environment
[3.782s] INFO:colcon.colcon_core.task.python.build:Building Python package in '/home/cam/GitHub/autonomy_2022_23/aruco_detection/ros2_ws/src/tag_detection'
[3.789s] INFO:colcon.colcon_core.shell:Skip shell extension 'powershell' for command environment: Not usable outside of PowerShell
[3.790s] DEBUG:colcon.colcon_core.shell:Skip shell extension 'dsv' for command environment
[5.571s] DEBUG:colcon.colcon_core.event_handler.log_command:Invoking command in '/home/cam/GitHub/autonomy_2022_23/aruco_detection/ros2_ws/src/tag_detection': AMENT_PREFIX_PATH=/home/cam/GitHub/autonomy_2022_23/aruco_detection/ros2_ws/install/tag_interface:${AMENT_PREFIX_PATH} CMAKE_PREFIX_PATH=/home/cam/GitHub/autonomy_2022_23/aruco_detection/ros2_ws/install/tag_interface LD_LIBRARY_PATH=/home/cam/GitHub/autonomy_2022_23/aruco_detection/ros2_ws/install/tag_interface/lib:${LD_LIBRARY_PATH} PYTHONPATH=/home/cam/GitHub/autonomy_2022_23/aruco_detection/ros2_ws/build/tag_detection/prefix_override:/home/cam/GitHub/autonomy_2022_23/aruco_detection/ros2_ws/install/tag_detection/lib/python3.10/site-packages:/home/cam/GitHub/autonomy_2022_23/aruco_detection/ros2_ws/install/tag_interface/local/lib/python3.10/dist-packages:${PYTHONPATH} /usr/bin/python3 setup.py egg_info --egg-base ../../build/tag_detection build --build-base /home/cam/GitHub/autonomy_2022_23/aruco_detection/ros2_ws/build/tag_detection/build install --record /home/cam/GitHub/autonomy_2022_23/aruco_detection/ros2_ws/build/tag_detection/install.log --single-version-externally-managed
[7.139s] DEBUG:colcon.colcon_core.event_handler.log_command:Invoked command in '/home/cam/GitHub/autonomy_2022_23/aruco_detection/ros2_ws/src/tag_detection' returned '0': AMENT_PREFIX_PATH=/home/cam/GitHub/autonomy_2022_23/aruco_detection/ros2_ws/install/tag_interface:${AMENT_PREFIX_PATH} CMAKE_PREFIX_PATH=/home/cam/GitHub/autonomy_2022_23/aruco_detection/ros2_ws/install/tag_interface LD_LIBRARY_PATH=/home/cam/GitHub/autonomy_2022_23/aruco_detection/ros2_ws/install/tag_interface/lib:${LD_LIBRARY_PATH} PYTHONPATH=/home/cam/GitHub/autonomy_2022_23/aruco_detection/ros2_ws/build/tag_detection/prefix_override:/home/cam/GitHub/autonomy_2022_23/aruco_detection/ros2_ws/install/tag_detection/lib/python3.10/site-packages:/home/cam/GitHub/autonomy_2022_23/aruco_detection/ros2_ws/install/tag_interface/local/lib/python3.10/dist-packages:${PYTHONPATH} /usr/bin/python3 setup.py egg_info --egg-base ../../build/tag_detection build --build-base /home/cam/GitHub/autonomy_2022_23/aruco_detection/ros2_ws/build/tag_detection/build install --record /home/cam/GitHub/autonomy_2022_23/aruco_detection/ros2_ws/build/tag_detection/install.log --single-version-externally-managed
[7.162s] Level 1:colcon.colcon_core.environment:checking '/home/cam/GitHub/autonomy_2022_23/aruco_detection/ros2_ws/install/tag_detection' for CMake module files
[7.165s] Level 1:colcon.colcon_core.environment:checking '/home/cam/GitHub/autonomy_2022_23/aruco_detection/ros2_ws/install/tag_detection' for CMake config files
[7.170s] Level 1:colcon.colcon_core.environment:checking '/home/cam/GitHub/autonomy_2022_23/aruco_detection/ros2_ws/install/tag_detection/lib'
[7.171s] Level 1:colcon.colcon_core.environment:checking '/home/cam/GitHub/autonomy_2022_23/aruco_detection/ros2_ws/install/tag_detection/bin'
[7.171s] Level 1:colcon.colcon_core.environment:checking '/home/cam/GitHub/autonomy_2022_23/aruco_detection/ros2_ws/install/tag_detection/lib/pkgconfig/tag_detection.pc'
[7.172s] Level 1:colcon.colcon_core.environment:checking '/home/cam/GitHub/autonomy_2022_23/aruco_detection/ros2_ws/install/tag_detection/lib/python3.10/site-packages'
[7.173s] Level 1:colcon.colcon_core.shell:create_environment_hook('tag_detection', 'pythonpath')
[7.179s] INFO:colcon.colcon_core.shell:Creating environment hook '/home/cam/GitHub/autonomy_2022_23/aruco_detection/ros2_ws/install/tag_detection/share/tag_detection/hook/pythonpath.ps1'
[7.181s] INFO:colcon.colcon_core.shell:Creating environment descriptor '/home/cam/GitHub/autonomy_2022_23/aruco_detection/ros2_ws/install/tag_detection/share/tag_detection/hook/pythonpath.dsv'
[7.183s] INFO:colcon.colcon_core.shell:Creating environment hook '/home/cam/GitHub/autonomy_2022_23/aruco_detection/ros2_ws/install/tag_detection/share/tag_detection/hook/pythonpath.sh'
[7.187s] Level 1:colcon.colcon_core.environment:checking '/home/cam/GitHub/autonomy_2022_23/aruco_detection/ros2_ws/install/tag_detection/bin'
[7.188s] Level 1:colcon.colcon_core.environment:create_environment_scripts_only(tag_detection)
[7.194s] INFO:colcon.colcon_core.shell:Creating package script '/home/cam/GitHub/autonomy_2022_23/aruco_detection/ros2_ws/install/tag_detection/share/tag_detection/package.ps1'
[7.199s] INFO:colcon.colcon_core.shell:Creating package descriptor '/home/cam/GitHub/autonomy_2022_23/aruco_detection/ros2_ws/install/tag_detection/share/tag_detection/package.dsv'
[7.202s] INFO:colcon.colcon_core.shell:Creating package script '/home/cam/GitHub/autonomy_2022_23/aruco_detection/ros2_ws/install/tag_detection/share/tag_detection/package.sh'
[7.206s] INFO:colcon.colcon_core.shell:Creating package script '/home/cam/GitHub/autonomy_2022_23/aruco_detection/ros2_ws/install/tag_detection/share/tag_detection/package.bash'
[7.210s] INFO:colcon.colcon_core.shell:Creating package script '/home/cam/GitHub/autonomy_2022_23/aruco_detection/ros2_ws/install/tag_detection/share/tag_detection/package.zsh'
[7.214s] Level 1:colcon.colcon_core.environment:create_file_with_runtime_dependencies(/home/cam/GitHub/autonomy_2022_23/aruco_detection/ros2_ws/install/tag_detection/share/colcon-core/packages/tag_detection)
[7.216s] DEBUG:colcon.colcon_parallel_executor.executor.parallel:closing loop
[7.217s] DEBUG:colcon.colcon_parallel_executor.executor.parallel:loop closed
[7.218s] DEBUG:colcon.colcon_parallel_executor.executor.parallel:run_until_complete finished with '0'
[7.218s] DEBUG:colcon.colcon_core.event_reactor:joining thread
[7.246s] INFO:colcon.colcon_core.plugin_system:Skipping extension 'colcon_notification.desktop_notification.terminal_notifier': Not used on non-Darwin systems
[7.247s] INFO:colcon.colcon_core.plugin_system:Skipping extension 'colcon_notification.desktop_notification.win32': Not used on non-Windows systems
[7.247s] INFO:colcon.colcon_notification.desktop_notification:Sending desktop notification using 'notify2'
[7.314s] DEBUG:colcon.colcon_core.event_reactor:joined thread
[7.322s] INFO:colcon.colcon_core.shell:Creating prefix script '/home/cam/GitHub/autonomy_2022_23/aruco_detection/ros2_ws/install/local_setup.ps1'
[7.327s] INFO:colcon.colcon_core.shell:Creating prefix util module '/home/cam/GitHub/autonomy_2022_23/aruco_detection/ros2_ws/install/_local_setup_util_ps1.py'
[7.334s] INFO:colcon.colcon_core.shell:Creating prefix chain script '/home/cam/GitHub/autonomy_2022_23/aruco_detection/ros2_ws/install/setup.ps1'
[7.342s] INFO:colcon.colcon_core.shell:Creating prefix script '/home/cam/GitHub/autonomy_2022_23/aruco_detection/ros2_ws/install/local_setup.sh'
[7.346s] INFO:colcon.colcon_core.shell:Creating prefix util module '/home/cam/GitHub/autonomy_2022_23/aruco_detection/ros2_ws/install/_local_setup_util_sh.py'
[7.349s] INFO:colcon.colcon_core.shell:Creating prefix chain script '/home/cam/GitHub/autonomy_2022_23/aruco_detection/ros2_ws/install/setup.sh'
[7.356s] INFO:colcon.colcon_core.shell:Creating prefix script '/home/cam/GitHub/autonomy_2022_23/aruco_detection/ros2_ws/install/local_setup.bash'
[7.359s] INFO:colcon.colcon_core.shell:Creating prefix chain script '/home/cam/GitHub/autonomy_2022_23/aruco_detection/ros2_ws/install/setup.bash'
[7.366s] INFO:colcon.colcon_core.shell:Creating prefix script '/home/cam/GitHub/autonomy_2022_23/aruco_detection/ros2_ws/install/local_setup.zsh'
[7.369s] INFO:colcon.colcon_core.shell:Creating prefix chain script '/home/cam/GitHub/autonomy_2022_23/aruco_detection/ros2_ws/install/setup.zsh'
