[0.073s] Invoking command in '/home/cam/GitHub/autonomy_2022_23/aruco_detection/ros2_ws/build/tag_detector': CMAKE_PREFIX_PATH=/opt/ros/humble /usr/bin/cmake --build /home/cam/GitHub/autonomy_2022_23/aruco_detection/ros2_ws/build/tag_detector -- -j4 -l4
[0.325s] Built target ament_cmake_python_copy_tag_detector
[1.528s] running egg_info
[1.531s] writing tag_detector.egg-info/PKG-INFO
[1.533s] writing dependency_links to tag_detector.egg-info/dependency_links.txt
[1.534s] writing top-level names to tag_detector.egg-info/top_level.txt
[1.545s] reading manifest file 'tag_detector.egg-info/SOURCES.txt'
[1.547s] writing manifest file 'tag_detector.egg-info/SOURCES.txt'
[1.679s] Built target ament_cmake_python_build_tag_detector_egg
[1.720s] Invoked command in '/home/cam/GitHub/autonomy_2022_23/aruco_detection/ros2_ws/build/tag_detector' returned '0': CMAKE_PREFIX_PATH=/opt/ros/humble /usr/bin/cmake --build /home/cam/GitHub/autonomy_2022_23/aruco_detection/ros2_ws/build/tag_detector -- -j4 -l4
[1.892s] Invoking command in '/home/cam/GitHub/autonomy_2022_23/aruco_detection/ros2_ws/build/tag_detector': CMAKE_PREFIX_PATH=/opt/ros/humble /usr/bin/cmake --install /home/cam/GitHub/autonomy_2022_23/aruco_detection/ros2_ws/build/tag_detector
[1.922s] -- Install configuration: ""
[1.922s] -- Up-to-date: /home/cam/GitHub/autonomy_2022_23/aruco_detection/ros2_ws/install/tag_detector/share/tag_detector/environment/pythonpath.sh
[1.923s] -- Up-to-date: /home/cam/GitHub/autonomy_2022_23/aruco_detection/ros2_ws/install/tag_detector/share/tag_detector/environment/pythonpath.dsv
[1.923s] -- Up-to-date: /home/cam/GitHub/autonomy_2022_23/aruco_detection/ros2_ws/install/tag_detector/local/lib/python3.10/dist-packages/tag_detector-0.0.0-py3.10.egg-info
[1.924s] -- Installing: /home/cam/GitHub/autonomy_2022_23/aruco_detection/ros2_ws/install/tag_detector/local/lib/python3.10/dist-packages/tag_detector-0.0.0-py3.10.egg-info/PKG-INFO
[1.926s] -- Installing: /home/cam/GitHub/autonomy_2022_23/aruco_detection/ros2_ws/install/tag_detector/local/lib/python3.10/dist-packages/tag_detector-0.0.0-py3.10.egg-info/top_level.txt
[1.927s] -- Installing: /home/cam/GitHub/autonomy_2022_23/aruco_detection/ros2_ws/install/tag_detector/local/lib/python3.10/dist-packages/tag_detector-0.0.0-py3.10.egg-info/SOURCES.txt
[1.929s] -- Installing: /home/cam/GitHub/autonomy_2022_23/aruco_detection/ros2_ws/install/tag_detector/local/lib/python3.10/dist-packages/tag_detector-0.0.0-py3.10.egg-info/dependency_links.txt
[1.931s] -- Up-to-date: /home/cam/GitHub/autonomy_2022_23/aruco_detection/ros2_ws/install/tag_detector/local/lib/python3.10/dist-packages/tag_detector
[1.931s] -- Up-to-date: /home/cam/GitHub/autonomy_2022_23/aruco_detection/ros2_ws/install/tag_detector/local/lib/python3.10/dist-packages/tag_detector/__init__.py
[1.932s] -- Up-to-date: /home/cam/GitHub/autonomy_2022_23/aruco_detection/ros2_ws/install/tag_detector/local/lib/python3.10/dist-packages/tag_detector/module_to_import.py
[2.080s] Listing '/home/cam/GitHub/autonomy_2022_23/aruco_detection/ros2_ws/install/tag_detector/local/lib/python3.10/dist-packages/tag_detector'...
[2.103s] -- Installing: /home/cam/GitHub/autonomy_2022_23/aruco_detection/ros2_ws/install/tag_detector/lib/tag_detector/detect_tag.py
[2.104s] -- Up-to-date: /home/cam/GitHub/autonomy_2022_23/aruco_detection/ros2_ws/install/tag_detector/share/ament_index/resource_index/package_run_dependencies/tag_detector
[2.105s] -- Up-to-date: /home/cam/GitHub/autonomy_2022_23/aruco_detection/ros2_ws/install/tag_detector/share/ament_index/resource_index/parent_prefix_path/tag_detector
[2.106s] -- Up-to-date: /home/cam/GitHub/autonomy_2022_23/aruco_detection/ros2_ws/install/tag_detector/share/tag_detector/environment/ament_prefix_path.sh
[2.106s] -- Up-to-date: /home/cam/GitHub/autonomy_2022_23/aruco_detection/ros2_ws/install/tag_detector/share/tag_detector/environment/ament_prefix_path.dsv
[2.107s] -- Up-to-date: /home/cam/GitHub/autonomy_2022_23/aruco_detection/ros2_ws/install/tag_detector/share/tag_detector/environment/path.sh
[2.107s] -- Up-to-date: /home/cam/GitHub/autonomy_2022_23/aruco_detection/ros2_ws/install/tag_detector/share/tag_detector/environment/path.dsv
[2.108s] -- Up-to-date: /home/cam/GitHub/autonomy_2022_23/aruco_detection/ros2_ws/install/tag_detector/share/tag_detector/local_setup.bash
[2.108s] -- Up-to-date: /home/cam/GitHub/autonomy_2022_23/aruco_detection/ros2_ws/install/tag_detector/share/tag_detector/local_setup.sh
[2.111s] -- Up-to-date: /home/cam/GitHub/autonomy_2022_23/aruco_detection/ros2_ws/install/tag_detector/share/tag_detector/local_setup.zsh
[2.112s] -- Up-to-date: /home/cam/GitHub/autonomy_2022_23/aruco_detection/ros2_ws/install/tag_detector/share/tag_detector/local_setup.dsv
[2.112s] -- Installing: /home/cam/GitHub/autonomy_2022_23/aruco_detection/ros2_ws/install/tag_detector/share/tag_detector/package.dsv
[2.113s] -- Up-to-date: /home/cam/GitHub/autonomy_2022_23/aruco_detection/ros2_ws/install/tag_detector/share/ament_index/resource_index/packages/tag_detector
[2.114s] -- Up-to-date: /home/cam/GitHub/autonomy_2022_23/aruco_detection/ros2_ws/install/tag_detector/share/tag_detector/cmake/tag_detectorConfig.cmake
[2.114s] -- Up-to-date: /home/cam/GitHub/autonomy_2022_23/aruco_detection/ros2_ws/install/tag_detector/share/tag_detector/cmake/tag_detectorConfig-version.cmake
[2.115s] -- Up-to-date: /home/cam/GitHub/autonomy_2022_23/aruco_detection/ros2_ws/install/tag_detector/share/tag_detector/package.xml
[2.122s] Invoked command in '/home/cam/GitHub/autonomy_2022_23/aruco_detection/ros2_ws/build/tag_detector' returned '0': CMAKE_PREFIX_PATH=/opt/ros/humble /usr/bin/cmake --install /home/cam/GitHub/autonomy_2022_23/aruco_detection/ros2_ws/build/tag_detector
