[3.018s] Invoking command in '/home/cam/GitHub/autonomy_2022_23/aruco_detection/ros2_ws/src/tag_detection': AMENT_PREFIX_PATH=/home/cam/GitHub/autonomy_2022_23/aruco_detection/ros2_ws/install/tag_interface:${AMENT_PREFIX_PATH} CMAKE_PREFIX_PATH=/home/cam/GitHub/autonomy_2022_23/aruco_detection/ros2_ws/install/tag_interface LD_LIBRARY_PATH=/home/cam/GitHub/autonomy_2022_23/aruco_detection/ros2_ws/install/tag_interface/lib:${LD_LIBRARY_PATH} PYTHONPATH=/home/cam/GitHub/autonomy_2022_23/aruco_detection/ros2_ws/build/tag_detection/prefix_override:/home/cam/GitHub/autonomy_2022_23/aruco_detection/ros2_ws/install/tag_detection/lib/python3.10/site-packages:/home/cam/GitHub/autonomy_2022_23/aruco_detection/ros2_ws/install/tag_interface/local/lib/python3.10/dist-packages:${PYTHONPATH} /usr/bin/python3 setup.py egg_info --egg-base ../../build/tag_detection build --build-base /home/cam/GitHub/autonomy_2022_23/aruco_detection/ros2_ws/build/tag_detection/build install --record /home/cam/GitHub/autonomy_2022_23/aruco_detection/ros2_ws/build/tag_detection/install.log --single-version-externally-managed
[4.235s] running egg_info
[4.238s] writing ../../build/tag_detection/tag_detection.egg-info/PKG-INFO
[4.239s] writing dependency_links to ../../build/tag_detection/tag_detection.egg-info/dependency_links.txt
[4.240s] writing entry points to ../../build/tag_detection/tag_detection.egg-info/entry_points.txt
[4.241s] writing requirements to ../../build/tag_detection/tag_detection.egg-info/requires.txt
[4.241s] writing top-level names to ../../build/tag_detection/tag_detection.egg-info/top_level.txt
[4.250s] reading manifest file '../../build/tag_detection/tag_detection.egg-info/SOURCES.txt'
[4.256s] writing manifest file '../../build/tag_detection/tag_detection.egg-info/SOURCES.txt'
[4.256s] running build
[4.257s] running build_py
[4.258s] copying tag_detection/tag_detector.py -> /home/cam/GitHub/autonomy_2022_23/aruco_detection/ros2_ws/build/tag_detection/build/lib/tag_detection
[4.261s] running install
[4.261s] /usr/lib/python3/dist-packages/setuptools/command/install.py:34: SetuptoolsDeprecationWarning: setup.py install is deprecated. Use build and pip and other standards-based tools.
[4.262s]   warnings.warn(
[4.263s] running install_lib
[4.267s] copying /home/cam/GitHub/autonomy_2022_23/aruco_detection/ros2_ws/build/tag_detection/build/lib/tag_detection/tag_detector.py -> /home/cam/GitHub/autonomy_2022_23/aruco_detection/ros2_ws/install/tag_detection/lib/python3.10/site-packages/tag_detection
[4.271s] byte-compiling /home/cam/GitHub/autonomy_2022_23/aruco_detection/ros2_ws/install/tag_detection/lib/python3.10/site-packages/tag_detection/tag_detector.py to tag_detector.cpython-310.pyc
[4.278s] running install_data
[4.281s] running install_egg_info
[4.287s] removing '/home/cam/GitHub/autonomy_2022_23/aruco_detection/ros2_ws/install/tag_detection/lib/python3.10/site-packages/tag_detection-0.0.0-py3.10.egg-info' (and everything under it)
[4.289s] Copying ../../build/tag_detection/tag_detection.egg-info to /home/cam/GitHub/autonomy_2022_23/aruco_detection/ros2_ws/install/tag_detection/lib/python3.10/site-packages/tag_detection-0.0.0-py3.10.egg-info
[4.296s] running install_scripts
[4.384s] Installing detect_tag script to /home/cam/GitHub/autonomy_2022_23/aruco_detection/ros2_ws/install/tag_detection/lib/tag_detection
[4.385s] Installing subscribe_tag script to /home/cam/GitHub/autonomy_2022_23/aruco_detection/ros2_ws/install/tag_detection/lib/tag_detection
[4.387s] writing list of installed files to '/home/cam/GitHub/autonomy_2022_23/aruco_detection/ros2_ws/build/tag_detection/install.log'
[4.504s] Invoked command in '/home/cam/GitHub/autonomy_2022_23/aruco_detection/ros2_ws/src/tag_detection' returned '0': AMENT_PREFIX_PATH=/home/cam/GitHub/autonomy_2022_23/aruco_detection/ros2_ws/install/tag_interface:${AMENT_PREFIX_PATH} CMAKE_PREFIX_PATH=/home/cam/GitHub/autonomy_2022_23/aruco_detection/ros2_ws/install/tag_interface LD_LIBRARY_PATH=/home/cam/GitHub/autonomy_2022_23/aruco_detection/ros2_ws/install/tag_interface/lib:${LD_LIBRARY_PATH} PYTHONPATH=/home/cam/GitHub/autonomy_2022_23/aruco_detection/ros2_ws/build/tag_detection/prefix_override:/home/cam/GitHub/autonomy_2022_23/aruco_detection/ros2_ws/install/tag_detection/lib/python3.10/site-packages:/home/cam/GitHub/autonomy_2022_23/aruco_detection/ros2_ws/install/tag_interface/local/lib/python3.10/dist-packages:${PYTHONPATH} /usr/bin/python3 setup.py egg_info --egg-base ../../build/tag_detection build --build-base /home/cam/GitHub/autonomy_2022_23/aruco_detection/ros2_ws/build/tag_detection/build install --record /home/cam/GitHub/autonomy_2022_23/aruco_detection/ros2_ws/build/tag_detection/install.log --single-version-externally-managed
