[0.077s] Invoking command in '/home/cam/GitHub/autonomy_2022_23/aruco_detection/ros2_ws/build/tag_interface': CMAKE_PREFIX_PATH=/opt/ros/humble /usr/bin/cmake --build /home/cam/GitHub/autonomy_2022_23/aruco_detection/ros2_ws/build/tag_interface -- -j4 -l4
[0.183s] -- Found ament_cmake: 1.3.3 (/opt/ros/humble/share/ament_cmake/cmake)
[0.895s] -- Found rosidl_default_generators: 1.2.0 (/opt/ros/humble/share/rosidl_default_generators/cmake)
[0.903s] -- Using all available rosidl_typesupport_c: rosidl_typesupport_fastrtps_c;rosidl_typesupport_introspection_c
[0.916s] -- Found rosidl_adapter: 3.1.4 (/opt/ros/humble/share/rosidl_adapter/cmake)
[1.123s] -- Using all available rosidl_typesupport_cpp: rosidl_typesupport_fastrtps_cpp;rosidl_typesupport_introspection_cpp
[1.254s] -- Found ament_lint_auto: 0.12.4 (/opt/ros/humble/share/ament_lint_auto/cmake)
[2.489s] -- Found ament_cmake_ros: 0.10.0 (/opt/ros/humble/share/ament_cmake_ros/cmake)
[3.389s] -- Using all available rosidl_typesupport_c: rosidl_typesupport_fastrtps_c;rosidl_typesupport_introspection_c
[4.575s] -- Using all available rosidl_typesupport_cpp: rosidl_typesupport_fastrtps_cpp;rosidl_typesupport_introspection_cpp
[4.689s] -- Found python_cmake_module: 0.10.0 (/opt/ros/humble/share/python_cmake_module/cmake)
[4.806s] -- Using PYTHON_EXECUTABLE: /usr/bin/python3
[4.806s] -- Using PYTHON_INCLUDE_DIRS: /usr/include/python3.10
[4.806s] -- Using PYTHON_LIBRARIES: /usr/lib/aarch64-linux-gnu/libpython3.10.so
[4.880s] -- Added test 'lint_cmake' to check CMake code style
[4.891s] -- Added test 'xmllint' to check XML markup files
[4.916s] -- Configuring done
[5.130s] -- Generating done
[5.154s] -- Build files have been written to: /home/cam/GitHub/autonomy_2022_23/aruco_detection/ros2_ws/build/tag_interface
[5.269s] [  2%] [34m[1mGenerating C code for ROS interfaces[0m
[5.317s] [  5%] [34m[1mGenerating C++ code for ROS interfaces[0m
[5.374s] [  5%] Built target ament_cmake_python_copy_tag_interface
[6.984s] running egg_info
[6.989s] writing tag_interface.egg-info/PKG-INFO
[6.990s] writing dependency_links to tag_interface.egg-info/dependency_links.txt
[6.991s] writing top-level names to tag_interface.egg-info/top_level.txt
[7.008s] reading manifest file 'tag_interface.egg-info/SOURCES.txt'
[7.012s] writing manifest file 'tag_interface.egg-info/SOURCES.txt'
[7.150s] [  5%] Built target tag_interface__cpp
[7.167s] [35m[1mConsolidate compiler generated dependencies of target tag_interface__rosidl_generator_c[0m
[7.186s] [  5%] Built target ament_cmake_python_build_tag_interface_egg
[7.201s] [  7%] [34m[1mGenerating C++ type support dispatch for ROS interfaces[0m
[7.205s] [ 10%] [34m[1mGenerating C++ type support for eProsima Fast-RTPS[0m
[7.247s] [ 12%] [32mBuilding C object CMakeFiles/tag_interface__rosidl_generator_c.dir/rosidl_generator_c/tag_interface/msg/detail/coordinate__functions.c.o[0m
[7.251s] [ 15%] [34m[1mGenerating C++ introspection for ROS interfaces[0m
[7.637s] [ 17%] [32mBuilding C object CMakeFiles/tag_interface__rosidl_generator_c.dir/rosidl_generator_c/tag_interface/msg/detail/tag__functions.c.o[0m
[7.960s] [ 20%] [32m[1mLinking C shared library libtag_interface__rosidl_generator_c.so[0m
[8.172s] [ 20%] Built target tag_interface__rosidl_generator_c
[8.226s] [ 23%] [34m[1mGenerating C type support for eProsima Fast-RTPS[0m
[8.709s] [35m[1mConsolidate compiler generated dependencies of target tag_interface__rosidl_typesupport_cpp[0m
[8.799s] [ 25%] [32mBuilding CXX object CMakeFiles/tag_interface__rosidl_typesupport_cpp.dir/rosidl_typesupport_cpp/tag_interface/msg/coordinate__type_support.cpp.o[0m
[9.090s] [35m[1mConsolidate compiler generated dependencies of target tag_interface__rosidl_typesupport_introspection_cpp[0m
[9.143s] [35m[1mConsolidate compiler generated dependencies of target tag_interface__rosidl_typesupport_fastrtps_cpp[0m
[9.219s] [ 28%] [32mBuilding CXX object CMakeFiles/tag_interface__rosidl_typesupport_fastrtps_cpp.dir/rosidl_typesupport_fastrtps_cpp/tag_interface/msg/detail/dds_fastrtps/coordinate__type_support.cpp.o[0m
[9.224s] [ 30%] [32mBuilding CXX object CMakeFiles/tag_interface__rosidl_typesupport_introspection_cpp.dir/rosidl_typesupport_introspection_cpp/tag_interface/msg/detail/coordinate__type_support.cpp.o[0m
[10.044s] [35m[1mConsolidate compiler generated dependencies of target tag_interface__rosidl_typesupport_fastrtps_c[0m
[10.130s] [ 33%] [32mBuilding CXX object CMakeFiles/tag_interface__rosidl_typesupport_fastrtps_c.dir/rosidl_typesupport_fastrtps_c/tag_interface/msg/detail/coordinate__type_support_c.cpp.o[0m
[10.662s] [ 35%] [32mBuilding CXX object CMakeFiles/tag_interface__rosidl_typesupport_cpp.dir/rosidl_typesupport_cpp/tag_interface/msg/tag__type_support.cpp.o[0m
[11.784s] [ 38%] [32mBuilding CXX object CMakeFiles/tag_interface__rosidl_typesupport_introspection_cpp.dir/rosidl_typesupport_introspection_cpp/tag_interface/msg/detail/tag__type_support.cpp.o[0m
[11.933s] [ 41%] [32mBuilding CXX object CMakeFiles/tag_interface__rosidl_typesupport_fastrtps_cpp.dir/rosidl_typesupport_fastrtps_cpp/tag_interface/msg/detail/dds_fastrtps/tag__type_support.cpp.o[0m
[12.391s] [ 43%] [32mBuilding CXX object CMakeFiles/tag_interface__rosidl_typesupport_fastrtps_c.dir/rosidl_typesupport_fastrtps_c/tag_interface/msg/detail/tag__type_support_c.cpp.o[0m
[12.680s] [ 46%] [32m[1mLinking CXX shared library libtag_interface__rosidl_typesupport_cpp.so[0m
[12.930s] [ 46%] Built target tag_interface__rosidl_typesupport_cpp
[12.993s] [ 48%] [34m[1mGenerating C introspection for ROS interfaces[0m
[14.823s] [ 51%] [32m[1mLinking CXX shared library libtag_interface__rosidl_typesupport_fastrtps_c.so[0m
[15.000s] [35m[1mConsolidate compiler generated dependencies of target tag_interface__rosidl_typesupport_introspection_c[0m
[15.051s] [ 53%] [32m[1mLinking CXX shared library libtag_interface__rosidl_typesupport_introspection_cpp.so[0m
[15.094s] [ 56%] [32mBuilding C object CMakeFiles/tag_interface__rosidl_typesupport_introspection_c.dir/rosidl_typesupport_introspection_c/tag_interface/msg/detail/coordinate__type_support.c.o[0m
[15.279s] [ 56%] Built target tag_interface__rosidl_typesupport_fastrtps_c
[15.339s] [ 58%] [34m[1mGenerating C type support dispatch for ROS interfaces[0m
[15.350s] [ 61%] [32mBuilding C object CMakeFiles/tag_interface__rosidl_typesupport_introspection_c.dir/rosidl_typesupport_introspection_c/tag_interface/msg/detail/tag__type_support.c.o[0m
[15.530s] [ 64%] [32m[1mLinking CXX shared library libtag_interface__rosidl_typesupport_fastrtps_cpp.so[0m
[15.560s] [ 64%] Built target tag_interface__rosidl_typesupport_introspection_cpp
[15.691s] [ 66%] [32m[1mLinking C shared library libtag_interface__rosidl_typesupport_introspection_c.so[0m
[15.878s] [ 66%] Built target tag_interface__rosidl_typesupport_introspection_c
[15.916s] [ 66%] Built target tag_interface__rosidl_typesupport_fastrtps_cpp
[16.610s] [35m[1mConsolidate compiler generated dependencies of target tag_interface__rosidl_typesupport_c[0m
[16.663s] [ 69%] [32mBuilding CXX object CMakeFiles/tag_interface__rosidl_typesupport_c.dir/rosidl_typesupport_c/tag_interface/msg/coordinate__type_support.cpp.o[0m
[16.666s] [ 71%] [32mBuilding CXX object CMakeFiles/tag_interface__rosidl_typesupport_c.dir/rosidl_typesupport_c/tag_interface/msg/tag__type_support.cpp.o[0m
[16.831s] [ 74%] [32m[1mLinking CXX shared library libtag_interface__rosidl_typesupport_c.so[0m
[17.013s] [ 74%] Built target tag_interface__rosidl_typesupport_c
[17.103s] [ 74%] Built target tag_interface
[17.199s] [ 76%] [34m[1mGenerating Python code for ROS interfaces[0m
[19.137s] [ 76%] Built target tag_interface__py
[19.185s] [35m[1mConsolidate compiler generated dependencies of target tag_interface__rosidl_generator_py[0m
[19.251s] [ 79%] [32mBuilding C object CMakeFiles/tag_interface__rosidl_generator_py.dir/rosidl_generator_py/tag_interface/msg/_coordinate_s.c.o[0m
[19.258s] [ 82%] [32mBuilding C object CMakeFiles/tag_interface__rosidl_generator_py.dir/rosidl_generator_py/tag_interface/msg/_tag_s.c.o[0m
[20.000s] [ 84%] [32m[1mLinking C shared library rosidl_generator_py/tag_interface/libtag_interface__rosidl_generator_py.so[0m
[20.197s] [ 84%] Built target tag_interface__rosidl_generator_py
[20.248s] [35m[1mConsolidate compiler generated dependencies of target tag_interface__rosidl_typesupport_fastrtps_c__pyext[0m
[20.251s] [35m[1mConsolidate compiler generated dependencies of target tag_interface__rosidl_typesupport_introspection_c__pyext[0m
[20.254s] [35m[1mConsolidate compiler generated dependencies of target tag_interface__rosidl_typesupport_c__pyext[0m
[20.319s] [ 87%] [32mBuilding C object CMakeFiles/tag_interface__rosidl_typesupport_fastrtps_c__pyext.dir/rosidl_generator_py/tag_interface/_tag_interface_s.ep.rosidl_typesupport_fastrtps_c.c.o[0m
[20.324s] [ 89%] [32mBuilding C object CMakeFiles/tag_interface__rosidl_typesupport_introspection_c__pyext.dir/rosidl_generator_py/tag_interface/_tag_interface_s.ep.rosidl_typesupport_introspection_c.c.o[0m
[20.334s] [ 92%] [32mBuilding C object CMakeFiles/tag_interface__rosidl_typesupport_c__pyext.dir/rosidl_generator_py/tag_interface/_tag_interface_s.ep.rosidl_typesupport_c.c.o[0m
[20.886s] [ 94%] [32m[1mLinking C shared library rosidl_generator_py/tag_interface/tag_interface_s__rosidl_typesupport_introspection_c.cpython-310-aarch64-linux-gnu.so[0m
[20.893s] [ 97%] [32m[1mLinking C shared library rosidl_generator_py/tag_interface/tag_interface_s__rosidl_typesupport_c.cpython-310-aarch64-linux-gnu.so[0m
[20.950s] [100%] [32m[1mLinking C shared library rosidl_generator_py/tag_interface/tag_interface_s__rosidl_typesupport_fastrtps_c.cpython-310-aarch64-linux-gnu.so[0m
[21.080s] [100%] Built target tag_interface__rosidl_typesupport_introspection_c__pyext
[21.110s] [100%] Built target tag_interface__rosidl_typesupport_c__pyext
[21.145s] [100%] Built target tag_interface__rosidl_typesupport_fastrtps_c__pyext
[21.194s] Invoked command in '/home/cam/GitHub/autonomy_2022_23/aruco_detection/ros2_ws/build/tag_interface' returned '0': CMAKE_PREFIX_PATH=/opt/ros/humble /usr/bin/cmake --build /home/cam/GitHub/autonomy_2022_23/aruco_detection/ros2_ws/build/tag_interface -- -j4 -l4
[21.708s] Invoking command in '/home/cam/GitHub/autonomy_2022_23/aruco_detection/ros2_ws/build/tag_interface': CMAKE_PREFIX_PATH=/opt/ros/humble /usr/bin/cmake --install /home/cam/GitHub/autonomy_2022_23/aruco_detection/ros2_ws/build/tag_interface
[21.743s] -- Install configuration: ""
[21.743s] -- Installing: /home/cam/GitHub/autonomy_2022_23/aruco_detection/ros2_ws/install/tag_interface/share/ament_index/resource_index/rosidl_interfaces/tag_interface
[21.745s] -- Up-to-date: /home/cam/GitHub/autonomy_2022_23/aruco_detection/ros2_ws/install/tag_interface/include/tag_interface/tag_interface
[21.746s] -- Up-to-date: /home/cam/GitHub/autonomy_2022_23/aruco_detection/ros2_ws/install/tag_interface/include/tag_interface/tag_interface/msg
[21.746s] -- Up-to-date: /home/cam/GitHub/autonomy_2022_23/aruco_detection/ros2_ws/install/tag_interface/include/tag_interface/tag_interface/msg/rosidl_generator_c__visibility_control.h
[21.746s] -- Installing: /home/cam/GitHub/autonomy_2022_23/aruco_detection/ros2_ws/install/tag_interface/include/tag_interface/tag_interface/msg/coordinate.h
[21.748s] -- Up-to-date: /home/cam/GitHub/autonomy_2022_23/aruco_detection/ros2_ws/install/tag_interface/include/tag_interface/tag_interface/msg/detail
[21.748s] -- Installing: /home/cam/GitHub/autonomy_2022_23/aruco_detection/ros2_ws/install/tag_interface/include/tag_interface/tag_interface/msg/detail/tag__type_support.h
[21.751s] -- Installing: /home/cam/GitHub/autonomy_2022_23/aruco_detection/ros2_ws/install/tag_interface/include/tag_interface/tag_interface/msg/detail/coordinate__functions.c
[21.752s] -- Installing: /home/cam/GitHub/autonomy_2022_23/aruco_detection/ros2_ws/install/tag_interface/include/tag_interface/tag_interface/msg/detail/tag__functions.h
[21.754s] -- Installing: /home/cam/GitHub/autonomy_2022_23/aruco_detection/ros2_ws/install/tag_interface/include/tag_interface/tag_interface/msg/detail/tag__struct.h
[21.755s] -- Installing: /home/cam/GitHub/autonomy_2022_23/aruco_detection/ros2_ws/install/tag_interface/include/tag_interface/tag_interface/msg/detail/coordinate__type_support.h
[21.757s] -- Installing: /home/cam/GitHub/autonomy_2022_23/aruco_detection/ros2_ws/install/tag_interface/include/tag_interface/tag_interface/msg/detail/tag__functions.c
[21.758s] -- Installing: /home/cam/GitHub/autonomy_2022_23/aruco_detection/ros2_ws/install/tag_interface/include/tag_interface/tag_interface/msg/detail/coordinate__functions.h
[21.760s] -- Installing: /home/cam/GitHub/autonomy_2022_23/aruco_detection/ros2_ws/install/tag_interface/include/tag_interface/tag_interface/msg/detail/coordinate__struct.h
[21.761s] -- Installing: /home/cam/GitHub/autonomy_2022_23/aruco_detection/ros2_ws/install/tag_interface/include/tag_interface/tag_interface/msg/tag.h
[21.763s] -- Up-to-date: /home/cam/GitHub/autonomy_2022_23/aruco_detection/ros2_ws/install/tag_interface/share/tag_interface/environment/library_path.sh
[21.764s] -- Installing: /home/cam/GitHub/autonomy_2022_23/aruco_detection/ros2_ws/install/tag_interface/share/tag_interface/environment/library_path.dsv
[21.766s] -- Installing: /home/cam/GitHub/autonomy_2022_23/aruco_detection/ros2_ws/install/tag_interface/lib/libtag_interface__rosidl_generator_c.so
[21.770s] -- Set runtime path of "/home/cam/GitHub/autonomy_2022_23/aruco_detection/ros2_ws/install/tag_interface/lib/libtag_interface__rosidl_generator_c.so" to ""
[21.770s] -- Up-to-date: /home/cam/GitHub/autonomy_2022_23/aruco_detection/ros2_ws/install/tag_interface/include/tag_interface/tag_interface
[21.771s] -- Up-to-date: /home/cam/GitHub/autonomy_2022_23/aruco_detection/ros2_ws/install/tag_interface/include/tag_interface/tag_interface/msg
[21.771s] -- Up-to-date: /home/cam/GitHub/autonomy_2022_23/aruco_detection/ros2_ws/install/tag_interface/include/tag_interface/tag_interface/msg/rosidl_typesupport_fastrtps_c__visibility_control.h
[21.772s] -- Up-to-date: /home/cam/GitHub/autonomy_2022_23/aruco_detection/ros2_ws/install/tag_interface/include/tag_interface/tag_interface/msg/detail
[21.772s] -- Installing: /home/cam/GitHub/autonomy_2022_23/aruco_detection/ros2_ws/install/tag_interface/include/tag_interface/tag_interface/msg/detail/tag__rosidl_typesupport_fastrtps_c.h
[21.774s] -- Installing: /home/cam/GitHub/autonomy_2022_23/aruco_detection/ros2_ws/install/tag_interface/include/tag_interface/tag_interface/msg/detail/coordinate__rosidl_typesupport_fastrtps_c.h
[21.777s] -- Installing: /home/cam/GitHub/autonomy_2022_23/aruco_detection/ros2_ws/install/tag_interface/lib/libtag_interface__rosidl_typesupport_fastrtps_c.so
[21.780s] -- Set runtime path of "/home/cam/GitHub/autonomy_2022_23/aruco_detection/ros2_ws/install/tag_interface/lib/libtag_interface__rosidl_typesupport_fastrtps_c.so" to ""
[21.781s] -- Up-to-date: /home/cam/GitHub/autonomy_2022_23/aruco_detection/ros2_ws/install/tag_interface/include/tag_interface/tag_interface
[21.781s] -- Up-to-date: /home/cam/GitHub/autonomy_2022_23/aruco_detection/ros2_ws/install/tag_interface/include/tag_interface/tag_interface/msg
[21.782s] -- Up-to-date: /home/cam/GitHub/autonomy_2022_23/aruco_detection/ros2_ws/install/tag_interface/include/tag_interface/tag_interface/msg/rosidl_typesupport_introspection_c__visibility_control.h
[21.782s] -- Up-to-date: /home/cam/GitHub/autonomy_2022_23/aruco_detection/ros2_ws/install/tag_interface/include/tag_interface/tag_interface/msg/detail
[21.783s] -- Installing: /home/cam/GitHub/autonomy_2022_23/aruco_detection/ros2_ws/install/tag_interface/include/tag_interface/tag_interface/msg/detail/coordinate__type_support.c
[21.784s] -- Installing: /home/cam/GitHub/autonomy_2022_23/aruco_detection/ros2_ws/install/tag_interface/include/tag_interface/tag_interface/msg/detail/tag__rosidl_typesupport_introspection_c.h
[21.786s] -- Installing: /home/cam/GitHub/autonomy_2022_23/aruco_detection/ros2_ws/install/tag_interface/include/tag_interface/tag_interface/msg/detail/coordinate__rosidl_typesupport_introspection_c.h
[21.788s] -- Installing: /home/cam/GitHub/autonomy_2022_23/aruco_detection/ros2_ws/install/tag_interface/include/tag_interface/tag_interface/msg/detail/tag__type_support.c
[21.791s] -- Installing: /home/cam/GitHub/autonomy_2022_23/aruco_detection/ros2_ws/install/tag_interface/lib/libtag_interface__rosidl_typesupport_introspection_c.so
[21.794s] -- Set runtime path of "/home/cam/GitHub/autonomy_2022_23/aruco_detection/ros2_ws/install/tag_interface/lib/libtag_interface__rosidl_typesupport_introspection_c.so" to ""
[21.796s] -- Installing: /home/cam/GitHub/autonomy_2022_23/aruco_detection/ros2_ws/install/tag_interface/lib/libtag_interface__rosidl_typesupport_c.so
[21.799s] -- Set runtime path of "/home/cam/GitHub/autonomy_2022_23/aruco_detection/ros2_ws/install/tag_interface/lib/libtag_interface__rosidl_typesupport_c.so" to ""
[21.799s] -- Up-to-date: /home/cam/GitHub/autonomy_2022_23/aruco_detection/ros2_ws/install/tag_interface/include/tag_interface/tag_interface
[21.800s] -- Up-to-date: /home/cam/GitHub/autonomy_2022_23/aruco_detection/ros2_ws/install/tag_interface/include/tag_interface/tag_interface/msg
[21.800s] -- Installing: /home/cam/GitHub/autonomy_2022_23/aruco_detection/ros2_ws/install/tag_interface/include/tag_interface/tag_interface/msg/tag.hpp
[21.802s] -- Installing: /home/cam/GitHub/autonomy_2022_23/aruco_detection/ros2_ws/install/tag_interface/include/tag_interface/tag_interface/msg/coordinate.hpp
[21.803s] -- Up-to-date: /home/cam/GitHub/autonomy_2022_23/aruco_detection/ros2_ws/install/tag_interface/include/tag_interface/tag_interface/msg/detail
[21.804s] -- Installing: /home/cam/GitHub/autonomy_2022_23/aruco_detection/ros2_ws/install/tag_interface/include/tag_interface/tag_interface/msg/detail/tag__builder.hpp
[21.805s] -- Installing: /home/cam/GitHub/autonomy_2022_23/aruco_detection/ros2_ws/install/tag_interface/include/tag_interface/tag_interface/msg/detail/tag__struct.hpp
[21.807s] -- Installing: /home/cam/GitHub/autonomy_2022_23/aruco_detection/ros2_ws/install/tag_interface/include/tag_interface/tag_interface/msg/detail/tag__traits.hpp
[21.809s] -- Installing: /home/cam/GitHub/autonomy_2022_23/aruco_detection/ros2_ws/install/tag_interface/include/tag_interface/tag_interface/msg/detail/coordinate__builder.hpp
[21.810s] -- Installing: /home/cam/GitHub/autonomy_2022_23/aruco_detection/ros2_ws/install/tag_interface/include/tag_interface/tag_interface/msg/detail/coordinate__struct.hpp
[21.812s] -- Installing: /home/cam/GitHub/autonomy_2022_23/aruco_detection/ros2_ws/install/tag_interface/include/tag_interface/tag_interface/msg/detail/coordinate__traits.hpp
[21.813s] -- Up-to-date: /home/cam/GitHub/autonomy_2022_23/aruco_detection/ros2_ws/install/tag_interface/include/tag_interface/tag_interface
[21.814s] -- Up-to-date: /home/cam/GitHub/autonomy_2022_23/aruco_detection/ros2_ws/install/tag_interface/include/tag_interface/tag_interface/msg
[21.814s] -- Up-to-date: /home/cam/GitHub/autonomy_2022_23/aruco_detection/ros2_ws/install/tag_interface/include/tag_interface/tag_interface/msg/rosidl_typesupport_fastrtps_cpp__visibility_control.h
[21.815s] -- Up-to-date: /home/cam/GitHub/autonomy_2022_23/aruco_detection/ros2_ws/install/tag_interface/include/tag_interface/tag_interface/msg/detail
[21.815s] -- Installing: /home/cam/GitHub/autonomy_2022_23/aruco_detection/ros2_ws/install/tag_interface/include/tag_interface/tag_interface/msg/detail/tag__rosidl_typesupport_fastrtps_cpp.hpp
[21.817s] -- Up-to-date: /home/cam/GitHub/autonomy_2022_23/aruco_detection/ros2_ws/install/tag_interface/include/tag_interface/tag_interface/msg/detail/dds_fastrtps
[21.817s] -- Installing: /home/cam/GitHub/autonomy_2022_23/aruco_detection/ros2_ws/install/tag_interface/include/tag_interface/tag_interface/msg/detail/coordinate__rosidl_typesupport_fastrtps_cpp.hpp
[21.820s] -- Installing: /home/cam/GitHub/autonomy_2022_23/aruco_detection/ros2_ws/install/tag_interface/lib/libtag_interface__rosidl_typesupport_fastrtps_cpp.so
[21.825s] -- Set runtime path of "/home/cam/GitHub/autonomy_2022_23/aruco_detection/ros2_ws/install/tag_interface/lib/libtag_interface__rosidl_typesupport_fastrtps_cpp.so" to ""
[21.825s] -- Up-to-date: /home/cam/GitHub/autonomy_2022_23/aruco_detection/ros2_ws/install/tag_interface/include/tag_interface/tag_interface
[21.826s] -- Up-to-date: /home/cam/GitHub/autonomy_2022_23/aruco_detection/ros2_ws/install/tag_interface/include/tag_interface/tag_interface/msg
[21.826s] -- Up-to-date: /home/cam/GitHub/autonomy_2022_23/aruco_detection/ros2_ws/install/tag_interface/include/tag_interface/tag_interface/msg/detail
[21.827s] -- Installing: /home/cam/GitHub/autonomy_2022_23/aruco_detection/ros2_ws/install/tag_interface/include/tag_interface/tag_interface/msg/detail/coordinate__rosidl_typesupport_introspection_cpp.hpp
[21.828s] -- Installing: /home/cam/GitHub/autonomy_2022_23/aruco_detection/ros2_ws/install/tag_interface/include/tag_interface/tag_interface/msg/detail/tag__rosidl_typesupport_introspection_cpp.hpp
[21.830s] -- Installing: /home/cam/GitHub/autonomy_2022_23/aruco_detection/ros2_ws/install/tag_interface/include/tag_interface/tag_interface/msg/detail/coordinate__type_support.cpp
[21.832s] -- Installing: /home/cam/GitHub/autonomy_2022_23/aruco_detection/ros2_ws/install/tag_interface/include/tag_interface/tag_interface/msg/detail/tag__type_support.cpp
[21.835s] -- Installing: /home/cam/GitHub/autonomy_2022_23/aruco_detection/ros2_ws/install/tag_interface/lib/libtag_interface__rosidl_typesupport_introspection_cpp.so
[21.839s] -- Set runtime path of "/home/cam/GitHub/autonomy_2022_23/aruco_detection/ros2_ws/install/tag_interface/lib/libtag_interface__rosidl_typesupport_introspection_cpp.so" to ""
[21.840s] -- Installing: /home/cam/GitHub/autonomy_2022_23/aruco_detection/ros2_ws/install/tag_interface/lib/libtag_interface__rosidl_typesupport_cpp.so
[21.843s] -- Set runtime path of "/home/cam/GitHub/autonomy_2022_23/aruco_detection/ros2_ws/install/tag_interface/lib/libtag_interface__rosidl_typesupport_cpp.so" to ""
[21.844s] -- Up-to-date: /home/cam/GitHub/autonomy_2022_23/aruco_detection/ros2_ws/install/tag_interface/share/tag_interface/environment/pythonpath.sh
[21.844s] -- Installing: /home/cam/GitHub/autonomy_2022_23/aruco_detection/ros2_ws/install/tag_interface/share/tag_interface/environment/pythonpath.dsv
[21.846s] -- Up-to-date: /home/cam/GitHub/autonomy_2022_23/aruco_detection/ros2_ws/install/tag_interface/local/lib/python3.10/dist-packages/tag_interface-0.0.0-py3.10.egg-info
[21.846s] -- Installing: /home/cam/GitHub/autonomy_2022_23/aruco_detection/ros2_ws/install/tag_interface/local/lib/python3.10/dist-packages/tag_interface-0.0.0-py3.10.egg-info/PKG-INFO
[21.848s] -- Installing: /home/cam/GitHub/autonomy_2022_23/aruco_detection/ros2_ws/install/tag_interface/local/lib/python3.10/dist-packages/tag_interface-0.0.0-py3.10.egg-info/top_level.txt
[21.850s] -- Installing: /home/cam/GitHub/autonomy_2022_23/aruco_detection/ros2_ws/install/tag_interface/local/lib/python3.10/dist-packages/tag_interface-0.0.0-py3.10.egg-info/SOURCES.txt
[21.852s] -- Installing: /home/cam/GitHub/autonomy_2022_23/aruco_detection/ros2_ws/install/tag_interface/local/lib/python3.10/dist-packages/tag_interface-0.0.0-py3.10.egg-info/dependency_links.txt
[21.854s] -- Up-to-date: /home/cam/GitHub/autonomy_2022_23/aruco_detection/ros2_ws/install/tag_interface/local/lib/python3.10/dist-packages/tag_interface
[21.854s] -- Installing: /home/cam/GitHub/autonomy_2022_23/aruco_detection/ros2_ws/install/tag_interface/local/lib/python3.10/dist-packages/tag_interface/tag_interface_s__rosidl_typesupport_c.cpython-310-aarch64-linux-gnu.so
[21.856s] -- Up-to-date: /home/cam/GitHub/autonomy_2022_23/aruco_detection/ros2_ws/install/tag_interface/local/lib/python3.10/dist-packages/tag_interface/msg
[21.857s] -- Installing: /home/cam/GitHub/autonomy_2022_23/aruco_detection/ros2_ws/install/tag_interface/local/lib/python3.10/dist-packages/tag_interface/msg/_tag_s.c
[21.859s] -- Installing: /home/cam/GitHub/autonomy_2022_23/aruco_detection/ros2_ws/install/tag_interface/local/lib/python3.10/dist-packages/tag_interface/msg/_coordinate_s.c
[21.860s] -- Installing: /home/cam/GitHub/autonomy_2022_23/aruco_detection/ros2_ws/install/tag_interface/local/lib/python3.10/dist-packages/tag_interface/msg/_tag.py
[21.862s] -- Installing: /home/cam/GitHub/autonomy_2022_23/aruco_detection/ros2_ws/install/tag_interface/local/lib/python3.10/dist-packages/tag_interface/msg/__init__.py
[21.863s] -- Installing: /home/cam/GitHub/autonomy_2022_23/aruco_detection/ros2_ws/install/tag_interface/local/lib/python3.10/dist-packages/tag_interface/msg/_coordinate.py
[21.865s] -- Installing: /home/cam/GitHub/autonomy_2022_23/aruco_detection/ros2_ws/install/tag_interface/local/lib/python3.10/dist-packages/tag_interface/tag_interface_s__rosidl_typesupport_fastrtps_c.cpython-310-aarch64-linux-gnu.so
[21.867s] -- Installing: /home/cam/GitHub/autonomy_2022_23/aruco_detection/ros2_ws/install/tag_interface/local/lib/python3.10/dist-packages/tag_interface/__init__.py
[21.868s] -- Installing: /home/cam/GitHub/autonomy_2022_23/aruco_detection/ros2_ws/install/tag_interface/local/lib/python3.10/dist-packages/tag_interface/_tag_interface_s.ep.rosidl_typesupport_fastrtps_c.c
[21.870s] -- Installing: /home/cam/GitHub/autonomy_2022_23/aruco_detection/ros2_ws/install/tag_interface/local/lib/python3.10/dist-packages/tag_interface/_tag_interface_s.ep.rosidl_typesupport_introspection_c.c
[21.872s] -- Installing: /home/cam/GitHub/autonomy_2022_23/aruco_detection/ros2_ws/install/tag_interface/local/lib/python3.10/dist-packages/tag_interface/_tag_interface_s.ep.rosidl_typesupport_c.c
[21.874s] -- Installing: /home/cam/GitHub/autonomy_2022_23/aruco_detection/ros2_ws/install/tag_interface/local/lib/python3.10/dist-packages/tag_interface/tag_interface_s__rosidl_typesupport_introspection_c.cpython-310-aarch64-linux-gnu.so
[21.876s] -- Installing: /home/cam/GitHub/autonomy_2022_23/aruco_detection/ros2_ws/install/tag_interface/local/lib/python3.10/dist-packages/tag_interface/libtag_interface__rosidl_generator_py.so
[22.048s] Listing '/home/cam/GitHub/autonomy_2022_23/aruco_detection/ros2_ws/install/tag_interface/local/lib/python3.10/dist-packages/tag_interface'...
[22.050s] Compiling '/home/cam/GitHub/autonomy_2022_23/aruco_detection/ros2_ws/install/tag_interface/local/lib/python3.10/dist-packages/tag_interface/__init__.py'...
[22.051s] Listing '/home/cam/GitHub/autonomy_2022_23/aruco_detection/ros2_ws/install/tag_interface/local/lib/python3.10/dist-packages/tag_interface/msg'...
[22.053s] Compiling '/home/cam/GitHub/autonomy_2022_23/aruco_detection/ros2_ws/install/tag_interface/local/lib/python3.10/dist-packages/tag_interface/msg/__init__.py'...
[22.054s] Compiling '/home/cam/GitHub/autonomy_2022_23/aruco_detection/ros2_ws/install/tag_interface/local/lib/python3.10/dist-packages/tag_interface/msg/_coordinate.py'...
[22.056s] Compiling '/home/cam/GitHub/autonomy_2022_23/aruco_detection/ros2_ws/install/tag_interface/local/lib/python3.10/dist-packages/tag_interface/msg/_tag.py'...
[22.075s] -- Installing: /home/cam/GitHub/autonomy_2022_23/aruco_detection/ros2_ws/install/tag_interface/local/lib/python3.10/dist-packages/tag_interface/tag_interface_s__rosidl_typesupport_fastrtps_c.cpython-310-aarch64-linux-gnu.so
[22.078s] -- Set runtime path of "/home/cam/GitHub/autonomy_2022_23/aruco_detection/ros2_ws/install/tag_interface/local/lib/python3.10/dist-packages/tag_interface/tag_interface_s__rosidl_typesupport_fastrtps_c.cpython-310-aarch64-linux-gnu.so" to ""
[22.080s] -- Installing: /home/cam/GitHub/autonomy_2022_23/aruco_detection/ros2_ws/install/tag_interface/local/lib/python3.10/dist-packages/tag_interface/tag_interface_s__rosidl_typesupport_introspection_c.cpython-310-aarch64-linux-gnu.so
[22.084s] -- Set runtime path of "/home/cam/GitHub/autonomy_2022_23/aruco_detection/ros2_ws/install/tag_interface/local/lib/python3.10/dist-packages/tag_interface/tag_interface_s__rosidl_typesupport_introspection_c.cpython-310-aarch64-linux-gnu.so" to ""
[22.086s] -- Installing: /home/cam/GitHub/autonomy_2022_23/aruco_detection/ros2_ws/install/tag_interface/local/lib/python3.10/dist-packages/tag_interface/tag_interface_s__rosidl_typesupport_c.cpython-310-aarch64-linux-gnu.so
[22.090s] -- Set runtime path of "/home/cam/GitHub/autonomy_2022_23/aruco_detection/ros2_ws/install/tag_interface/local/lib/python3.10/dist-packages/tag_interface/tag_interface_s__rosidl_typesupport_c.cpython-310-aarch64-linux-gnu.so" to ""
[22.091s] -- Installing: /home/cam/GitHub/autonomy_2022_23/aruco_detection/ros2_ws/install/tag_interface/lib/libtag_interface__rosidl_generator_py.so
[22.095s] -- Set runtime path of "/home/cam/GitHub/autonomy_2022_23/aruco_detection/ros2_ws/install/tag_interface/lib/libtag_interface__rosidl_generator_py.so" to ""
[22.096s] -- Installing: /home/cam/GitHub/autonomy_2022_23/aruco_detection/ros2_ws/install/tag_interface/share/tag_interface/msg/Coordinate.idl
[22.097s] -- Up-to-date: /home/cam/GitHub/autonomy_2022_23/aruco_detection/ros2_ws/install/tag_interface/share/tag_interface/msg/Tag.idl
[22.098s] -- Installing: /home/cam/GitHub/autonomy_2022_23/aruco_detection/ros2_ws/install/tag_interface/share/tag_interface/msg/Coordinate.msg
[22.099s] -- Installing: /home/cam/GitHub/autonomy_2022_23/aruco_detection/ros2_ws/install/tag_interface/share/tag_interface/msg/Tag.msg
[22.101s] -- Up-to-date: /home/cam/GitHub/autonomy_2022_23/aruco_detection/ros2_ws/install/tag_interface/share/ament_index/resource_index/package_run_dependencies/tag_interface
[22.102s] -- Up-to-date: /home/cam/GitHub/autonomy_2022_23/aruco_detection/ros2_ws/install/tag_interface/share/ament_index/resource_index/parent_prefix_path/tag_interface
[22.102s] -- Up-to-date: /home/cam/GitHub/autonomy_2022_23/aruco_detection/ros2_ws/install/tag_interface/share/tag_interface/environment/ament_prefix_path.sh
[22.102s] -- Installing: /home/cam/GitHub/autonomy_2022_23/aruco_detection/ros2_ws/install/tag_interface/share/tag_interface/environment/ament_prefix_path.dsv
[22.104s] -- Up-to-date: /home/cam/GitHub/autonomy_2022_23/aruco_detection/ros2_ws/install/tag_interface/share/tag_interface/environment/path.sh
[22.105s] -- Installing: /home/cam/GitHub/autonomy_2022_23/aruco_detection/ros2_ws/install/tag_interface/share/tag_interface/environment/path.dsv
[22.107s] -- Up-to-date: /home/cam/GitHub/autonomy_2022_23/aruco_detection/ros2_ws/install/tag_interface/share/tag_interface/local_setup.bash
[22.107s] -- Up-to-date: /home/cam/GitHub/autonomy_2022_23/aruco_detection/ros2_ws/install/tag_interface/share/tag_interface/local_setup.sh
[22.108s] -- Up-to-date: /home/cam/GitHub/autonomy_2022_23/aruco_detection/ros2_ws/install/tag_interface/share/tag_interface/local_setup.zsh
[22.108s] -- Installing: /home/cam/GitHub/autonomy_2022_23/aruco_detection/ros2_ws/install/tag_interface/share/tag_interface/local_setup.dsv
[22.110s] -- Installing: /home/cam/GitHub/autonomy_2022_23/aruco_detection/ros2_ws/install/tag_interface/share/tag_interface/package.dsv
[22.112s] -- Up-to-date: /home/cam/GitHub/autonomy_2022_23/aruco_detection/ros2_ws/install/tag_interface/share/ament_index/resource_index/packages/tag_interface
[22.113s] -- Up-to-date: /home/cam/GitHub/autonomy_2022_23/aruco_detection/ros2_ws/install/tag_interface/share/tag_interface/cmake/export_tag_interface__rosidl_generator_cExport.cmake
[22.114s] -- Up-to-date: /home/cam/GitHub/autonomy_2022_23/aruco_detection/ros2_ws/install/tag_interface/share/tag_interface/cmake/export_tag_interface__rosidl_generator_cExport-noconfig.cmake
[22.115s] -- Up-to-date: /home/cam/GitHub/autonomy_2022_23/aruco_detection/ros2_ws/install/tag_interface/share/tag_interface/cmake/export_tag_interface__rosidl_typesupport_fastrtps_cExport.cmake
[22.115s] -- Up-to-date: /home/cam/GitHub/autonomy_2022_23/aruco_detection/ros2_ws/install/tag_interface/share/tag_interface/cmake/export_tag_interface__rosidl_typesupport_fastrtps_cExport-noconfig.cmake
[22.117s] -- Up-to-date: /home/cam/GitHub/autonomy_2022_23/aruco_detection/ros2_ws/install/tag_interface/share/tag_interface/cmake/tag_interface__rosidl_typesupport_introspection_cExport.cmake
[22.117s] -- Up-to-date: /home/cam/GitHub/autonomy_2022_23/aruco_detection/ros2_ws/install/tag_interface/share/tag_interface/cmake/tag_interface__rosidl_typesupport_introspection_cExport-noconfig.cmake
[22.118s] -- Up-to-date: /home/cam/GitHub/autonomy_2022_23/aruco_detection/ros2_ws/install/tag_interface/share/tag_interface/cmake/tag_interface__rosidl_typesupport_cExport.cmake
[22.119s] -- Up-to-date: /home/cam/GitHub/autonomy_2022_23/aruco_detection/ros2_ws/install/tag_interface/share/tag_interface/cmake/tag_interface__rosidl_typesupport_cExport-noconfig.cmake
[22.120s] -- Up-to-date: /home/cam/GitHub/autonomy_2022_23/aruco_detection/ros2_ws/install/tag_interface/share/tag_interface/cmake/export_tag_interface__rosidl_generator_cppExport.cmake
[22.121s] -- Up-to-date: /home/cam/GitHub/autonomy_2022_23/aruco_detection/ros2_ws/install/tag_interface/share/tag_interface/cmake/export_tag_interface__rosidl_typesupport_fastrtps_cppExport.cmake
[22.122s] -- Up-to-date: /home/cam/GitHub/autonomy_2022_23/aruco_detection/ros2_ws/install/tag_interface/share/tag_interface/cmake/export_tag_interface__rosidl_typesupport_fastrtps_cppExport-noconfig.cmake
[22.125s] -- Up-to-date: /home/cam/GitHub/autonomy_2022_23/aruco_detection/ros2_ws/install/tag_interface/share/tag_interface/cmake/tag_interface__rosidl_typesupport_introspection_cppExport.cmake
[22.126s] -- Up-to-date: /home/cam/GitHub/autonomy_2022_23/aruco_detection/ros2_ws/install/tag_interface/share/tag_interface/cmake/tag_interface__rosidl_typesupport_introspection_cppExport-noconfig.cmake
[22.126s] -- Up-to-date: /home/cam/GitHub/autonomy_2022_23/aruco_detection/ros2_ws/install/tag_interface/share/tag_interface/cmake/tag_interface__rosidl_typesupport_cppExport.cmake
[22.127s] -- Up-to-date: /home/cam/GitHub/autonomy_2022_23/aruco_detection/ros2_ws/install/tag_interface/share/tag_interface/cmake/tag_interface__rosidl_typesupport_cppExport-noconfig.cmake
[22.127s] -- Up-to-date: /home/cam/GitHub/autonomy_2022_23/aruco_detection/ros2_ws/install/tag_interface/share/tag_interface/cmake/export_tag_interface__rosidl_generator_pyExport.cmake
[22.128s] -- Up-to-date: /home/cam/GitHub/autonomy_2022_23/aruco_detection/ros2_ws/install/tag_interface/share/tag_interface/cmake/export_tag_interface__rosidl_generator_pyExport-noconfig.cmake
[22.128s] -- Installing: /home/cam/GitHub/autonomy_2022_23/aruco_detection/ros2_ws/install/tag_interface/share/tag_interface/cmake/rosidl_cmake-extras.cmake
[22.130s] -- Up-to-date: /home/cam/GitHub/autonomy_2022_23/aruco_detection/ros2_ws/install/tag_interface/share/tag_interface/cmake/ament_cmake_export_include_directories-extras.cmake
[22.130s] -- Up-to-date: /home/cam/GitHub/autonomy_2022_23/aruco_detection/ros2_ws/install/tag_interface/share/tag_interface/cmake/ament_cmake_export_libraries-extras.cmake
[22.131s] -- Up-to-date: /home/cam/GitHub/autonomy_2022_23/aruco_detection/ros2_ws/install/tag_interface/share/tag_interface/cmake/ament_cmake_export_targets-extras.cmake
[22.131s] -- Up-to-date: /home/cam/GitHub/autonomy_2022_23/aruco_detection/ros2_ws/install/tag_interface/share/tag_interface/cmake/rosidl_cmake_export_typesupport_targets-extras.cmake
[22.132s] -- Up-to-date: /home/cam/GitHub/autonomy_2022_23/aruco_detection/ros2_ws/install/tag_interface/share/tag_interface/cmake/ament_cmake_export_dependencies-extras.cmake
[22.132s] -- Up-to-date: /home/cam/GitHub/autonomy_2022_23/aruco_detection/ros2_ws/install/tag_interface/share/tag_interface/cmake/rosidl_cmake_export_typesupport_libraries-extras.cmake
[22.133s] -- Up-to-date: /home/cam/GitHub/autonomy_2022_23/aruco_detection/ros2_ws/install/tag_interface/share/tag_interface/cmake/tag_interfaceConfig.cmake
[22.134s] -- Up-to-date: /home/cam/GitHub/autonomy_2022_23/aruco_detection/ros2_ws/install/tag_interface/share/tag_interface/cmake/tag_interfaceConfig-version.cmake
[22.134s] -- Up-to-date: /home/cam/GitHub/autonomy_2022_23/aruco_detection/ros2_ws/install/tag_interface/share/tag_interface/package.xml
[22.144s] Invoked command in '/home/cam/GitHub/autonomy_2022_23/aruco_detection/ros2_ws/build/tag_interface' returned '0': CMAKE_PREFIX_PATH=/opt/ros/humble /usr/bin/cmake --install /home/cam/GitHub/autonomy_2022_23/aruco_detection/ros2_ws/build/tag_interface
