[0.076s] Invoking command in '/home/cam/GitHub/autonomy_2022_23/aruco_detection/ros2_ws/build/tag_detector': CMAKE_PREFIX_PATH=/opt/ros/humble /usr/bin/cmake --build /home/cam/GitHub/autonomy_2022_23/aruco_detection/ros2_ws/build/tag_detector -- -j4 -l4
[0.171s] -- Found ament_cmake: 1.3.3 (/opt/ros/humble/share/ament_cmake/cmake)
[0.889s] -- Found rclpy: 3.3.5 (/opt/ros/humble/share/rclpy/cmake)
[0.890s] -- Found rosidl_default_generators: 1.2.0 (/opt/ros/humble/share/rosidl_default_generators/cmake)
[0.898s] -- Using all available rosidl_typesupport_c: rosidl_typesupport_fastrtps_c;rosidl_typesupport_introspection_c
[0.912s] -- Found rosidl_adapter: 3.1.4 (/opt/ros/humble/share/rosidl_adapter/cmake)
[1.118s] -- Using all available rosidl_typesupport_cpp: rosidl_typesupport_fastrtps_cpp;rosidl_typesupport_introspection_cpp
[2.438s] -- Found ament_cmake_ros: 0.10.0 (/opt/ros/humble/share/ament_cmake_ros/cmake)
[3.342s] -- Using all available rosidl_typesupport_c: rosidl_typesupport_fastrtps_c;rosidl_typesupport_introspection_c
[4.637s] -- Using all available rosidl_typesupport_cpp: rosidl_typesupport_fastrtps_cpp;rosidl_typesupport_introspection_cpp
[4.754s] -- Found python_cmake_module: 0.10.0 (/opt/ros/humble/share/python_cmake_module/cmake)
[4.879s] -- Using PYTHON_EXECUTABLE: /usr/bin/python3
[4.879s] -- Using PYTHON_INCLUDE_DIRS: /usr/include/python3.10
[4.880s] -- Using PYTHON_LIBRARIES: /usr/lib/aarch64-linux-gnu/libpython3.10.so
[4.944s] [31mCMake Error at /opt/ros/humble/share/ament_cmake_python/cmake/ament_python_install_package.cmake:122 (add_custom_target):
[4.945s]   add_custom_target cannot create target
[4.945s]   "ament_cmake_python_copy_tag_detector" because another target with the same
[4.946s]   name already exists.  The existing target is a custom target created in
[4.947s]   source directory
[4.949s]   "/home/cam/GitHub/autonomy_2022_23/aruco_detection/ros2_ws/src/tag_detector".
[4.949s]   See documentation for policy CMP0002 for more details.
[4.955s] Call Stack (most recent call first):
[4.955s]   /opt/ros/humble/share/ament_cmake_python/cmake/ament_python_install_package.cmake:39 (_ament_cmake_python_install_package)
[4.956s]   CMakeLists.txt:26 (ament_python_install_package)
[4.956s] 
[4.957s] [0m
[4.957s] [31mCMake Error at /opt/ros/humble/share/ament_cmake_python/cmake/ament_python_install_package.cmake:141 (add_custom_target):
[4.958s]   add_custom_target cannot create target
[4.959s]   "ament_cmake_python_build_tag_detector_egg" because another target with the
[4.959s]   same name already exists.  The existing target is a custom target created
[4.960s]   in source directory
[4.960s]   "/home/cam/GitHub/autonomy_2022_23/aruco_detection/ros2_ws/src/tag_detector".
[4.966s]   See documentation for policy CMP0002 for more details.
[4.967s] Call Stack (most recent call first):
[4.968s]   /opt/ros/humble/share/ament_cmake_python/cmake/ament_python_install_package.cmake:39 (_ament_cmake_python_install_package)
[4.968s]   CMakeLists.txt:26 (ament_python_install_package)
[4.969s] 
[4.969s] [0m
[4.991s] -- Configuring incomplete, errors occurred!
[4.992s] See also "/home/cam/GitHub/autonomy_2022_23/aruco_detection/ros2_ws/build/tag_detector/CMakeFiles/CMakeOutput.log".
[5.017s] gmake: *** [Makefile:254: cmake_check_build_system] Error 1
[5.020s] Invoked command in '/home/cam/GitHub/autonomy_2022_23/aruco_detection/ros2_ws/build/tag_detector' returned '2': CMAKE_PREFIX_PATH=/opt/ros/humble /usr/bin/cmake --build /home/cam/GitHub/autonomy_2022_23/aruco_detection/ros2_ws/build/tag_detector -- -j4 -l4
