[0.063s] Invoking command in '/home/cam/GitHub/autonomy_2022_23/aruco_detection/ros2_ws/build/tag_detector': CMAKE_PREFIX_PATH=/opt/ros/humble /usr/bin/cmake --build /home/cam/GitHub/autonomy_2022_23/aruco_detection/ros2_ws/build/tag_detector -- -j4 -l4
[0.177s] -- Found ament_cmake: 1.3.3 (/opt/ros/humble/share/ament_cmake/cmake)
[0.897s] -- Found rclpy: 3.3.5 (/opt/ros/humble/share/rclpy/cmake)
[1.505s] -- Configuring done
[1.533s] -- Generating done
[1.541s] -- Build files have been written to: /home/cam/GitHub/autonomy_2022_23/aruco_detection/ros2_ws/build/tag_detector
[1.712s] Built target ament_cmake_python_copy_tag_detector
[2.918s] running egg_info
[2.922s] writing tag_detector.egg-info/PKG-INFO
[2.923s] writing dependency_links to tag_detector.egg-info/dependency_links.txt
[2.924s] writing top-level names to tag_detector.egg-info/top_level.txt
[2.934s] reading manifest file 'tag_detector.egg-info/SOURCES.txt'
[2.937s] writing manifest file 'tag_detector.egg-info/SOURCES.txt'
[3.069s] Built target ament_cmake_python_build_tag_detector_egg
[3.111s] Invoked command in '/home/cam/GitHub/autonomy_2022_23/aruco_detection/ros2_ws/build/tag_detector' returned '0': CMAKE_PREFIX_PATH=/opt/ros/humble /usr/bin/cmake --build /home/cam/GitHub/autonomy_2022_23/aruco_detection/ros2_ws/build/tag_detector -- -j4 -l4
[3.282s] Invoking command in '/home/cam/GitHub/autonomy_2022_23/aruco_detection/ros2_ws/build/tag_detector': CMAKE_PREFIX_PATH=/opt/ros/humble /usr/bin/cmake --install /home/cam/GitHub/autonomy_2022_23/aruco_detection/ros2_ws/build/tag_detector
[3.313s] -- Install configuration: ""
[3.314s] -- Up-to-date: /home/cam/GitHub/autonomy_2022_23/aruco_detection/ros2_ws/install/tag_detector/share/tag_detector/environment/pythonpath.sh
[3.314s] -- Installing: /home/cam/GitHub/autonomy_2022_23/aruco_detection/ros2_ws/install/tag_detector/share/tag_detector/environment/pythonpath.dsv
[3.316s] -- Up-to-date: /home/cam/GitHub/autonomy_2022_23/aruco_detection/ros2_ws/install/tag_detector/local/lib/python3.10/dist-packages/tag_detector-0.0.0-py3.10.egg-info
[3.316s] -- Installing: /home/cam/GitHub/autonomy_2022_23/aruco_detection/ros2_ws/install/tag_detector/local/lib/python3.10/dist-packages/tag_detector-0.0.0-py3.10.egg-info/PKG-INFO
[3.320s] -- Installing: /home/cam/GitHub/autonomy_2022_23/aruco_detection/ros2_ws/install/tag_detector/local/lib/python3.10/dist-packages/tag_detector-0.0.0-py3.10.egg-info/top_level.txt
[3.321s] -- Installing: /home/cam/GitHub/autonomy_2022_23/aruco_detection/ros2_ws/install/tag_detector/local/lib/python3.10/dist-packages/tag_detector-0.0.0-py3.10.egg-info/SOURCES.txt
[3.322s] -- Installing: /home/cam/GitHub/autonomy_2022_23/aruco_detection/ros2_ws/install/tag_detector/local/lib/python3.10/dist-packages/tag_detector-0.0.0-py3.10.egg-info/dependency_links.txt
[3.324s] -- Up-to-date: /home/cam/GitHub/autonomy_2022_23/aruco_detection/ros2_ws/install/tag_detector/local/lib/python3.10/dist-packages/tag_detector
[3.325s] -- Up-to-date: /home/cam/GitHub/autonomy_2022_23/aruco_detection/ros2_ws/install/tag_detector/local/lib/python3.10/dist-packages/tag_detector/__init__.py
[3.325s] -- Up-to-date: /home/cam/GitHub/autonomy_2022_23/aruco_detection/ros2_ws/install/tag_detector/local/lib/python3.10/dist-packages/tag_detector/module_to_import.py
[3.490s] Listing '/home/cam/GitHub/autonomy_2022_23/aruco_detection/ros2_ws/install/tag_detector/local/lib/python3.10/dist-packages/tag_detector'...
[3.513s] -- Up-to-date: /home/cam/GitHub/autonomy_2022_23/aruco_detection/ros2_ws/install/tag_detector/lib/tag_detector/detect_tag.py
[3.514s] -- Installing: /home/cam/GitHub/autonomy_2022_23/aruco_detection/ros2_ws/install/tag_detector/share/ament_index/resource_index/package_run_dependencies/tag_detector
[3.516s] -- Up-to-date: /home/cam/GitHub/autonomy_2022_23/aruco_detection/ros2_ws/install/tag_detector/share/ament_index/resource_index/parent_prefix_path/tag_detector
[3.516s] -- Up-to-date: /home/cam/GitHub/autonomy_2022_23/aruco_detection/ros2_ws/install/tag_detector/share/tag_detector/environment/ament_prefix_path.sh
[3.517s] -- Installing: /home/cam/GitHub/autonomy_2022_23/aruco_detection/ros2_ws/install/tag_detector/share/tag_detector/environment/ament_prefix_path.dsv
[3.519s] -- Up-to-date: /home/cam/GitHub/autonomy_2022_23/aruco_detection/ros2_ws/install/tag_detector/share/tag_detector/environment/path.sh
[3.520s] -- Installing: /home/cam/GitHub/autonomy_2022_23/aruco_detection/ros2_ws/install/tag_detector/share/tag_detector/environment/path.dsv
[3.521s] -- Up-to-date: /home/cam/GitHub/autonomy_2022_23/aruco_detection/ros2_ws/install/tag_detector/share/tag_detector/local_setup.bash
[3.521s] -- Installing: /home/cam/GitHub/autonomy_2022_23/aruco_detection/ros2_ws/install/tag_detector/share/tag_detector/local_setup.sh
[3.524s] -- Up-to-date: /home/cam/GitHub/autonomy_2022_23/aruco_detection/ros2_ws/install/tag_detector/share/tag_detector/local_setup.zsh
[3.525s] -- Installing: /home/cam/GitHub/autonomy_2022_23/aruco_detection/ros2_ws/install/tag_detector/share/tag_detector/local_setup.dsv
[3.527s] -- Installing: /home/cam/GitHub/autonomy_2022_23/aruco_detection/ros2_ws/install/tag_detector/share/tag_detector/package.dsv
[3.528s] -- Up-to-date: /home/cam/GitHub/autonomy_2022_23/aruco_detection/ros2_ws/install/tag_detector/share/ament_index/resource_index/packages/tag_detector
[3.529s] -- Installing: /home/cam/GitHub/autonomy_2022_23/aruco_detection/ros2_ws/install/tag_detector/share/tag_detector/cmake/tag_detectorConfig.cmake
[3.531s] -- Up-to-date: /home/cam/GitHub/autonomy_2022_23/aruco_detection/ros2_ws/install/tag_detector/share/tag_detector/cmake/tag_detectorConfig-version.cmake
[3.531s] -- Installing: /home/cam/GitHub/autonomy_2022_23/aruco_detection/ros2_ws/install/tag_detector/share/tag_detector/package.xml
[3.541s] Invoked command in '/home/cam/GitHub/autonomy_2022_23/aruco_detection/ros2_ws/build/tag_detector' returned '0': CMAKE_PREFIX_PATH=/opt/ros/humble /usr/bin/cmake --install /home/cam/GitHub/autonomy_2022_23/aruco_detection/ros2_ws/build/tag_detector
