[1.520s] DEBUG:colcon:Command line arguments: ['/usr/bin/colcon', 'build', '--packages-select', 'tag_detector']
[1.521s] DEBUG:colcon:Parsed command line arguments: Namespace(log_base=None, log_level=None, verb_name='build', build_base='build', install_base='install', merge_install=False, symlink_install=False, test_result_base=None, continue_on_error=False, executor='parallel', parallel_workers=4, event_handlers=None, ignore_user_meta=False, metas=['./colcon.meta'], base_paths=['.'], packages_ignore=None, packages_ignore_regex=None, paths=None, packages_up_to=None, packages_up_to_regex=None, packages_above=None, packages_above_and_dependencies=None, packages_above_depth=None, packages_select_by_dep=None, packages_skip_by_dep=None, packages_skip_up_to=None, packages_select_build_failed=False, packages_skip_build_finished=False, packages_select_test_failures=False, packages_skip_test_passed=False, packages_select=['tag_detector'], packages_skip=None, packages_select_regex=None, packages_skip_regex=None, packages_start=None, packages_end=None, allow_overriding=[], cmake_args=None, cmake_target=None, cmake_target_skip_unavailable=False, cmake_clean_cache=False, cmake_clean_first=False, cmake_force_configure=False, ament_cmake_args=None, catkin_cmake_args=None, catkin_skip_building_tests=False, verb_parser=<colcon_defaults.argument_parser.defaults.DefaultArgumentsDecorator object at 0xffffabeb9ff0>, verb_extension=<colcon_core.verb.build.BuildVerb object at 0xffffac0cf160>, main=<bound method BuildVerb.main of <colcon_core.verb.build.BuildVerb object at 0xffffac0cf160>>)
[1.623s] Level 1:colcon.colcon_core.package_discovery:discover_packages(colcon_meta) check parameters
[1.624s] Level 1:colcon.colcon_core.package_discovery:discover_packages(recursive) check parameters
[1.624s] Level 1:colcon.colcon_core.package_discovery:discover_packages(ignore) check parameters
[1.624s] Level 1:colcon.colcon_core.package_discovery:discover_packages(path) check parameters
[1.624s] Level 1:colcon.colcon_core.package_discovery:discover_packages(colcon_meta) discover
[1.624s] Level 1:colcon.colcon_core.package_discovery:discover_packages(recursive) discover
[1.625s] INFO:colcon.colcon_core.package_discovery:Crawling recursively for packages in '/home/cam/GitHub/autonomy_2022_23/aruco_detection/ros2_ws'
[1.625s] Level 1:colcon.colcon_core.package_identification:_identify(.) by extensions ['ignore', 'ignore_ament_install']
[1.626s] Level 1:colcon.colcon_core.package_identification:_identify(.) by extension 'ignore'
[1.626s] Level 1:colcon.colcon_core.package_identification:_identify(.) by extension 'ignore_ament_install'
[1.626s] Level 1:colcon.colcon_core.package_identification:_identify(.) by extensions ['colcon_pkg']
[1.626s] Level 1:colcon.colcon_core.package_identification:_identify(.) by extension 'colcon_pkg'
[1.626s] Level 1:colcon.colcon_core.package_identification:_identify(.) by extensions ['colcon_meta']
[1.627s] Level 1:colcon.colcon_core.package_identification:_identify(.) by extension 'colcon_meta'
[1.627s] Level 1:colcon.colcon_core.package_identification:_identify(.) by extensions ['ros']
[1.627s] Level 1:colcon.colcon_core.package_identification:_identify(.) by extension 'ros'
[1.712s] Level 1:colcon.colcon_core.package_identification:_identify(.) by extensions ['cmake', 'python']
[1.712s] Level 1:colcon.colcon_core.package_identification:_identify(.) by extension 'cmake'
[1.713s] Level 1:colcon.colcon_core.package_identification:_identify(.) by extension 'python'
[1.713s] Level 1:colcon.colcon_core.package_identification:_identify(.) by extensions ['python_setup_py']
[1.713s] Level 1:colcon.colcon_core.package_identification:_identify(.) by extension 'python_setup_py'
[1.714s] Level 1:colcon.colcon_core.package_identification:_identify(build) by extensions ['ignore', 'ignore_ament_install']
[1.714s] Level 1:colcon.colcon_core.package_identification:_identify(build) by extension 'ignore'
[1.714s] Level 1:colcon.colcon_core.package_identification:_identify(build) ignored
[1.715s] Level 1:colcon.colcon_core.package_identification:_identify(install) by extensions ['ignore', 'ignore_ament_install']
[1.716s] Level 1:colcon.colcon_core.package_identification:_identify(install) by extension 'ignore'
[1.716s] Level 1:colcon.colcon_core.package_identification:_identify(install) ignored
[1.717s] Level 1:colcon.colcon_core.package_identification:_identify(log) by extensions ['ignore', 'ignore_ament_install']
[1.717s] Level 1:colcon.colcon_core.package_identification:_identify(log) by extension 'ignore'
[1.717s] Level 1:colcon.colcon_core.package_identification:_identify(log) ignored
[1.718s] Level 1:colcon.colcon_core.package_identification:_identify(src) by extensions ['ignore', 'ignore_ament_install']
[1.718s] Level 1:colcon.colcon_core.package_identification:_identify(src) by extension 'ignore'
[1.718s] Level 1:colcon.colcon_core.package_identification:_identify(src) by extension 'ignore_ament_install'
[1.719s] Level 1:colcon.colcon_core.package_identification:_identify(src) by extensions ['colcon_pkg']
[1.719s] Level 1:colcon.colcon_core.package_identification:_identify(src) by extension 'colcon_pkg'
[1.719s] Level 1:colcon.colcon_core.package_identification:_identify(src) by extensions ['colcon_meta']
[1.719s] Level 1:colcon.colcon_core.package_identification:_identify(src) by extension 'colcon_meta'
[1.719s] Level 1:colcon.colcon_core.package_identification:_identify(src) by extensions ['ros']
[1.720s] Level 1:colcon.colcon_core.package_identification:_identify(src) by extension 'ros'
[1.720s] Level 1:colcon.colcon_core.package_identification:_identify(src) by extensions ['cmake', 'python']
[1.720s] Level 1:colcon.colcon_core.package_identification:_identify(src) by extension 'cmake'
[1.720s] Level 1:colcon.colcon_core.package_identification:_identify(src) by extension 'python'
[1.721s] Level 1:colcon.colcon_core.package_identification:_identify(src) by extensions ['python_setup_py']
[1.721s] Level 1:colcon.colcon_core.package_identification:_identify(src) by extension 'python_setup_py'
[1.721s] Level 1:colcon.colcon_core.package_identification:_identify(src/tag_detector) by extensions ['ignore', 'ignore_ament_install']
[1.722s] Level 1:colcon.colcon_core.package_identification:_identify(src/tag_detector) by extension 'ignore'
[1.722s] Level 1:colcon.colcon_core.package_identification:_identify(src/tag_detector) by extension 'ignore_ament_install'
[1.722s] Level 1:colcon.colcon_core.package_identification:_identify(src/tag_detector) by extensions ['colcon_pkg']
[1.722s] Level 1:colcon.colcon_core.package_identification:_identify(src/tag_detector) by extension 'colcon_pkg'
[1.723s] Level 1:colcon.colcon_core.package_identification:_identify(src/tag_detector) by extensions ['colcon_meta']
[1.723s] Level 1:colcon.colcon_core.package_identification:_identify(src/tag_detector) by extension 'colcon_meta'
[1.723s] Level 1:colcon.colcon_core.package_identification:_identify(src/tag_detector) by extensions ['ros']
[1.723s] Level 1:colcon.colcon_core.package_identification:_identify(src/tag_detector) by extension 'ros'
[1.733s] DEBUG:colcon.colcon_core.package_identification:Package 'src/tag_detector' with type 'ros.ament_cmake' and name 'tag_detector'
[1.734s] Level 1:colcon.colcon_core.package_discovery:discover_packages(recursive) using defaults
[1.734s] Level 1:colcon.colcon_core.package_discovery:discover_packages(ignore) discover
[1.734s] Level 1:colcon.colcon_core.package_discovery:discover_packages(ignore) using defaults
[1.734s] Level 1:colcon.colcon_core.package_discovery:discover_packages(path) discover
[1.734s] Level 1:colcon.colcon_core.package_discovery:discover_packages(path) using defaults
[1.843s] Level 1:colcon.colcon_core.package_discovery:discover_packages(prefix_path) check parameters
[1.843s] Level 1:colcon.colcon_core.package_discovery:discover_packages(prefix_path) discover
[1.863s] DEBUG:colcon.colcon_installed_package_information.package_discovery:Found 270 installed packages in /opt/ros/humble
[1.871s] Level 1:colcon.colcon_core.package_discovery:discover_packages(prefix_path) using defaults
[2.184s] Level 5:colcon.colcon_core.verb:set package 'tag_detector' build argument 'cmake_args' from command line to 'None'
[2.184s] Level 5:colcon.colcon_core.verb:set package 'tag_detector' build argument 'cmake_target' from command line to 'None'
[2.184s] Level 5:colcon.colcon_core.verb:set package 'tag_detector' build argument 'cmake_target_skip_unavailable' from command line to 'False'
[2.185s] Level 5:colcon.colcon_core.verb:set package 'tag_detector' build argument 'cmake_clean_cache' from command line to 'False'
[2.185s] Level 5:colcon.colcon_core.verb:set package 'tag_detector' build argument 'cmake_clean_first' from command line to 'False'
[2.185s] Level 5:colcon.colcon_core.verb:set package 'tag_detector' build argument 'cmake_force_configure' from command line to 'False'
[2.185s] Level 5:colcon.colcon_core.verb:set package 'tag_detector' build argument 'ament_cmake_args' from command line to 'None'
[2.185s] Level 5:colcon.colcon_core.verb:set package 'tag_detector' build argument 'catkin_cmake_args' from command line to 'None'
[2.185s] Level 5:colcon.colcon_core.verb:set package 'tag_detector' build argument 'catkin_skip_building_tests' from command line to 'False'
[2.185s] DEBUG:colcon.colcon_core.verb:Building package 'tag_detector' with the following arguments: {'ament_cmake_args': None, 'build_base': '/home/cam/GitHub/autonomy_2022_23/aruco_detection/ros2_ws/build/tag_detector', 'catkin_cmake_args': None, 'catkin_skip_building_tests': False, 'cmake_args': None, 'cmake_clean_cache': False, 'cmake_clean_first': False, 'cmake_force_configure': False, 'cmake_target': None, 'cmake_target_skip_unavailable': False, 'install_base': '/home/cam/GitHub/autonomy_2022_23/aruco_detection/ros2_ws/install/tag_detector', 'merge_install': False, 'path': '/home/cam/GitHub/autonomy_2022_23/aruco_detection/ros2_ws/src/tag_detector', 'symlink_install': False, 'test_result_base': None}
[2.190s] INFO:colcon.colcon_core.executor:Executing jobs using 'parallel' executor
[2.213s] DEBUG:colcon.colcon_parallel_executor.executor.parallel:run_until_complete
[2.214s] INFO:colcon.colcon_ros.task.ament_cmake.build:Building ROS package in '/home/cam/GitHub/autonomy_2022_23/aruco_detection/ros2_ws/src/tag_detector' with build type 'ament_cmake'
[2.215s] INFO:colcon.colcon_cmake.task.cmake.build:Building CMake package in '/home/cam/GitHub/autonomy_2022_23/aruco_detection/ros2_ws/src/tag_detector'
[2.247s] INFO:colcon.colcon_core.plugin_system:Skipping extension 'colcon_core.shell.bat': Not used on non-Windows systems
[2.248s] INFO:colcon.colcon_core.shell:Skip shell extension 'powershell' for command environment: Not usable outside of PowerShell
[2.249s] DEBUG:colcon.colcon_core.shell:Skip shell extension 'dsv' for command environment
[2.307s] DEBUG:colcon.colcon_core.event_handler.log_command:Invoking command in '/home/cam/GitHub/autonomy_2022_23/aruco_detection/ros2_ws/build/tag_detector': CMAKE_PREFIX_PATH=/opt/ros/humble /usr/bin/cmake --build /home/cam/GitHub/autonomy_2022_23/aruco_detection/ros2_ws/build/tag_detector -- -j4 -l4
[5.375s] DEBUG:colcon.colcon_core.event_handler.log_command:Invoked command in '/home/cam/GitHub/autonomy_2022_23/aruco_detection/ros2_ws/build/tag_detector' returned '0': CMAKE_PREFIX_PATH=/opt/ros/humble /usr/bin/cmake --build /home/cam/GitHub/autonomy_2022_23/aruco_detection/ros2_ws/build/tag_detector -- -j4 -l4
[5.549s] DEBUG:colcon.colcon_core.event_handler.log_command:Invoking command in '/home/cam/GitHub/autonomy_2022_23/aruco_detection/ros2_ws/build/tag_detector': CMAKE_PREFIX_PATH=/opt/ros/humble /usr/bin/cmake --install /home/cam/GitHub/autonomy_2022_23/aruco_detection/ros2_ws/build/tag_detector
[5.790s] Level 1:colcon.colcon_core.environment:create_environment_scripts_only(tag_detector)
[5.793s] DEBUG:colcon.colcon_core.event_handler.log_command:Invoked command in '/home/cam/GitHub/autonomy_2022_23/aruco_detection/ros2_ws/build/tag_detector' returned '0': CMAKE_PREFIX_PATH=/opt/ros/humble /usr/bin/cmake --install /home/cam/GitHub/autonomy_2022_23/aruco_detection/ros2_ws/build/tag_detector
[5.814s] Level 1:colcon.colcon_core.environment:checking '/home/cam/GitHub/autonomy_2022_23/aruco_detection/ros2_ws/install/tag_detector' for CMake module files
[5.817s] Level 1:colcon.colcon_core.environment:checking '/home/cam/GitHub/autonomy_2022_23/aruco_detection/ros2_ws/install/tag_detector' for CMake config files
[5.819s] Level 1:colcon.colcon_core.shell:create_environment_hook('tag_detector', 'cmake_prefix_path')
[5.825s] INFO:colcon.colcon_core.shell:Creating environment hook '/home/cam/GitHub/autonomy_2022_23/aruco_detection/ros2_ws/install/tag_detector/share/tag_detector/hook/cmake_prefix_path.ps1'
[5.828s] INFO:colcon.colcon_core.shell:Creating environment descriptor '/home/cam/GitHub/autonomy_2022_23/aruco_detection/ros2_ws/install/tag_detector/share/tag_detector/hook/cmake_prefix_path.dsv'
[5.830s] INFO:colcon.colcon_core.shell:Creating environment hook '/home/cam/GitHub/autonomy_2022_23/aruco_detection/ros2_ws/install/tag_detector/share/tag_detector/hook/cmake_prefix_path.sh'
[5.835s] Level 1:colcon.colcon_core.environment:checking '/home/cam/GitHub/autonomy_2022_23/aruco_detection/ros2_ws/install/tag_detector/lib'
[5.836s] Level 1:colcon.colcon_core.environment:checking '/home/cam/GitHub/autonomy_2022_23/aruco_detection/ros2_ws/install/tag_detector/bin'
[5.836s] Level 1:colcon.colcon_core.environment:checking '/home/cam/GitHub/autonomy_2022_23/aruco_detection/ros2_ws/install/tag_detector/lib/pkgconfig/tag_detector.pc'
[5.837s] Level 1:colcon.colcon_core.environment:checking '/home/cam/GitHub/autonomy_2022_23/aruco_detection/ros2_ws/install/tag_detector/lib/python3.10/site-packages'
[5.839s] Level 1:colcon.colcon_core.environment:checking '/home/cam/GitHub/autonomy_2022_23/aruco_detection/ros2_ws/install/tag_detector/bin'
[5.846s] INFO:colcon.colcon_core.shell:Creating package script '/home/cam/GitHub/autonomy_2022_23/aruco_detection/ros2_ws/install/tag_detector/share/tag_detector/package.ps1'
[5.849s] INFO:colcon.colcon_core.shell:Creating package descriptor '/home/cam/GitHub/autonomy_2022_23/aruco_detection/ros2_ws/install/tag_detector/share/tag_detector/package.dsv'
[5.852s] INFO:colcon.colcon_core.shell:Creating package script '/home/cam/GitHub/autonomy_2022_23/aruco_detection/ros2_ws/install/tag_detector/share/tag_detector/package.sh'
[5.856s] INFO:colcon.colcon_core.shell:Creating package script '/home/cam/GitHub/autonomy_2022_23/aruco_detection/ros2_ws/install/tag_detector/share/tag_detector/package.bash'
[5.859s] INFO:colcon.colcon_core.shell:Creating package script '/home/cam/GitHub/autonomy_2022_23/aruco_detection/ros2_ws/install/tag_detector/share/tag_detector/package.zsh'
[5.862s] Level 1:colcon.colcon_core.environment:create_file_with_runtime_dependencies(/home/cam/GitHub/autonomy_2022_23/aruco_detection/ros2_ws/install/tag_detector/share/colcon-core/packages/tag_detector)
[5.998s] Level 1:colcon.colcon_core.environment:create_environment_scripts_only(tag_detector)
[6.007s] Level 1:colcon.colcon_core.environment:checking '/home/cam/GitHub/autonomy_2022_23/aruco_detection/ros2_ws/install/tag_detector' for CMake module files
[6.010s] Level 1:colcon.colcon_core.environment:checking '/home/cam/GitHub/autonomy_2022_23/aruco_detection/ros2_ws/install/tag_detector' for CMake config files
[6.012s] Level 1:colcon.colcon_core.shell:create_environment_hook('tag_detector', 'cmake_prefix_path')
[6.018s] INFO:colcon.colcon_core.shell:Creating environment hook '/home/cam/GitHub/autonomy_2022_23/aruco_detection/ros2_ws/install/tag_detector/share/tag_detector/hook/cmake_prefix_path.ps1'
[6.021s] INFO:colcon.colcon_core.shell:Creating environment descriptor '/home/cam/GitHub/autonomy_2022_23/aruco_detection/ros2_ws/install/tag_detector/share/tag_detector/hook/cmake_prefix_path.dsv'
[6.023s] INFO:colcon.colcon_core.shell:Creating environment hook '/home/cam/GitHub/autonomy_2022_23/aruco_detection/ros2_ws/install/tag_detector/share/tag_detector/hook/cmake_prefix_path.sh'
[6.026s] Level 1:colcon.colcon_core.environment:checking '/home/cam/GitHub/autonomy_2022_23/aruco_detection/ros2_ws/install/tag_detector/lib'
[6.026s] Level 1:colcon.colcon_core.environment:checking '/home/cam/GitHub/autonomy_2022_23/aruco_detection/ros2_ws/install/tag_detector/bin'
[6.027s] Level 1:colcon.colcon_core.environment:checking '/home/cam/GitHub/autonomy_2022_23/aruco_detection/ros2_ws/install/tag_detector/lib/pkgconfig/tag_detector.pc'
[6.028s] Level 1:colcon.colcon_core.environment:checking '/home/cam/GitHub/autonomy_2022_23/aruco_detection/ros2_ws/install/tag_detector/lib/python3.10/site-packages'
[6.029s] Level 1:colcon.colcon_core.environment:checking '/home/cam/GitHub/autonomy_2022_23/aruco_detection/ros2_ws/install/tag_detector/bin'
[6.035s] INFO:colcon.colcon_core.shell:Creating package script '/home/cam/GitHub/autonomy_2022_23/aruco_detection/ros2_ws/install/tag_detector/share/tag_detector/package.ps1'
[6.038s] INFO:colcon.colcon_core.shell:Creating package descriptor '/home/cam/GitHub/autonomy_2022_23/aruco_detection/ros2_ws/install/tag_detector/share/tag_detector/package.dsv'
[6.040s] INFO:colcon.colcon_core.shell:Creating package script '/home/cam/GitHub/autonomy_2022_23/aruco_detection/ros2_ws/install/tag_detector/share/tag_detector/package.sh'
[6.043s] INFO:colcon.colcon_core.shell:Creating package script '/home/cam/GitHub/autonomy_2022_23/aruco_detection/ros2_ws/install/tag_detector/share/tag_detector/package.bash'
[6.046s] INFO:colcon.colcon_core.shell:Creating package script '/home/cam/GitHub/autonomy_2022_23/aruco_detection/ros2_ws/install/tag_detector/share/tag_detector/package.zsh'
[6.048s] Level 1:colcon.colcon_core.environment:create_file_with_runtime_dependencies(/home/cam/GitHub/autonomy_2022_23/aruco_detection/ros2_ws/install/tag_detector/share/colcon-core/packages/tag_detector)
[6.049s] DEBUG:colcon.colcon_parallel_executor.executor.parallel:closing loop
[6.051s] DEBUG:colcon.colcon_parallel_executor.executor.parallel:loop closed
[6.051s] DEBUG:colcon.colcon_parallel_executor.executor.parallel:run_until_complete finished with '0'
[6.051s] DEBUG:colcon.colcon_core.event_reactor:joining thread
[6.077s] INFO:colcon.colcon_core.plugin_system:Skipping extension 'colcon_notification.desktop_notification.terminal_notifier': Not used on non-Darwin systems
[6.078s] INFO:colcon.colcon_core.plugin_system:Skipping extension 'colcon_notification.desktop_notification.win32': Not used on non-Windows systems
[6.078s] INFO:colcon.colcon_notification.desktop_notification:Sending desktop notification using 'notify2'
[6.135s] DEBUG:colcon.colcon_core.event_reactor:joined thread
[6.142s] INFO:colcon.colcon_core.shell:Creating prefix script '/home/cam/GitHub/autonomy_2022_23/aruco_detection/ros2_ws/install/local_setup.ps1'
[6.146s] INFO:colcon.colcon_core.shell:Creating prefix util module '/home/cam/GitHub/autonomy_2022_23/aruco_detection/ros2_ws/install/_local_setup_util_ps1.py'
[6.154s] INFO:colcon.colcon_core.shell:Creating prefix chain script '/home/cam/GitHub/autonomy_2022_23/aruco_detection/ros2_ws/install/setup.ps1'
[6.160s] INFO:colcon.colcon_core.shell:Creating prefix script '/home/cam/GitHub/autonomy_2022_23/aruco_detection/ros2_ws/install/local_setup.sh'
[6.163s] INFO:colcon.colcon_core.shell:Creating prefix util module '/home/cam/GitHub/autonomy_2022_23/aruco_detection/ros2_ws/install/_local_setup_util_sh.py'
[6.166s] INFO:colcon.colcon_core.shell:Creating prefix chain script '/home/cam/GitHub/autonomy_2022_23/aruco_detection/ros2_ws/install/setup.sh'
[6.172s] INFO:colcon.colcon_core.shell:Creating prefix script '/home/cam/GitHub/autonomy_2022_23/aruco_detection/ros2_ws/install/local_setup.bash'
[6.175s] INFO:colcon.colcon_core.shell:Creating prefix chain script '/home/cam/GitHub/autonomy_2022_23/aruco_detection/ros2_ws/install/setup.bash'
[6.181s] INFO:colcon.colcon_core.shell:Creating prefix script '/home/cam/GitHub/autonomy_2022_23/aruco_detection/ros2_ws/install/local_setup.zsh'
[6.184s] INFO:colcon.colcon_core.shell:Creating prefix chain script '/home/cam/GitHub/autonomy_2022_23/aruco_detection/ros2_ws/install/setup.zsh'
