-- Found ament_cmake: 1.3.3 (/opt/ros/humble/share/ament_cmake/cmake)
-- Found rclpy: 3.3.5 (/opt/ros/humble/share/rclpy/cmake)
-- Found rosidl_default_generators: 1.2.0 (/opt/ros/humble/share/rosidl_default_generators/cmake)
-- Using all available rosidl_typesupport_c: rosidl_typesupport_fastrtps_c;rosidl_typesupport_introspection_c
-- Found rosidl_adapter: 3.1.4 (/opt/ros/humble/share/rosidl_adapter/cmake)
-- Using all available rosidl_typesupport_cpp: rosidl_typesupport_fastrtps_cpp;rosidl_typesupport_introspection_cpp
-- Found ament_cmake_ros: 0.10.0 (/opt/ros/humble/share/ament_cmake_ros/cmake)
-- Using all available rosidl_typesupport_c: rosidl_typesupport_fastrtps_c;rosidl_typesupport_introspection_c
-- Using all available rosidl_typesupport_cpp: rosidl_typesupport_fastrtps_cpp;rosidl_typesupport_introspection_cpp
-- Found python_cmake_module: 0.10.0 (/opt/ros/humble/share/python_cmake_module/cmake)
-- Using PYTHON_EXECUTABLE: /usr/bin/python3
-- Using PYTHON_INCLUDE_DIRS: /usr/include/python3.10
-- Using PYTHON_LIBRARIES: /usr/lib/aarch64-linux-gnu/libpython3.10.so
[31mCMake Error at /opt/ros/humble/share/ament_cmake_python/cmake/ament_python_install_package.cmake:122 (add_custom_target):
  add_custom_target cannot create target
  "ament_cmake_python_copy_tag_detector" because another target with the same
  name already exists.  The existing target is a custom target created in
  source directory
  "/home/cam/GitHub/autonomy_2022_23/aruco_detection/ros2_ws/src/tag_detector".
  See documentation for policy CMP0002 for more details.
Call Stack (most recent call first):
  /opt/ros/humble/share/ament_cmake_python/cmake/ament_python_install_package.cmake:39 (_ament_cmake_python_install_package)
  CMakeLists.txt:26 (ament_python_install_package)

[0m
[31mCMake Error at /opt/ros/humble/share/ament_cmake_python/cmake/ament_python_install_package.cmake:141 (add_custom_target):
  add_custom_target cannot create target
  "ament_cmake_python_build_tag_detector_egg" because another target with the
  same name already exists.  The existing target is a custom target created
  in source directory
  "/home/cam/GitHub/autonomy_2022_23/aruco_detection/ros2_ws/src/tag_detector".
  See documentation for policy CMP0002 for more details.
Call Stack (most recent call first):
  /opt/ros/humble/share/ament_cmake_python/cmake/ament_python_install_package.cmake:39 (_ament_cmake_python_install_package)
  CMakeLists.txt:26 (ament_python_install_package)

[0m
-- Configuring incomplete, errors occurred!
See also "/home/cam/GitHub/autonomy_2022_23/aruco_detection/ros2_ws/build/tag_detector/CMakeFiles/CMakeOutput.log".
gmake: *** [Makefile:254: cmake_check_build_system] Error 1
