[0.072s] Invoking command in '/home/cam/GitHub/autonomy_2022_23/aruco_detection/ros2_ws/build/tag_interface': CMAKE_PREFIX_PATH=/opt/ros/humble /usr/bin/cmake --build /home/cam/GitHub/autonomy_2022_23/aruco_detection/ros2_ws/build/tag_interface -- -j4 -l4
[0.311s] [  3%] Built target tag_interface__cpp
[0.322s] [ 12%] Built target tag_interface__rosidl_generator_c
[0.364s] [ 12%] Built target ament_cmake_python_copy_tag_interface
[0.428s] [ 22%] Built target tag_interface__rosidl_typesupport_cpp
[0.433s] [ 32%] Built target tag_interface__rosidl_typesupport_fastrtps_cpp
[0.458s] [ 41%] Built target tag_interface__rosidl_typesupport_introspection_cpp
[0.494s] [ 51%] Built target tag_interface__rosidl_typesupport_fastrtps_c
[0.545s] [ 61%] Built target tag_interface__rosidl_typesupport_introspection_c
[0.546s] [ 70%] Built target tag_interface__rosidl_typesupport_c
[0.637s] [ 70%] Built target tag_interface
[0.732s] [ 74%] Built target tag_interface__py
[0.835s] [ 80%] Built target tag_interface__rosidl_generator_py
[0.953s] [ 87%] Built target tag_interface__rosidl_typesupport_fastrtps_c__pyext
[0.959s] [ 93%] Built target tag_interface__rosidl_typesupport_introspection_c__pyext
[0.964s] [100%] Built target tag_interface__rosidl_typesupport_c__pyext
[1.744s] running egg_info
[1.747s] writing tag_interface.egg-info/PKG-INFO
[1.748s] writing dependency_links to tag_interface.egg-info/dependency_links.txt
[1.749s] writing top-level names to tag_interface.egg-info/top_level.txt
[1.760s] reading manifest file 'tag_interface.egg-info/SOURCES.txt'
[1.763s] writing manifest file 'tag_interface.egg-info/SOURCES.txt'
[1.890s] [100%] Built target ament_cmake_python_build_tag_interface_egg
[1.937s] Invoked command in '/home/cam/GitHub/autonomy_2022_23/aruco_detection/ros2_ws/build/tag_interface' returned '0': CMAKE_PREFIX_PATH=/opt/ros/humble /usr/bin/cmake --build /home/cam/GitHub/autonomy_2022_23/aruco_detection/ros2_ws/build/tag_interface -- -j4 -l4
[2.340s] Invoking command in '/home/cam/GitHub/autonomy_2022_23/aruco_detection/ros2_ws/build/tag_interface': CMAKE_PREFIX_PATH=/opt/ros/humble /usr/bin/cmake --install /home/cam/GitHub/autonomy_2022_23/aruco_detection/ros2_ws/build/tag_interface
[2.373s] -- Install configuration: ""
[2.374s] -- Up-to-date: /home/cam/GitHub/autonomy_2022_23/aruco_detection/ros2_ws/install/tag_interface/share/ament_index/resource_index/rosidl_interfaces/tag_interface
[2.374s] -- Up-to-date: /home/cam/GitHub/autonomy_2022_23/aruco_detection/ros2_ws/install/tag_interface/include/tag_interface/tag_interface
[2.375s] -- Up-to-date: /home/cam/GitHub/autonomy_2022_23/aruco_detection/ros2_ws/install/tag_interface/include/tag_interface/tag_interface/msg
[2.375s] -- Up-to-date: /home/cam/GitHub/autonomy_2022_23/aruco_detection/ros2_ws/install/tag_interface/include/tag_interface/tag_interface/msg/rosidl_generator_c__visibility_control.h
[2.376s] -- Up-to-date: /home/cam/GitHub/autonomy_2022_23/aruco_detection/ros2_ws/install/tag_interface/include/tag_interface/tag_interface/msg/detail
[2.376s] -- Up-to-date: /home/cam/GitHub/autonomy_2022_23/aruco_detection/ros2_ws/install/tag_interface/include/tag_interface/tag_interface/msg/detail/tag__type_support.h
[2.377s] -- Up-to-date: /home/cam/GitHub/autonomy_2022_23/aruco_detection/ros2_ws/install/tag_interface/include/tag_interface/tag_interface/msg/detail/tag__functions.h
[2.377s] -- Up-to-date: /home/cam/GitHub/autonomy_2022_23/aruco_detection/ros2_ws/install/tag_interface/include/tag_interface/tag_interface/msg/detail/tag__struct.h
[2.378s] -- Up-to-date: /home/cam/GitHub/autonomy_2022_23/aruco_detection/ros2_ws/install/tag_interface/include/tag_interface/tag_interface/msg/detail/tag__functions.c
[2.378s] -- Up-to-date: /home/cam/GitHub/autonomy_2022_23/aruco_detection/ros2_ws/install/tag_interface/include/tag_interface/tag_interface/msg/tag.h
[2.379s] -- Up-to-date: /home/cam/GitHub/autonomy_2022_23/aruco_detection/ros2_ws/install/tag_interface/share/tag_interface/environment/library_path.sh
[2.379s] -- Up-to-date: /home/cam/GitHub/autonomy_2022_23/aruco_detection/ros2_ws/install/tag_interface/share/tag_interface/environment/library_path.dsv
[2.380s] -- Up-to-date: /home/cam/GitHub/autonomy_2022_23/aruco_detection/ros2_ws/install/tag_interface/lib/libtag_interface__rosidl_generator_c.so
[2.382s] -- Up-to-date: /home/cam/GitHub/autonomy_2022_23/aruco_detection/ros2_ws/install/tag_interface/include/tag_interface/tag_interface
[2.382s] -- Up-to-date: /home/cam/GitHub/autonomy_2022_23/aruco_detection/ros2_ws/install/tag_interface/include/tag_interface/tag_interface/msg
[2.383s] -- Up-to-date: /home/cam/GitHub/autonomy_2022_23/aruco_detection/ros2_ws/install/tag_interface/include/tag_interface/tag_interface/msg/rosidl_typesupport_fastrtps_c__visibility_control.h
[2.383s] -- Up-to-date: /home/cam/GitHub/autonomy_2022_23/aruco_detection/ros2_ws/install/tag_interface/include/tag_interface/tag_interface/msg/detail
[2.384s] -- Up-to-date: /home/cam/GitHub/autonomy_2022_23/aruco_detection/ros2_ws/install/tag_interface/include/tag_interface/tag_interface/msg/detail/tag__rosidl_typesupport_fastrtps_c.h
[2.385s] -- Up-to-date: /home/cam/GitHub/autonomy_2022_23/aruco_detection/ros2_ws/install/tag_interface/lib/libtag_interface__rosidl_typesupport_fastrtps_c.so
[2.387s] -- Up-to-date: /home/cam/GitHub/autonomy_2022_23/aruco_detection/ros2_ws/install/tag_interface/include/tag_interface/tag_interface
[2.387s] -- Up-to-date: /home/cam/GitHub/autonomy_2022_23/aruco_detection/ros2_ws/install/tag_interface/include/tag_interface/tag_interface/msg
[2.388s] -- Up-to-date: /home/cam/GitHub/autonomy_2022_23/aruco_detection/ros2_ws/install/tag_interface/include/tag_interface/tag_interface/msg/rosidl_typesupport_introspection_c__visibility_control.h
[2.388s] -- Up-to-date: /home/cam/GitHub/autonomy_2022_23/aruco_detection/ros2_ws/install/tag_interface/include/tag_interface/tag_interface/msg/detail
[2.389s] -- Up-to-date: /home/cam/GitHub/autonomy_2022_23/aruco_detection/ros2_ws/install/tag_interface/include/tag_interface/tag_interface/msg/detail/tag__rosidl_typesupport_introspection_c.h
[2.389s] -- Up-to-date: /home/cam/GitHub/autonomy_2022_23/aruco_detection/ros2_ws/install/tag_interface/include/tag_interface/tag_interface/msg/detail/tag__type_support.c
[2.391s] -- Up-to-date: /home/cam/GitHub/autonomy_2022_23/aruco_detection/ros2_ws/install/tag_interface/lib/libtag_interface__rosidl_typesupport_introspection_c.so
[2.393s] -- Up-to-date: /home/cam/GitHub/autonomy_2022_23/aruco_detection/ros2_ws/install/tag_interface/lib/libtag_interface__rosidl_typesupport_c.so
[2.395s] -- Up-to-date: /home/cam/GitHub/autonomy_2022_23/aruco_detection/ros2_ws/install/tag_interface/include/tag_interface/tag_interface
[2.395s] -- Up-to-date: /home/cam/GitHub/autonomy_2022_23/aruco_detection/ros2_ws/install/tag_interface/include/tag_interface/tag_interface/msg
[2.396s] -- Up-to-date: /home/cam/GitHub/autonomy_2022_23/aruco_detection/ros2_ws/install/tag_interface/include/tag_interface/tag_interface/msg/tag.hpp
[2.396s] -- Up-to-date: /home/cam/GitHub/autonomy_2022_23/aruco_detection/ros2_ws/install/tag_interface/include/tag_interface/tag_interface/msg/detail
[2.397s] -- Up-to-date: /home/cam/GitHub/autonomy_2022_23/aruco_detection/ros2_ws/install/tag_interface/include/tag_interface/tag_interface/msg/detail/tag__builder.hpp
[2.397s] -- Up-to-date: /home/cam/GitHub/autonomy_2022_23/aruco_detection/ros2_ws/install/tag_interface/include/tag_interface/tag_interface/msg/detail/tag__struct.hpp
[2.398s] -- Up-to-date: /home/cam/GitHub/autonomy_2022_23/aruco_detection/ros2_ws/install/tag_interface/include/tag_interface/tag_interface/msg/detail/tag__traits.hpp
[2.398s] -- Up-to-date: /home/cam/GitHub/autonomy_2022_23/aruco_detection/ros2_ws/install/tag_interface/include/tag_interface/tag_interface
[2.399s] -- Up-to-date: /home/cam/GitHub/autonomy_2022_23/aruco_detection/ros2_ws/install/tag_interface/include/tag_interface/tag_interface/msg
[2.399s] -- Up-to-date: /home/cam/GitHub/autonomy_2022_23/aruco_detection/ros2_ws/install/tag_interface/include/tag_interface/tag_interface/msg/rosidl_typesupport_fastrtps_cpp__visibility_control.h
[2.399s] -- Up-to-date: /home/cam/GitHub/autonomy_2022_23/aruco_detection/ros2_ws/install/tag_interface/include/tag_interface/tag_interface/msg/detail
[2.400s] -- Up-to-date: /home/cam/GitHub/autonomy_2022_23/aruco_detection/ros2_ws/install/tag_interface/include/tag_interface/tag_interface/msg/detail/tag__rosidl_typesupport_fastrtps_cpp.hpp
[2.400s] -- Up-to-date: /home/cam/GitHub/autonomy_2022_23/aruco_detection/ros2_ws/install/tag_interface/include/tag_interface/tag_interface/msg/detail/dds_fastrtps
[2.402s] -- Up-to-date: /home/cam/GitHub/autonomy_2022_23/aruco_detection/ros2_ws/install/tag_interface/lib/libtag_interface__rosidl_typesupport_fastrtps_cpp.so
[2.403s] -- Up-to-date: /home/cam/GitHub/autonomy_2022_23/aruco_detection/ros2_ws/install/tag_interface/include/tag_interface/tag_interface
[2.404s] -- Up-to-date: /home/cam/GitHub/autonomy_2022_23/aruco_detection/ros2_ws/install/tag_interface/include/tag_interface/tag_interface/msg
[2.404s] -- Up-to-date: /home/cam/GitHub/autonomy_2022_23/aruco_detection/ros2_ws/install/tag_interface/include/tag_interface/tag_interface/msg/detail
[2.405s] -- Up-to-date: /home/cam/GitHub/autonomy_2022_23/aruco_detection/ros2_ws/install/tag_interface/include/tag_interface/tag_interface/msg/detail/tag__rosidl_typesupport_introspection_cpp.hpp
[2.406s] -- Up-to-date: /home/cam/GitHub/autonomy_2022_23/aruco_detection/ros2_ws/install/tag_interface/include/tag_interface/tag_interface/msg/detail/tag__type_support.cpp
[2.408s] -- Up-to-date: /home/cam/GitHub/autonomy_2022_23/aruco_detection/ros2_ws/install/tag_interface/lib/libtag_interface__rosidl_typesupport_introspection_cpp.so
[2.410s] -- Up-to-date: /home/cam/GitHub/autonomy_2022_23/aruco_detection/ros2_ws/install/tag_interface/lib/libtag_interface__rosidl_typesupport_cpp.so
[2.411s] -- Up-to-date: /home/cam/GitHub/autonomy_2022_23/aruco_detection/ros2_ws/install/tag_interface/share/tag_interface/environment/pythonpath.sh
[2.412s] -- Up-to-date: /home/cam/GitHub/autonomy_2022_23/aruco_detection/ros2_ws/install/tag_interface/share/tag_interface/environment/pythonpath.dsv
[2.413s] -- Up-to-date: /home/cam/GitHub/autonomy_2022_23/aruco_detection/ros2_ws/install/tag_interface/local/lib/python3.10/dist-packages/tag_interface-0.0.0-py3.10.egg-info
[2.413s] -- Installing: /home/cam/GitHub/autonomy_2022_23/aruco_detection/ros2_ws/install/tag_interface/local/lib/python3.10/dist-packages/tag_interface-0.0.0-py3.10.egg-info/PKG-INFO
[2.414s] -- Installing: /home/cam/GitHub/autonomy_2022_23/aruco_detection/ros2_ws/install/tag_interface/local/lib/python3.10/dist-packages/tag_interface-0.0.0-py3.10.egg-info/top_level.txt
[2.416s] -- Installing: /home/cam/GitHub/autonomy_2022_23/aruco_detection/ros2_ws/install/tag_interface/local/lib/python3.10/dist-packages/tag_interface-0.0.0-py3.10.egg-info/SOURCES.txt
[2.418s] -- Installing: /home/cam/GitHub/autonomy_2022_23/aruco_detection/ros2_ws/install/tag_interface/local/lib/python3.10/dist-packages/tag_interface-0.0.0-py3.10.egg-info/dependency_links.txt
[2.419s] -- Up-to-date: /home/cam/GitHub/autonomy_2022_23/aruco_detection/ros2_ws/install/tag_interface/local/lib/python3.10/dist-packages/tag_interface
[2.420s] -- Up-to-date: /home/cam/GitHub/autonomy_2022_23/aruco_detection/ros2_ws/install/tag_interface/local/lib/python3.10/dist-packages/tag_interface/tag_interface_s__rosidl_typesupport_c.cpython-310-aarch64-linux-gnu.so
[2.421s] -- Up-to-date: /home/cam/GitHub/autonomy_2022_23/aruco_detection/ros2_ws/install/tag_interface/local/lib/python3.10/dist-packages/tag_interface/msg
[2.421s] -- Up-to-date: /home/cam/GitHub/autonomy_2022_23/aruco_detection/ros2_ws/install/tag_interface/local/lib/python3.10/dist-packages/tag_interface/msg/_tag_s.c
[2.422s] -- Up-to-date: /home/cam/GitHub/autonomy_2022_23/aruco_detection/ros2_ws/install/tag_interface/local/lib/python3.10/dist-packages/tag_interface/msg/_tag.py
[2.422s] -- Up-to-date: /home/cam/GitHub/autonomy_2022_23/aruco_detection/ros2_ws/install/tag_interface/local/lib/python3.10/dist-packages/tag_interface/msg/__init__.py
[2.422s] -- Up-to-date: /home/cam/GitHub/autonomy_2022_23/aruco_detection/ros2_ws/install/tag_interface/local/lib/python3.10/dist-packages/tag_interface/tag_interface_s__rosidl_typesupport_fastrtps_c.cpython-310-aarch64-linux-gnu.so
[2.423s] -- Up-to-date: /home/cam/GitHub/autonomy_2022_23/aruco_detection/ros2_ws/install/tag_interface/local/lib/python3.10/dist-packages/tag_interface/__init__.py
[2.423s] -- Up-to-date: /home/cam/GitHub/autonomy_2022_23/aruco_detection/ros2_ws/install/tag_interface/local/lib/python3.10/dist-packages/tag_interface/_tag_interface_s.ep.rosidl_typesupport_fastrtps_c.c
[2.424s] -- Up-to-date: /home/cam/GitHub/autonomy_2022_23/aruco_detection/ros2_ws/install/tag_interface/local/lib/python3.10/dist-packages/tag_interface/_tag_interface_s.ep.rosidl_typesupport_introspection_c.c
[2.424s] -- Up-to-date: /home/cam/GitHub/autonomy_2022_23/aruco_detection/ros2_ws/install/tag_interface/local/lib/python3.10/dist-packages/tag_interface/_tag_interface_s.ep.rosidl_typesupport_c.c
[2.425s] -- Up-to-date: /home/cam/GitHub/autonomy_2022_23/aruco_detection/ros2_ws/install/tag_interface/local/lib/python3.10/dist-packages/tag_interface/tag_interface_s__rosidl_typesupport_introspection_c.cpython-310-aarch64-linux-gnu.so
[2.425s] -- Up-to-date: /home/cam/GitHub/autonomy_2022_23/aruco_detection/ros2_ws/install/tag_interface/local/lib/python3.10/dist-packages/tag_interface/libtag_interface__rosidl_generator_py.so
[2.574s] Listing '/home/cam/GitHub/autonomy_2022_23/aruco_detection/ros2_ws/install/tag_interface/local/lib/python3.10/dist-packages/tag_interface'...
[2.575s] Listing '/home/cam/GitHub/autonomy_2022_23/aruco_detection/ros2_ws/install/tag_interface/local/lib/python3.10/dist-packages/tag_interface/msg'...
[2.598s] -- Up-to-date: /home/cam/GitHub/autonomy_2022_23/aruco_detection/ros2_ws/install/tag_interface/local/lib/python3.10/dist-packages/tag_interface/tag_interface_s__rosidl_typesupport_fastrtps_c.cpython-310-aarch64-linux-gnu.so
[2.601s] -- Up-to-date: /home/cam/GitHub/autonomy_2022_23/aruco_detection/ros2_ws/install/tag_interface/local/lib/python3.10/dist-packages/tag_interface/tag_interface_s__rosidl_typesupport_introspection_c.cpython-310-aarch64-linux-gnu.so
[2.604s] -- Up-to-date: /home/cam/GitHub/autonomy_2022_23/aruco_detection/ros2_ws/install/tag_interface/local/lib/python3.10/dist-packages/tag_interface/tag_interface_s__rosidl_typesupport_c.cpython-310-aarch64-linux-gnu.so
[2.608s] -- Up-to-date: /home/cam/GitHub/autonomy_2022_23/aruco_detection/ros2_ws/install/tag_interface/lib/libtag_interface__rosidl_generator_py.so
[2.610s] -- Up-to-date: /home/cam/GitHub/autonomy_2022_23/aruco_detection/ros2_ws/install/tag_interface/share/tag_interface/msg/Tag.idl
[2.611s] -- Up-to-date: /home/cam/GitHub/autonomy_2022_23/aruco_detection/ros2_ws/install/tag_interface/share/tag_interface/msg/Tag.msg
[2.612s] -- Up-to-date: /home/cam/GitHub/autonomy_2022_23/aruco_detection/ros2_ws/install/tag_interface/share/ament_index/resource_index/package_run_dependencies/tag_interface
[2.613s] -- Up-to-date: /home/cam/GitHub/autonomy_2022_23/aruco_detection/ros2_ws/install/tag_interface/share/ament_index/resource_index/parent_prefix_path/tag_interface
[2.613s] -- Up-to-date: /home/cam/GitHub/autonomy_2022_23/aruco_detection/ros2_ws/install/tag_interface/share/tag_interface/environment/ament_prefix_path.sh
[2.614s] -- Up-to-date: /home/cam/GitHub/autonomy_2022_23/aruco_detection/ros2_ws/install/tag_interface/share/tag_interface/environment/ament_prefix_path.dsv
[2.614s] -- Up-to-date: /home/cam/GitHub/autonomy_2022_23/aruco_detection/ros2_ws/install/tag_interface/share/tag_interface/environment/path.sh
[2.615s] -- Up-to-date: /home/cam/GitHub/autonomy_2022_23/aruco_detection/ros2_ws/install/tag_interface/share/tag_interface/environment/path.dsv
[2.615s] -- Up-to-date: /home/cam/GitHub/autonomy_2022_23/aruco_detection/ros2_ws/install/tag_interface/share/tag_interface/local_setup.bash
[2.616s] -- Up-to-date: /home/cam/GitHub/autonomy_2022_23/aruco_detection/ros2_ws/install/tag_interface/share/tag_interface/local_setup.sh
[2.616s] -- Up-to-date: /home/cam/GitHub/autonomy_2022_23/aruco_detection/ros2_ws/install/tag_interface/share/tag_interface/local_setup.zsh
[2.617s] -- Up-to-date: /home/cam/GitHub/autonomy_2022_23/aruco_detection/ros2_ws/install/tag_interface/share/tag_interface/local_setup.dsv
[2.617s] -- Installing: /home/cam/GitHub/autonomy_2022_23/aruco_detection/ros2_ws/install/tag_interface/share/tag_interface/package.dsv
[2.618s] -- Up-to-date: /home/cam/GitHub/autonomy_2022_23/aruco_detection/ros2_ws/install/tag_interface/share/ament_index/resource_index/packages/tag_interface
[2.619s] -- Up-to-date: /home/cam/GitHub/autonomy_2022_23/aruco_detection/ros2_ws/install/tag_interface/share/tag_interface/cmake/export_tag_interface__rosidl_generator_cExport.cmake
[2.620s] -- Up-to-date: /home/cam/GitHub/autonomy_2022_23/aruco_detection/ros2_ws/install/tag_interface/share/tag_interface/cmake/export_tag_interface__rosidl_generator_cExport-noconfig.cmake
[2.621s] -- Up-to-date: /home/cam/GitHub/autonomy_2022_23/aruco_detection/ros2_ws/install/tag_interface/share/tag_interface/cmake/export_tag_interface__rosidl_typesupport_fastrtps_cExport.cmake
[2.622s] -- Up-to-date: /home/cam/GitHub/autonomy_2022_23/aruco_detection/ros2_ws/install/tag_interface/share/tag_interface/cmake/export_tag_interface__rosidl_typesupport_fastrtps_cExport-noconfig.cmake
[2.623s] -- Up-to-date: /home/cam/GitHub/autonomy_2022_23/aruco_detection/ros2_ws/install/tag_interface/share/tag_interface/cmake/tag_interface__rosidl_typesupport_introspection_cExport.cmake
[2.623s] -- Up-to-date: /home/cam/GitHub/autonomy_2022_23/aruco_detection/ros2_ws/install/tag_interface/share/tag_interface/cmake/tag_interface__rosidl_typesupport_introspection_cExport-noconfig.cmake
[2.624s] -- Up-to-date: /home/cam/GitHub/autonomy_2022_23/aruco_detection/ros2_ws/install/tag_interface/share/tag_interface/cmake/tag_interface__rosidl_typesupport_cExport.cmake
[2.625s] -- Up-to-date: /home/cam/GitHub/autonomy_2022_23/aruco_detection/ros2_ws/install/tag_interface/share/tag_interface/cmake/tag_interface__rosidl_typesupport_cExport-noconfig.cmake
[2.626s] -- Up-to-date: /home/cam/GitHub/autonomy_2022_23/aruco_detection/ros2_ws/install/tag_interface/share/tag_interface/cmake/export_tag_interface__rosidl_generator_cppExport.cmake
[2.627s] -- Up-to-date: /home/cam/GitHub/autonomy_2022_23/aruco_detection/ros2_ws/install/tag_interface/share/tag_interface/cmake/export_tag_interface__rosidl_typesupport_fastrtps_cppExport.cmake
[2.628s] -- Up-to-date: /home/cam/GitHub/autonomy_2022_23/aruco_detection/ros2_ws/install/tag_interface/share/tag_interface/cmake/export_tag_interface__rosidl_typesupport_fastrtps_cppExport-noconfig.cmake
[2.629s] -- Up-to-date: /home/cam/GitHub/autonomy_2022_23/aruco_detection/ros2_ws/install/tag_interface/share/tag_interface/cmake/tag_interface__rosidl_typesupport_introspection_cppExport.cmake
[2.629s] -- Up-to-date: /home/cam/GitHub/autonomy_2022_23/aruco_detection/ros2_ws/install/tag_interface/share/tag_interface/cmake/tag_interface__rosidl_typesupport_introspection_cppExport-noconfig.cmake
[2.630s] -- Up-to-date: /home/cam/GitHub/autonomy_2022_23/aruco_detection/ros2_ws/install/tag_interface/share/tag_interface/cmake/tag_interface__rosidl_typesupport_cppExport.cmake
[2.631s] -- Up-to-date: /home/cam/GitHub/autonomy_2022_23/aruco_detection/ros2_ws/install/tag_interface/share/tag_interface/cmake/tag_interface__rosidl_typesupport_cppExport-noconfig.cmake
[2.632s] -- Up-to-date: /home/cam/GitHub/autonomy_2022_23/aruco_detection/ros2_ws/install/tag_interface/share/tag_interface/cmake/export_tag_interface__rosidl_generator_pyExport.cmake
[2.633s] -- Up-to-date: /home/cam/GitHub/autonomy_2022_23/aruco_detection/ros2_ws/install/tag_interface/share/tag_interface/cmake/export_tag_interface__rosidl_generator_pyExport-noconfig.cmake
[2.633s] -- Up-to-date: /home/cam/GitHub/autonomy_2022_23/aruco_detection/ros2_ws/install/tag_interface/share/tag_interface/cmake/rosidl_cmake-extras.cmake
[2.634s] -- Up-to-date: /home/cam/GitHub/autonomy_2022_23/aruco_detection/ros2_ws/install/tag_interface/share/tag_interface/cmake/ament_cmake_export_include_directories-extras.cmake
[2.634s] -- Up-to-date: /home/cam/GitHub/autonomy_2022_23/aruco_detection/ros2_ws/install/tag_interface/share/tag_interface/cmake/ament_cmake_export_libraries-extras.cmake
[2.635s] -- Up-to-date: /home/cam/GitHub/autonomy_2022_23/aruco_detection/ros2_ws/install/tag_interface/share/tag_interface/cmake/ament_cmake_export_targets-extras.cmake
[2.635s] -- Up-to-date: /home/cam/GitHub/autonomy_2022_23/aruco_detection/ros2_ws/install/tag_interface/share/tag_interface/cmake/rosidl_cmake_export_typesupport_targets-extras.cmake
[2.636s] -- Up-to-date: /home/cam/GitHub/autonomy_2022_23/aruco_detection/ros2_ws/install/tag_interface/share/tag_interface/cmake/ament_cmake_export_dependencies-extras.cmake
[2.637s] -- Up-to-date: /home/cam/GitHub/autonomy_2022_23/aruco_detection/ros2_ws/install/tag_interface/share/tag_interface/cmake/rosidl_cmake_export_typesupport_libraries-extras.cmake
[2.637s] -- Up-to-date: /home/cam/GitHub/autonomy_2022_23/aruco_detection/ros2_ws/install/tag_interface/share/tag_interface/cmake/tag_interfaceConfig.cmake
[2.638s] -- Up-to-date: /home/cam/GitHub/autonomy_2022_23/aruco_detection/ros2_ws/install/tag_interface/share/tag_interface/cmake/tag_interfaceConfig-version.cmake
[2.638s] -- Up-to-date: /home/cam/GitHub/autonomy_2022_23/aruco_detection/ros2_ws/install/tag_interface/share/tag_interface/package.xml
[2.648s] Invoked command in '/home/cam/GitHub/autonomy_2022_23/aruco_detection/ros2_ws/build/tag_interface' returned '0': CMAKE_PREFIX_PATH=/opt/ros/humble /usr/bin/cmake --install /home/cam/GitHub/autonomy_2022_23/aruco_detection/ros2_ws/build/tag_interface
