[3.025s] Invoking command in '/home/cam/GitHub/autonomy_2022_23/aruco_detection/ros2_ws/src/tag_detection': AMENT_PREFIX_PATH=/home/cam/GitHub/autonomy_2022_23/aruco_detection/ros2_ws/install/tag_interface:${AMENT_PREFIX_PATH} CMAKE_PREFIX_PATH=/home/cam/GitHub/autonomy_2022_23/aruco_detection/ros2_ws/install/tag_interface LD_LIBRARY_PATH=/home/cam/GitHub/autonomy_2022_23/aruco_detection/ros2_ws/install/tag_interface/lib:${LD_LIBRARY_PATH} PYTHONPATH=/home/cam/GitHub/autonomy_2022_23/aruco_detection/ros2_ws/build/tag_detection/prefix_override:/home/cam/GitHub/autonomy_2022_23/aruco_detection/ros2_ws/install/tag_detection/lib/python3.10/site-packages:/home/cam/GitHub/autonomy_2022_23/aruco_detection/ros2_ws/install/tag_interface/local/lib/python3.10/dist-packages:${PYTHONPATH} /usr/bin/python3 setup.py egg_info --egg-base ../../build/tag_detection build --build-base /home/cam/GitHub/autonomy_2022_23/aruco_detection/ros2_ws/build/tag_detection/build install --record /home/cam/GitHub/autonomy_2022_23/aruco_detection/ros2_ws/build/tag_detection/install.log --single-version-externally-managed
[4.249s] running egg_info
[4.252s] writing ../../build/tag_detection/tag_detection.egg-info/PKG-INFO
[4.254s] writing dependency_links to ../../build/tag_detection/tag_detection.egg-info/dependency_links.txt
[4.255s] writing entry points to ../../build/tag_detection/tag_detection.egg-info/entry_points.txt
[4.255s] writing requirements to ../../build/tag_detection/tag_detection.egg-info/requires.txt
[4.256s] writing top-level names to ../../build/tag_detection/tag_detection.egg-info/top_level.txt
[4.265s] reading manifest file '../../build/tag_detection/tag_detection.egg-info/SOURCES.txt'
[4.271s] writing manifest file '../../build/tag_detection/tag_detection.egg-info/SOURCES.txt'
[4.271s] running build
[4.272s] running build_py
[4.273s] copying tag_detection/tag_detector.py -> /home/cam/GitHub/autonomy_2022_23/aruco_detection/ros2_ws/build/tag_detection/build/lib/tag_detection
[4.275s] copying tag_detection/aruco_dist.py -> /home/cam/GitHub/autonomy_2022_23/aruco_detection/ros2_ws/build/tag_detection/build/lib/tag_detection
[4.276s] running install
[4.277s] /usr/lib/python3/dist-packages/setuptools/command/install.py:34: SetuptoolsDeprecationWarning: setup.py install is deprecated. Use build and pip and other standards-based tools.
[4.278s]   warnings.warn(
[4.278s] running install_lib
[4.282s] copying /home/cam/GitHub/autonomy_2022_23/aruco_detection/ros2_ws/build/tag_detection/build/lib/tag_detection/tag_detector.py -> /home/cam/GitHub/autonomy_2022_23/aruco_detection/ros2_ws/install/tag_detection/lib/python3.10/site-packages/tag_detection
[4.284s] copying /home/cam/GitHub/autonomy_2022_23/aruco_detection/ros2_ws/build/tag_detection/build/lib/tag_detection/aruco_dist.py -> /home/cam/GitHub/autonomy_2022_23/aruco_detection/ros2_ws/install/tag_detection/lib/python3.10/site-packages/tag_detection
[4.287s] byte-compiling /home/cam/GitHub/autonomy_2022_23/aruco_detection/ros2_ws/install/tag_detection/lib/python3.10/site-packages/tag_detection/tag_detector.py to tag_detector.cpython-310.pyc
[4.293s] byte-compiling /home/cam/GitHub/autonomy_2022_23/aruco_detection/ros2_ws/install/tag_detection/lib/python3.10/site-packages/tag_detection/aruco_dist.py to aruco_dist.cpython-310.pyc
[4.298s] running install_data
[4.300s] running install_egg_info
[4.307s] removing '/home/cam/GitHub/autonomy_2022_23/aruco_detection/ros2_ws/install/tag_detection/lib/python3.10/site-packages/tag_detection-0.0.0-py3.10.egg-info' (and everything under it)
[4.309s] Copying ../../build/tag_detection/tag_detection.egg-info to /home/cam/GitHub/autonomy_2022_23/aruco_detection/ros2_ws/install/tag_detection/lib/python3.10/site-packages/tag_detection-0.0.0-py3.10.egg-info
[4.315s] running install_scripts
[4.404s] Installing detect_tag script to /home/cam/GitHub/autonomy_2022_23/aruco_detection/ros2_ws/install/tag_detection/lib/tag_detection
[4.405s] Installing subscribe_tag script to /home/cam/GitHub/autonomy_2022_23/aruco_detection/ros2_ws/install/tag_detection/lib/tag_detection
[4.407s] writing list of installed files to '/home/cam/GitHub/autonomy_2022_23/aruco_detection/ros2_ws/build/tag_detection/install.log'
[4.535s] Invoked command in '/home/cam/GitHub/autonomy_2022_23/aruco_detection/ros2_ws/src/tag_detection' returned '0': AMENT_PREFIX_PATH=/home/cam/GitHub/autonomy_2022_23/aruco_detection/ros2_ws/install/tag_interface:${AMENT_PREFIX_PATH} CMAKE_PREFIX_PATH=/home/cam/GitHub/autonomy_2022_23/aruco_detection/ros2_ws/install/tag_interface LD_LIBRARY_PATH=/home/cam/GitHub/autonomy_2022_23/aruco_detection/ros2_ws/install/tag_interface/lib:${LD_LIBRARY_PATH} PYTHONPATH=/home/cam/GitHub/autonomy_2022_23/aruco_detection/ros2_ws/build/tag_detection/prefix_override:/home/cam/GitHub/autonomy_2022_23/aruco_detection/ros2_ws/install/tag_detection/lib/python3.10/site-packages:/home/cam/GitHub/autonomy_2022_23/aruco_detection/ros2_ws/install/tag_interface/local/lib/python3.10/dist-packages:${PYTHONPATH} /usr/bin/python3 setup.py egg_info --egg-base ../../build/tag_detection build --build-base /home/cam/GitHub/autonomy_2022_23/aruco_detection/ros2_ws/build/tag_detection/build install --record /home/cam/GitHub/autonomy_2022_23/aruco_detection/ros2_ws/build/tag_detection/install.log --single-version-externally-managed
