[35m[1mConsolidate compiler generated dependencies of target tag_interface__rosidl_generator_c[0m
[  3%] Built target tag_interface__cpp
[ 12%] Built target tag_interface__rosidl_generator_c
[35m[1mConsolidate compiler generated dependencies of target tag_interface__rosidl_typesupport_cpp[0m
[35m[1mConsolidate compiler generated dependencies of target tag_interface__rosidl_typesupport_fastrtps_cpp[0m
[35m[1mConsolidate compiler generated dependencies of target tag_interface__rosidl_typesupport_introspection_cpp[0m
[ 12%] Built target ament_cmake_python_copy_tag_interface
[ 41%] Built target tag_interface__rosidl_typesupport_cpp
[ 41%] Built target tag_interface__rosidl_typesupport_fastrtps_cpp
[ 41%] Built target tag_interface__rosidl_typesupport_introspection_cpp
[35m[1mConsolidate compiler generated dependencies of target tag_interface__rosidl_typesupport_fastrtps_c[0m
[35m[1mConsolidate compiler generated dependencies of target tag_interface__rosidl_typesupport_introspection_c[0m
[35m[1mConsolidate compiler generated dependencies of target tag_interface__rosidl_typesupport_c[0m
[ 51%] Built target tag_interface__rosidl_typesupport_fastrtps_c
[ 61%] Built target tag_interface__rosidl_typesupport_introspection_c
[ 70%] Built target tag_interface__rosidl_typesupport_c
[ 70%] Built target tag_interface
[ 74%] Built target tag_interface__py
[35m[1mConsolidate compiler generated dependencies of target tag_interface__rosidl_generator_py[0m
[ 80%] Built target tag_interface__rosidl_generator_py
[35m[1mConsolidate compiler generated dependencies of target tag_interface__rosidl_typesupport_fastrtps_c__pyext[0m
[35m[1mConsolidate compiler generated dependencies of target tag_interface__rosidl_typesupport_c__pyext[0m
[35m[1mConsolidate compiler generated dependencies of target tag_interface__rosidl_typesupport_introspection_c__pyext[0m
Traceback (most recent call last):
  File "/home/cam/GitHub/autonomy_2022_23/aruco_detection/ros2_ws/build/tag_interface/ament_cmake_python/tag_interface/setup.py", line 1, in <module>
    from setuptools import find_packages
  File "/usr/lib/python3/dist-packages/setuptools/__init__.py", line 16, in <module>
gmake[1]: *** [CMakeFiles/Makefile2:565: CMakeFiles/tag_interface__rosidl_typesupport_c__pyext.dir/all] Interrupt
gmake[1]: *** [CMakeFiles/Makefile2:536: CMakeFiles/tag_interface__rosidl_typesupport_introspection_c__pyext.dir/all] Interrupt
    import setuptools.version
  File "/usr/lib/python3/dist-packages/setuptools/version.py", line 1, in <module>
    import pkg_resources
  File "/usr/lib/python3/dist-packages/pkg_resources/__init__.py", line 78, in <module>
gmake[1]: *** [CMakeFiles/Makefile2:506: CMakeFiles/tag_interface__rosidl_typesupport_fastrtps_c__pyext.dir/all] Interrupt
    __import__('pkg_resources.extern.packaging.requirements')
  File "/usr/lib/python3/dist-packages/pkg_resources/_vendor/packaging/requirements.py", line 61, in <module>
    VERSION_ONE + ZeroOrMore(COMMA + VERSION_ONE), joinString=",", adjacent=False
  File "/usr/lib/python3/dist-packages/pkg_resources/_vendor/pyparsing.py", line 1839, in __add__
    return And( [ self, other ] )
  File "/usr/lib/python3/dist-packages/pkg_resources/_vendor/pyparsing.py", line 3392, in __init__
    self.mayReturnEmpty = all(e.mayReturnEmpty for e in self.exprs)
KeyboardInterrupt
gmake[2]: *** [CMakeFiles/ament_cmake_python_build_tag_interface_egg.dir/build.make:70: CMakeFiles/ament_cmake_python_build_tag_interface_egg] Interrupt
gmake[1]: *** [CMakeFiles/Makefile2:447: CMakeFiles/ament_cmake_python_build_tag_interface_egg.dir/all] Interrupt
gmake: *** [Makefile:146: all] Interrupt
