[0.065s] Invoking command in '/home/cam/GitHub/autonomy_2022_23/aruco_detection/ros2_ws/build/tag_interface': CMAKE_PREFIX_PATH=/opt/ros/humble /usr/bin/cmake --build /home/cam/GitHub/autonomy_2022_23/aruco_detection/ros2_ws/build/tag_interface -- -j4 -l4
[0.303s] [  3%] Built target tag_interface__cpp
[0.315s] [ 12%] Built target tag_interface__rosidl_generator_c
[0.361s] [ 12%] Built target ament_cmake_python_copy_tag_interface
[0.414s] [ 22%] Built target tag_interface__rosidl_typesupport_cpp
[0.430s] [ 32%] Built target tag_interface__rosidl_typesupport_fastrtps_cpp
[0.444s] [ 41%] Built target tag_interface__rosidl_typesupport_introspection_cpp
[0.493s] [ 51%] Built target tag_interface__rosidl_typesupport_fastrtps_c
[0.523s] [ 61%] Built target tag_interface__rosidl_typesupport_introspection_c
[0.535s] [ 70%] Built target tag_interface__rosidl_typesupport_c
[0.626s] [ 70%] Built target tag_interface
[0.723s] [ 74%] Built target tag_interface__py
[0.828s] [ 80%] Built target tag_interface__rosidl_generator_py
[0.946s] [ 87%] Built target tag_interface__rosidl_typesupport_fastrtps_c__pyext
[0.948s] [ 93%] Built target tag_interface__rosidl_typesupport_c__pyext
[0.960s] [100%] Built target tag_interface__rosidl_typesupport_introspection_c__pyext
[1.742s] running egg_info
[1.746s] writing tag_interface.egg-info/PKG-INFO
[1.747s] writing dependency_links to tag_interface.egg-info/dependency_links.txt
[1.748s] writing top-level names to tag_interface.egg-info/top_level.txt
[1.759s] reading manifest file 'tag_interface.egg-info/SOURCES.txt'
[1.762s] writing manifest file 'tag_interface.egg-info/SOURCES.txt'
[1.893s] [100%] Built target ament_cmake_python_build_tag_interface_egg
[1.940s] Invoked command in '/home/cam/GitHub/autonomy_2022_23/aruco_detection/ros2_ws/build/tag_interface' returned '0': CMAKE_PREFIX_PATH=/opt/ros/humble /usr/bin/cmake --build /home/cam/GitHub/autonomy_2022_23/aruco_detection/ros2_ws/build/tag_interface -- -j4 -l4
[2.358s] Invoking command in '/home/cam/GitHub/autonomy_2022_23/aruco_detection/ros2_ws/build/tag_interface': CMAKE_PREFIX_PATH=/opt/ros/humble /usr/bin/cmake --install /home/cam/GitHub/autonomy_2022_23/aruco_detection/ros2_ws/build/tag_interface
[2.389s] -- Install configuration: ""
[2.389s] -- Up-to-date: /home/cam/GitHub/autonomy_2022_23/aruco_detection/ros2_ws/install/tag_interface/share/ament_index/resource_index/rosidl_interfaces/tag_interface
[2.390s] -- Up-to-date: /home/cam/GitHub/autonomy_2022_23/aruco_detection/ros2_ws/install/tag_interface/include/tag_interface/tag_interface
[2.390s] -- Up-to-date: /home/cam/GitHub/autonomy_2022_23/aruco_detection/ros2_ws/install/tag_interface/include/tag_interface/tag_interface/msg
[2.391s] -- Up-to-date: /home/cam/GitHub/autonomy_2022_23/aruco_detection/ros2_ws/install/tag_interface/include/tag_interface/tag_interface/msg/rosidl_generator_c__visibility_control.h
[2.391s] -- Up-to-date: /home/cam/GitHub/autonomy_2022_23/aruco_detection/ros2_ws/install/tag_interface/include/tag_interface/tag_interface/msg/detail
[2.392s] -- Up-to-date: /home/cam/GitHub/autonomy_2022_23/aruco_detection/ros2_ws/install/tag_interface/include/tag_interface/tag_interface/msg/detail/tag__type_support.h
[2.392s] -- Up-to-date: /home/cam/GitHub/autonomy_2022_23/aruco_detection/ros2_ws/install/tag_interface/include/tag_interface/tag_interface/msg/detail/tag__functions.h
[2.393s] -- Up-to-date: /home/cam/GitHub/autonomy_2022_23/aruco_detection/ros2_ws/install/tag_interface/include/tag_interface/tag_interface/msg/detail/tag__struct.h
[2.394s] -- Up-to-date: /home/cam/GitHub/autonomy_2022_23/aruco_detection/ros2_ws/install/tag_interface/include/tag_interface/tag_interface/msg/detail/tag__functions.c
[2.394s] -- Up-to-date: /home/cam/GitHub/autonomy_2022_23/aruco_detection/ros2_ws/install/tag_interface/include/tag_interface/tag_interface/msg/tag.h
[2.394s] -- Up-to-date: /home/cam/GitHub/autonomy_2022_23/aruco_detection/ros2_ws/install/tag_interface/share/tag_interface/environment/library_path.sh
[2.395s] -- Up-to-date: /home/cam/GitHub/autonomy_2022_23/aruco_detection/ros2_ws/install/tag_interface/share/tag_interface/environment/library_path.dsv
[2.395s] -- Up-to-date: /home/cam/GitHub/autonomy_2022_23/aruco_detection/ros2_ws/install/tag_interface/lib/libtag_interface__rosidl_generator_c.so
[2.397s] -- Up-to-date: /home/cam/GitHub/autonomy_2022_23/aruco_detection/ros2_ws/install/tag_interface/include/tag_interface/tag_interface
[2.397s] -- Up-to-date: /home/cam/GitHub/autonomy_2022_23/aruco_detection/ros2_ws/install/tag_interface/include/tag_interface/tag_interface/msg
[2.398s] -- Up-to-date: /home/cam/GitHub/autonomy_2022_23/aruco_detection/ros2_ws/install/tag_interface/include/tag_interface/tag_interface/msg/rosidl_typesupport_fastrtps_c__visibility_control.h
[2.398s] -- Up-to-date: /home/cam/GitHub/autonomy_2022_23/aruco_detection/ros2_ws/install/tag_interface/include/tag_interface/tag_interface/msg/detail
[2.399s] -- Up-to-date: /home/cam/GitHub/autonomy_2022_23/aruco_detection/ros2_ws/install/tag_interface/include/tag_interface/tag_interface/msg/detail/tag__rosidl_typesupport_fastrtps_c.h
[2.401s] -- Up-to-date: /home/cam/GitHub/autonomy_2022_23/aruco_detection/ros2_ws/install/tag_interface/lib/libtag_interface__rosidl_typesupport_fastrtps_c.so
[2.402s] -- Up-to-date: /home/cam/GitHub/autonomy_2022_23/aruco_detection/ros2_ws/install/tag_interface/include/tag_interface/tag_interface
[2.403s] -- Up-to-date: /home/cam/GitHub/autonomy_2022_23/aruco_detection/ros2_ws/install/tag_interface/include/tag_interface/tag_interface/msg
[2.403s] -- Up-to-date: /home/cam/GitHub/autonomy_2022_23/aruco_detection/ros2_ws/install/tag_interface/include/tag_interface/tag_interface/msg/rosidl_typesupport_introspection_c__visibility_control.h
[2.404s] -- Up-to-date: /home/cam/GitHub/autonomy_2022_23/aruco_detection/ros2_ws/install/tag_interface/include/tag_interface/tag_interface/msg/detail
[2.404s] -- Up-to-date: /home/cam/GitHub/autonomy_2022_23/aruco_detection/ros2_ws/install/tag_interface/include/tag_interface/tag_interface/msg/detail/tag__rosidl_typesupport_introspection_c.h
[2.405s] -- Up-to-date: /home/cam/GitHub/autonomy_2022_23/aruco_detection/ros2_ws/install/tag_interface/include/tag_interface/tag_interface/msg/detail/tag__type_support.c
[2.406s] -- Up-to-date: /home/cam/GitHub/autonomy_2022_23/aruco_detection/ros2_ws/install/tag_interface/lib/libtag_interface__rosidl_typesupport_introspection_c.so
[2.409s] -- Up-to-date: /home/cam/GitHub/autonomy_2022_23/aruco_detection/ros2_ws/install/tag_interface/lib/libtag_interface__rosidl_typesupport_c.so
[2.411s] -- Up-to-date: /home/cam/GitHub/autonomy_2022_23/aruco_detection/ros2_ws/install/tag_interface/include/tag_interface/tag_interface
[2.412s] -- Up-to-date: /home/cam/GitHub/autonomy_2022_23/aruco_detection/ros2_ws/install/tag_interface/include/tag_interface/tag_interface/msg
[2.413s] -- Up-to-date: /home/cam/GitHub/autonomy_2022_23/aruco_detection/ros2_ws/install/tag_interface/include/tag_interface/tag_interface/msg/tag.hpp
[2.415s] -- Up-to-date: /home/cam/GitHub/autonomy_2022_23/aruco_detection/ros2_ws/install/tag_interface/include/tag_interface/tag_interface/msg/detail
[2.416s] -- Up-to-date: /home/cam/GitHub/autonomy_2022_23/aruco_detection/ros2_ws/install/tag_interface/include/tag_interface/tag_interface/msg/detail/tag__builder.hpp
[2.417s] -- Up-to-date: /home/cam/GitHub/autonomy_2022_23/aruco_detection/ros2_ws/install/tag_interface/include/tag_interface/tag_interface/msg/detail/tag__struct.hpp
[2.417s] -- Up-to-date: /home/cam/GitHub/autonomy_2022_23/aruco_detection/ros2_ws/install/tag_interface/include/tag_interface/tag_interface/msg/detail/tag__traits.hpp
[2.418s] -- Up-to-date: /home/cam/GitHub/autonomy_2022_23/aruco_detection/ros2_ws/install/tag_interface/include/tag_interface/tag_interface
[2.419s] -- Up-to-date: /home/cam/GitHub/autonomy_2022_23/aruco_detection/ros2_ws/install/tag_interface/include/tag_interface/tag_interface/msg
[2.419s] -- Up-to-date: /home/cam/GitHub/autonomy_2022_23/aruco_detection/ros2_ws/install/tag_interface/include/tag_interface/tag_interface/msg/rosidl_typesupport_fastrtps_cpp__visibility_control.h
[2.420s] -- Up-to-date: /home/cam/GitHub/autonomy_2022_23/aruco_detection/ros2_ws/install/tag_interface/include/tag_interface/tag_interface/msg/detail
[2.422s] -- Up-to-date: /home/cam/GitHub/autonomy_2022_23/aruco_detection/ros2_ws/install/tag_interface/include/tag_interface/tag_interface/msg/detail/tag__rosidl_typesupport_fastrtps_cpp.hpp
[2.423s] -- Up-to-date: /home/cam/GitHub/autonomy_2022_23/aruco_detection/ros2_ws/install/tag_interface/include/tag_interface/tag_interface/msg/detail/dds_fastrtps
[2.424s] -- Up-to-date: /home/cam/GitHub/autonomy_2022_23/aruco_detection/ros2_ws/install/tag_interface/lib/libtag_interface__rosidl_typesupport_fastrtps_cpp.so
[2.425s] -- Up-to-date: /home/cam/GitHub/autonomy_2022_23/aruco_detection/ros2_ws/install/tag_interface/include/tag_interface/tag_interface
[2.425s] -- Up-to-date: /home/cam/GitHub/autonomy_2022_23/aruco_detection/ros2_ws/install/tag_interface/include/tag_interface/tag_interface/msg
[2.426s] -- Up-to-date: /home/cam/GitHub/autonomy_2022_23/aruco_detection/ros2_ws/install/tag_interface/include/tag_interface/tag_interface/msg/detail
[2.426s] -- Up-to-date: /home/cam/GitHub/autonomy_2022_23/aruco_detection/ros2_ws/install/tag_interface/include/tag_interface/tag_interface/msg/detail/tag__rosidl_typesupport_introspection_cpp.hpp
[2.430s] -- Up-to-date: /home/cam/GitHub/autonomy_2022_23/aruco_detection/ros2_ws/install/tag_interface/include/tag_interface/tag_interface/msg/detail/tag__type_support.cpp
[2.431s] -- Up-to-date: /home/cam/GitHub/autonomy_2022_23/aruco_detection/ros2_ws/install/tag_interface/lib/libtag_interface__rosidl_typesupport_introspection_cpp.so
[2.432s] -- Up-to-date: /home/cam/GitHub/autonomy_2022_23/aruco_detection/ros2_ws/install/tag_interface/lib/libtag_interface__rosidl_typesupport_cpp.so
[2.432s] -- Up-to-date: /home/cam/GitHub/autonomy_2022_23/aruco_detection/ros2_ws/install/tag_interface/share/tag_interface/environment/pythonpath.sh
[2.433s] -- Up-to-date: /home/cam/GitHub/autonomy_2022_23/aruco_detection/ros2_ws/install/tag_interface/share/tag_interface/environment/pythonpath.dsv
[2.434s] -- Up-to-date: /home/cam/GitHub/autonomy_2022_23/aruco_detection/ros2_ws/install/tag_interface/local/lib/python3.10/dist-packages/tag_interface-0.0.0-py3.10.egg-info
[2.435s] -- Installing: /home/cam/GitHub/autonomy_2022_23/aruco_detection/ros2_ws/install/tag_interface/local/lib/python3.10/dist-packages/tag_interface-0.0.0-py3.10.egg-info/PKG-INFO
[2.436s] -- Installing: /home/cam/GitHub/autonomy_2022_23/aruco_detection/ros2_ws/install/tag_interface/local/lib/python3.10/dist-packages/tag_interface-0.0.0-py3.10.egg-info/top_level.txt
[2.436s] -- Installing: /home/cam/GitHub/autonomy_2022_23/aruco_detection/ros2_ws/install/tag_interface/local/lib/python3.10/dist-packages/tag_interface-0.0.0-py3.10.egg-info/SOURCES.txt
[2.437s] -- Installing: /home/cam/GitHub/autonomy_2022_23/aruco_detection/ros2_ws/install/tag_interface/local/lib/python3.10/dist-packages/tag_interface-0.0.0-py3.10.egg-info/dependency_links.txt
[2.438s] -- Up-to-date: /home/cam/GitHub/autonomy_2022_23/aruco_detection/ros2_ws/install/tag_interface/local/lib/python3.10/dist-packages/tag_interface
[2.440s] -- Up-to-date: /home/cam/GitHub/autonomy_2022_23/aruco_detection/ros2_ws/install/tag_interface/local/lib/python3.10/dist-packages/tag_interface/tag_interface_s__rosidl_typesupport_c.cpython-310-aarch64-linux-gnu.so
[2.441s] -- Up-to-date: /home/cam/GitHub/autonomy_2022_23/aruco_detection/ros2_ws/install/tag_interface/local/lib/python3.10/dist-packages/tag_interface/msg
[2.443s] -- Up-to-date: /home/cam/GitHub/autonomy_2022_23/aruco_detection/ros2_ws/install/tag_interface/local/lib/python3.10/dist-packages/tag_interface/msg/_tag_s.c
[2.444s] -- Up-to-date: /home/cam/GitHub/autonomy_2022_23/aruco_detection/ros2_ws/install/tag_interface/local/lib/python3.10/dist-packages/tag_interface/msg/_tag.py
[2.445s] -- Up-to-date: /home/cam/GitHub/autonomy_2022_23/aruco_detection/ros2_ws/install/tag_interface/local/lib/python3.10/dist-packages/tag_interface/msg/__init__.py
[2.445s] -- Up-to-date: /home/cam/GitHub/autonomy_2022_23/aruco_detection/ros2_ws/install/tag_interface/local/lib/python3.10/dist-packages/tag_interface/tag_interface_s__rosidl_typesupport_fastrtps_c.cpython-310-aarch64-linux-gnu.so
[2.446s] -- Up-to-date: /home/cam/GitHub/autonomy_2022_23/aruco_detection/ros2_ws/install/tag_interface/local/lib/python3.10/dist-packages/tag_interface/__init__.py
[2.446s] -- Up-to-date: /home/cam/GitHub/autonomy_2022_23/aruco_detection/ros2_ws/install/tag_interface/local/lib/python3.10/dist-packages/tag_interface/_tag_interface_s.ep.rosidl_typesupport_fastrtps_c.c
[2.447s] -- Up-to-date: /home/cam/GitHub/autonomy_2022_23/aruco_detection/ros2_ws/install/tag_interface/local/lib/python3.10/dist-packages/tag_interface/_tag_interface_s.ep.rosidl_typesupport_introspection_c.c
[2.448s] -- Up-to-date: /home/cam/GitHub/autonomy_2022_23/aruco_detection/ros2_ws/install/tag_interface/local/lib/python3.10/dist-packages/tag_interface/_tag_interface_s.ep.rosidl_typesupport_c.c
[2.448s] -- Up-to-date: /home/cam/GitHub/autonomy_2022_23/aruco_detection/ros2_ws/install/tag_interface/local/lib/python3.10/dist-packages/tag_interface/tag_interface_s__rosidl_typesupport_introspection_c.cpython-310-aarch64-linux-gnu.so
[2.449s] -- Up-to-date: /home/cam/GitHub/autonomy_2022_23/aruco_detection/ros2_ws/install/tag_interface/local/lib/python3.10/dist-packages/tag_interface/libtag_interface__rosidl_generator_py.so
[2.605s] Listing '/home/cam/GitHub/autonomy_2022_23/aruco_detection/ros2_ws/install/tag_interface/local/lib/python3.10/dist-packages/tag_interface'...
[2.606s] Listing '/home/cam/GitHub/autonomy_2022_23/aruco_detection/ros2_ws/install/tag_interface/local/lib/python3.10/dist-packages/tag_interface/msg'...
[2.637s] -- Up-to-date: /home/cam/GitHub/autonomy_2022_23/aruco_detection/ros2_ws/install/tag_interface/local/lib/python3.10/dist-packages/tag_interface/tag_interface_s__rosidl_typesupport_fastrtps_c.cpython-310-aarch64-linux-gnu.so
[2.642s] -- Up-to-date: /home/cam/GitHub/autonomy_2022_23/aruco_detection/ros2_ws/install/tag_interface/local/lib/python3.10/dist-packages/tag_interface/tag_interface_s__rosidl_typesupport_introspection_c.cpython-310-aarch64-linux-gnu.so
[2.646s] -- Up-to-date: /home/cam/GitHub/autonomy_2022_23/aruco_detection/ros2_ws/install/tag_interface/local/lib/python3.10/dist-packages/tag_interface/tag_interface_s__rosidl_typesupport_c.cpython-310-aarch64-linux-gnu.so
[2.650s] -- Up-to-date: /home/cam/GitHub/autonomy_2022_23/aruco_detection/ros2_ws/install/tag_interface/lib/libtag_interface__rosidl_generator_py.so
[2.652s] -- Up-to-date: /home/cam/GitHub/autonomy_2022_23/aruco_detection/ros2_ws/install/tag_interface/share/tag_interface/msg/Tag.idl
[2.652s] -- Up-to-date: /home/cam/GitHub/autonomy_2022_23/aruco_detection/ros2_ws/install/tag_interface/share/tag_interface/msg/Tag.msg
[2.653s] -- Up-to-date: /home/cam/GitHub/autonomy_2022_23/aruco_detection/ros2_ws/install/tag_interface/share/ament_index/resource_index/package_run_dependencies/tag_interface
[2.653s] -- Up-to-date: /home/cam/GitHub/autonomy_2022_23/aruco_detection/ros2_ws/install/tag_interface/share/ament_index/resource_index/parent_prefix_path/tag_interface
[2.654s] -- Up-to-date: /home/cam/GitHub/autonomy_2022_23/aruco_detection/ros2_ws/install/tag_interface/share/tag_interface/environment/ament_prefix_path.sh
[2.654s] -- Up-to-date: /home/cam/GitHub/autonomy_2022_23/aruco_detection/ros2_ws/install/tag_interface/share/tag_interface/environment/ament_prefix_path.dsv
[2.655s] -- Up-to-date: /home/cam/GitHub/autonomy_2022_23/aruco_detection/ros2_ws/install/tag_interface/share/tag_interface/environment/path.sh
[2.655s] -- Up-to-date: /home/cam/GitHub/autonomy_2022_23/aruco_detection/ros2_ws/install/tag_interface/share/tag_interface/environment/path.dsv
[2.656s] -- Up-to-date: /home/cam/GitHub/autonomy_2022_23/aruco_detection/ros2_ws/install/tag_interface/share/tag_interface/local_setup.bash
[2.656s] -- Up-to-date: /home/cam/GitHub/autonomy_2022_23/aruco_detection/ros2_ws/install/tag_interface/share/tag_interface/local_setup.sh
[2.657s] -- Up-to-date: /home/cam/GitHub/autonomy_2022_23/aruco_detection/ros2_ws/install/tag_interface/share/tag_interface/local_setup.zsh
[2.659s] -- Up-to-date: /home/cam/GitHub/autonomy_2022_23/aruco_detection/ros2_ws/install/tag_interface/share/tag_interface/local_setup.dsv
[2.659s] -- Installing: /home/cam/GitHub/autonomy_2022_23/aruco_detection/ros2_ws/install/tag_interface/share/tag_interface/package.dsv
[2.660s] -- Up-to-date: /home/cam/GitHub/autonomy_2022_23/aruco_detection/ros2_ws/install/tag_interface/share/ament_index/resource_index/packages/tag_interface
[2.661s] -- Up-to-date: /home/cam/GitHub/autonomy_2022_23/aruco_detection/ros2_ws/install/tag_interface/share/tag_interface/cmake/export_tag_interface__rosidl_generator_cExport.cmake
[2.662s] -- Up-to-date: /home/cam/GitHub/autonomy_2022_23/aruco_detection/ros2_ws/install/tag_interface/share/tag_interface/cmake/export_tag_interface__rosidl_generator_cExport-noconfig.cmake
[2.663s] -- Up-to-date: /home/cam/GitHub/autonomy_2022_23/aruco_detection/ros2_ws/install/tag_interface/share/tag_interface/cmake/export_tag_interface__rosidl_typesupport_fastrtps_cExport.cmake
[2.663s] -- Up-to-date: /home/cam/GitHub/autonomy_2022_23/aruco_detection/ros2_ws/install/tag_interface/share/tag_interface/cmake/export_tag_interface__rosidl_typesupport_fastrtps_cExport-noconfig.cmake
[2.664s] -- Up-to-date: /home/cam/GitHub/autonomy_2022_23/aruco_detection/ros2_ws/install/tag_interface/share/tag_interface/cmake/tag_interface__rosidl_typesupport_introspection_cExport.cmake
[2.665s] -- Up-to-date: /home/cam/GitHub/autonomy_2022_23/aruco_detection/ros2_ws/install/tag_interface/share/tag_interface/cmake/tag_interface__rosidl_typesupport_introspection_cExport-noconfig.cmake
[2.666s] -- Up-to-date: /home/cam/GitHub/autonomy_2022_23/aruco_detection/ros2_ws/install/tag_interface/share/tag_interface/cmake/tag_interface__rosidl_typesupport_cExport.cmake
[2.667s] -- Up-to-date: /home/cam/GitHub/autonomy_2022_23/aruco_detection/ros2_ws/install/tag_interface/share/tag_interface/cmake/tag_interface__rosidl_typesupport_cExport-noconfig.cmake
[2.668s] -- Up-to-date: /home/cam/GitHub/autonomy_2022_23/aruco_detection/ros2_ws/install/tag_interface/share/tag_interface/cmake/export_tag_interface__rosidl_generator_cppExport.cmake
[2.669s] -- Up-to-date: /home/cam/GitHub/autonomy_2022_23/aruco_detection/ros2_ws/install/tag_interface/share/tag_interface/cmake/export_tag_interface__rosidl_typesupport_fastrtps_cppExport.cmake
[2.669s] -- Up-to-date: /home/cam/GitHub/autonomy_2022_23/aruco_detection/ros2_ws/install/tag_interface/share/tag_interface/cmake/export_tag_interface__rosidl_typesupport_fastrtps_cppExport-noconfig.cmake
[2.670s] -- Up-to-date: /home/cam/GitHub/autonomy_2022_23/aruco_detection/ros2_ws/install/tag_interface/share/tag_interface/cmake/tag_interface__rosidl_typesupport_introspection_cppExport.cmake
[2.671s] -- Up-to-date: /home/cam/GitHub/autonomy_2022_23/aruco_detection/ros2_ws/install/tag_interface/share/tag_interface/cmake/tag_interface__rosidl_typesupport_introspection_cppExport-noconfig.cmake
[2.672s] -- Up-to-date: /home/cam/GitHub/autonomy_2022_23/aruco_detection/ros2_ws/install/tag_interface/share/tag_interface/cmake/tag_interface__rosidl_typesupport_cppExport.cmake
[2.673s] -- Up-to-date: /home/cam/GitHub/autonomy_2022_23/aruco_detection/ros2_ws/install/tag_interface/share/tag_interface/cmake/tag_interface__rosidl_typesupport_cppExport-noconfig.cmake
[2.674s] -- Up-to-date: /home/cam/GitHub/autonomy_2022_23/aruco_detection/ros2_ws/install/tag_interface/share/tag_interface/cmake/export_tag_interface__rosidl_generator_pyExport.cmake
[2.674s] -- Up-to-date: /home/cam/GitHub/autonomy_2022_23/aruco_detection/ros2_ws/install/tag_interface/share/tag_interface/cmake/export_tag_interface__rosidl_generator_pyExport-noconfig.cmake
[2.675s] -- Up-to-date: /home/cam/GitHub/autonomy_2022_23/aruco_detection/ros2_ws/install/tag_interface/share/tag_interface/cmake/rosidl_cmake-extras.cmake
[2.675s] -- Up-to-date: /home/cam/GitHub/autonomy_2022_23/aruco_detection/ros2_ws/install/tag_interface/share/tag_interface/cmake/ament_cmake_export_include_directories-extras.cmake
[2.676s] -- Up-to-date: /home/cam/GitHub/autonomy_2022_23/aruco_detection/ros2_ws/install/tag_interface/share/tag_interface/cmake/ament_cmake_export_libraries-extras.cmake
[2.677s] -- Up-to-date: /home/cam/GitHub/autonomy_2022_23/aruco_detection/ros2_ws/install/tag_interface/share/tag_interface/cmake/ament_cmake_export_targets-extras.cmake
[2.677s] -- Up-to-date: /home/cam/GitHub/autonomy_2022_23/aruco_detection/ros2_ws/install/tag_interface/share/tag_interface/cmake/rosidl_cmake_export_typesupport_targets-extras.cmake
[2.678s] -- Up-to-date: /home/cam/GitHub/autonomy_2022_23/aruco_detection/ros2_ws/install/tag_interface/share/tag_interface/cmake/ament_cmake_export_dependencies-extras.cmake
[2.678s] -- Up-to-date: /home/cam/GitHub/autonomy_2022_23/aruco_detection/ros2_ws/install/tag_interface/share/tag_interface/cmake/rosidl_cmake_export_typesupport_libraries-extras.cmake
[2.679s] -- Up-to-date: /home/cam/GitHub/autonomy_2022_23/aruco_detection/ros2_ws/install/tag_interface/share/tag_interface/cmake/tag_interfaceConfig.cmake
[2.680s] -- Up-to-date: /home/cam/GitHub/autonomy_2022_23/aruco_detection/ros2_ws/install/tag_interface/share/tag_interface/cmake/tag_interfaceConfig-version.cmake
[2.680s] -- Up-to-date: /home/cam/GitHub/autonomy_2022_23/aruco_detection/ros2_ws/install/tag_interface/share/tag_interface/package.xml
[2.690s] Invoked command in '/home/cam/GitHub/autonomy_2022_23/aruco_detection/ros2_ws/build/tag_interface' returned '0': CMAKE_PREFIX_PATH=/opt/ros/humble /usr/bin/cmake --install /home/cam/GitHub/autonomy_2022_23/aruco_detection/ros2_ws/build/tag_interface
