[1.522s] DEBUG:colcon:Command line arguments: ['/usr/bin/colcon', 'build', '--packages-select', 'tag_interface']
[1.523s] DEBUG:colcon:Parsed command line arguments: Namespace(log_base=None, log_level=None, verb_name='build', build_base='build', install_base='install', merge_install=False, symlink_install=False, test_result_base=None, continue_on_error=False, executor='parallel', parallel_workers=4, event_handlers=None, ignore_user_meta=False, metas=['./colcon.meta'], base_paths=['.'], packages_ignore=None, packages_ignore_regex=None, paths=None, packages_up_to=None, packages_up_to_regex=None, packages_above=None, packages_above_and_dependencies=None, packages_above_depth=None, packages_select_by_dep=None, packages_skip_by_dep=None, packages_skip_up_to=None, packages_select_build_failed=False, packages_skip_build_finished=False, packages_select_test_failures=False, packages_skip_test_passed=False, packages_select=['tag_interface'], packages_skip=None, packages_select_regex=None, packages_skip_regex=None, packages_start=None, packages_end=None, allow_overriding=[], cmake_args=None, cmake_target=None, cmake_target_skip_unavailable=False, cmake_clean_cache=False, cmake_clean_first=False, cmake_force_configure=False, ament_cmake_args=None, catkin_cmake_args=None, catkin_skip_building_tests=False, verb_parser=<colcon_defaults.argument_parser.defaults.DefaultArgumentsDecorator object at 0xffffaa069ea0>, verb_extension=<colcon_core.verb.build.BuildVerb object at 0xffffaa27f040>, main=<bound method BuildVerb.main of <colcon_core.verb.build.BuildVerb object at 0xffffaa27f040>>)
[1.623s] Level 1:colcon.colcon_core.package_discovery:discover_packages(colcon_meta) check parameters
[1.624s] Level 1:colcon.colcon_core.package_discovery:discover_packages(recursive) check parameters
[1.624s] Level 1:colcon.colcon_core.package_discovery:discover_packages(ignore) check parameters
[1.624s] Level 1:colcon.colcon_core.package_discovery:discover_packages(path) check parameters
[1.624s] Level 1:colcon.colcon_core.package_discovery:discover_packages(colcon_meta) discover
[1.625s] Level 1:colcon.colcon_core.package_discovery:discover_packages(recursive) discover
[1.625s] INFO:colcon.colcon_core.package_discovery:Crawling recursively for packages in '/home/cam/GitHub/autonomy_2022_23/aruco_detection/ros2_ws'
[1.625s] Level 1:colcon.colcon_core.package_identification:_identify(.) by extensions ['ignore', 'ignore_ament_install']
[1.626s] Level 1:colcon.colcon_core.package_identification:_identify(.) by extension 'ignore'
[1.626s] Level 1:colcon.colcon_core.package_identification:_identify(.) by extension 'ignore_ament_install'
[1.626s] Level 1:colcon.colcon_core.package_identification:_identify(.) by extensions ['colcon_pkg']
[1.627s] Level 1:colcon.colcon_core.package_identification:_identify(.) by extension 'colcon_pkg'
[1.627s] Level 1:colcon.colcon_core.package_identification:_identify(.) by extensions ['colcon_meta']
[1.627s] Level 1:colcon.colcon_core.package_identification:_identify(.) by extension 'colcon_meta'
[1.627s] Level 1:colcon.colcon_core.package_identification:_identify(.) by extensions ['ros']
[1.627s] Level 1:colcon.colcon_core.package_identification:_identify(.) by extension 'ros'
[1.713s] Level 1:colcon.colcon_core.package_identification:_identify(.) by extensions ['cmake', 'python']
[1.713s] Level 1:colcon.colcon_core.package_identification:_identify(.) by extension 'cmake'
[1.714s] Level 1:colcon.colcon_core.package_identification:_identify(.) by extension 'python'
[1.714s] Level 1:colcon.colcon_core.package_identification:_identify(.) by extensions ['python_setup_py']
[1.714s] Level 1:colcon.colcon_core.package_identification:_identify(.) by extension 'python_setup_py'
[1.715s] Level 1:colcon.colcon_core.package_identification:_identify(build) by extensions ['ignore', 'ignore_ament_install']
[1.715s] Level 1:colcon.colcon_core.package_identification:_identify(build) by extension 'ignore'
[1.716s] Level 1:colcon.colcon_core.package_identification:_identify(build) ignored
[1.716s] Level 1:colcon.colcon_core.package_identification:_identify(install) by extensions ['ignore', 'ignore_ament_install']
[1.717s] Level 1:colcon.colcon_core.package_identification:_identify(install) by extension 'ignore'
[1.717s] Level 1:colcon.colcon_core.package_identification:_identify(install) ignored
[1.718s] Level 1:colcon.colcon_core.package_identification:_identify(log) by extensions ['ignore', 'ignore_ament_install']
[1.719s] Level 1:colcon.colcon_core.package_identification:_identify(log) by extension 'ignore'
[1.719s] Level 1:colcon.colcon_core.package_identification:_identify(log) ignored
[1.719s] Level 1:colcon.colcon_core.package_identification:_identify(src) by extensions ['ignore', 'ignore_ament_install']
[1.720s] Level 1:colcon.colcon_core.package_identification:_identify(src) by extension 'ignore'
[1.720s] Level 1:colcon.colcon_core.package_identification:_identify(src) by extension 'ignore_ament_install'
[1.720s] Level 1:colcon.colcon_core.package_identification:_identify(src) by extensions ['colcon_pkg']
[1.720s] Level 1:colcon.colcon_core.package_identification:_identify(src) by extension 'colcon_pkg'
[1.721s] Level 1:colcon.colcon_core.package_identification:_identify(src) by extensions ['colcon_meta']
[1.721s] Level 1:colcon.colcon_core.package_identification:_identify(src) by extension 'colcon_meta'
[1.721s] Level 1:colcon.colcon_core.package_identification:_identify(src) by extensions ['ros']
[1.721s] Level 1:colcon.colcon_core.package_identification:_identify(src) by extension 'ros'
[1.721s] Level 1:colcon.colcon_core.package_identification:_identify(src) by extensions ['cmake', 'python']
[1.722s] Level 1:colcon.colcon_core.package_identification:_identify(src) by extension 'cmake'
[1.722s] Level 1:colcon.colcon_core.package_identification:_identify(src) by extension 'python'
[1.722s] Level 1:colcon.colcon_core.package_identification:_identify(src) by extensions ['python_setup_py']
[1.722s] Level 1:colcon.colcon_core.package_identification:_identify(src) by extension 'python_setup_py'
[1.723s] Level 1:colcon.colcon_core.package_identification:_identify(src/tag_detection) by extensions ['ignore', 'ignore_ament_install']
[1.723s] Level 1:colcon.colcon_core.package_identification:_identify(src/tag_detection) by extension 'ignore'
[1.723s] Level 1:colcon.colcon_core.package_identification:_identify(src/tag_detection) by extension 'ignore_ament_install'
[1.724s] Level 1:colcon.colcon_core.package_identification:_identify(src/tag_detection) by extensions ['colcon_pkg']
[1.724s] Level 1:colcon.colcon_core.package_identification:_identify(src/tag_detection) by extension 'colcon_pkg'
[1.724s] Level 1:colcon.colcon_core.package_identification:_identify(src/tag_detection) by extensions ['colcon_meta']
[1.724s] Level 1:colcon.colcon_core.package_identification:_identify(src/tag_detection) by extension 'colcon_meta'
[1.724s] Level 1:colcon.colcon_core.package_identification:_identify(src/tag_detection) by extensions ['ros']
[1.725s] Level 1:colcon.colcon_core.package_identification:_identify(src/tag_detection) by extension 'ros'
[1.734s] DEBUG:colcon.colcon_core.package_identification:Package 'src/tag_detection' with type 'ros.ament_python' and name 'tag_detection'
[1.735s] Level 1:colcon.colcon_core.package_identification:_identify(src/tag_detector) by extensions ['ignore', 'ignore_ament_install']
[1.736s] Level 1:colcon.colcon_core.package_identification:_identify(src/tag_detector) by extension 'ignore'
[1.736s] Level 1:colcon.colcon_core.package_identification:_identify(src/tag_detector) by extension 'ignore_ament_install'
[1.736s] Level 1:colcon.colcon_core.package_identification:_identify(src/tag_detector) by extensions ['colcon_pkg']
[1.736s] Level 1:colcon.colcon_core.package_identification:_identify(src/tag_detector) by extension 'colcon_pkg'
[1.737s] Level 1:colcon.colcon_core.package_identification:_identify(src/tag_detector) by extensions ['colcon_meta']
[1.737s] Level 1:colcon.colcon_core.package_identification:_identify(src/tag_detector) by extension 'colcon_meta'
[1.737s] Level 1:colcon.colcon_core.package_identification:_identify(src/tag_detector) by extensions ['ros']
[1.737s] Level 1:colcon.colcon_core.package_identification:_identify(src/tag_detector) by extension 'ros'
[1.740s] DEBUG:colcon.colcon_core.package_identification:Package 'src/tag_detector' with type 'ros.ament_cmake' and name 'tag_detector'
[1.740s] Level 1:colcon.colcon_core.package_identification:_identify(src/tag_interface) by extensions ['ignore', 'ignore_ament_install']
[1.741s] Level 1:colcon.colcon_core.package_identification:_identify(src/tag_interface) by extension 'ignore'
[1.741s] Level 1:colcon.colcon_core.package_identification:_identify(src/tag_interface) by extension 'ignore_ament_install'
[1.741s] Level 1:colcon.colcon_core.package_identification:_identify(src/tag_interface) by extensions ['colcon_pkg']
[1.742s] Level 1:colcon.colcon_core.package_identification:_identify(src/tag_interface) by extension 'colcon_pkg'
[1.742s] Level 1:colcon.colcon_core.package_identification:_identify(src/tag_interface) by extensions ['colcon_meta']
[1.742s] Level 1:colcon.colcon_core.package_identification:_identify(src/tag_interface) by extension 'colcon_meta'
[1.742s] Level 1:colcon.colcon_core.package_identification:_identify(src/tag_interface) by extensions ['ros']
[1.742s] Level 1:colcon.colcon_core.package_identification:_identify(src/tag_interface) by extension 'ros'
[1.745s] DEBUG:colcon.colcon_core.package_identification:Package 'src/tag_interface' with type 'ros.ament_cmake' and name 'tag_interface'
[1.745s] Level 1:colcon.colcon_core.package_discovery:discover_packages(recursive) using defaults
[1.745s] Level 1:colcon.colcon_core.package_discovery:discover_packages(ignore) discover
[1.746s] Level 1:colcon.colcon_core.package_discovery:discover_packages(ignore) using defaults
[1.746s] Level 1:colcon.colcon_core.package_discovery:discover_packages(path) discover
[1.746s] Level 1:colcon.colcon_core.package_discovery:discover_packages(path) using defaults
[1.852s] INFO:colcon.colcon_core.package_selection:Skipping not selected package 'tag_detector' in 'src/tag_detector'
[1.852s] INFO:colcon.colcon_core.package_selection:Skipping not selected package 'tag_detection' in 'src/tag_detection'
[1.856s] Level 1:colcon.colcon_core.package_discovery:discover_packages(prefix_path) check parameters
[1.856s] Level 1:colcon.colcon_core.package_discovery:discover_packages(prefix_path) discover
[1.877s] DEBUG:colcon.colcon_installed_package_information.package_discovery:Found 270 installed packages in /opt/ros/humble
[1.885s] Level 1:colcon.colcon_core.package_discovery:discover_packages(prefix_path) using defaults
[2.190s] Level 5:colcon.colcon_core.verb:set package 'tag_interface' build argument 'cmake_args' from command line to 'None'
[2.190s] Level 5:colcon.colcon_core.verb:set package 'tag_interface' build argument 'cmake_target' from command line to 'None'
[2.190s] Level 5:colcon.colcon_core.verb:set package 'tag_interface' build argument 'cmake_target_skip_unavailable' from command line to 'False'
[2.190s] Level 5:colcon.colcon_core.verb:set package 'tag_interface' build argument 'cmake_clean_cache' from command line to 'False'
[2.190s] Level 5:colcon.colcon_core.verb:set package 'tag_interface' build argument 'cmake_clean_first' from command line to 'False'
[2.191s] Level 5:colcon.colcon_core.verb:set package 'tag_interface' build argument 'cmake_force_configure' from command line to 'False'
[2.191s] Level 5:colcon.colcon_core.verb:set package 'tag_interface' build argument 'ament_cmake_args' from command line to 'None'
[2.191s] Level 5:colcon.colcon_core.verb:set package 'tag_interface' build argument 'catkin_cmake_args' from command line to 'None'
[2.191s] Level 5:colcon.colcon_core.verb:set package 'tag_interface' build argument 'catkin_skip_building_tests' from command line to 'False'
[2.191s] DEBUG:colcon.colcon_core.verb:Building package 'tag_interface' with the following arguments: {'ament_cmake_args': None, 'build_base': '/home/cam/GitHub/autonomy_2022_23/aruco_detection/ros2_ws/build/tag_interface', 'catkin_cmake_args': None, 'catkin_skip_building_tests': False, 'cmake_args': None, 'cmake_clean_cache': False, 'cmake_clean_first': False, 'cmake_force_configure': False, 'cmake_target': None, 'cmake_target_skip_unavailable': False, 'install_base': '/home/cam/GitHub/autonomy_2022_23/aruco_detection/ros2_ws/install/tag_interface', 'merge_install': False, 'path': '/home/cam/GitHub/autonomy_2022_23/aruco_detection/ros2_ws/src/tag_interface', 'symlink_install': False, 'test_result_base': None}
[2.195s] INFO:colcon.colcon_core.executor:Executing jobs using 'parallel' executor
[2.210s] DEBUG:colcon.colcon_parallel_executor.executor.parallel:run_until_complete
[2.212s] INFO:colcon.colcon_ros.task.ament_cmake.build:Building ROS package in '/home/cam/GitHub/autonomy_2022_23/aruco_detection/ros2_ws/src/tag_interface' with build type 'ament_cmake'
[2.213s] INFO:colcon.colcon_cmake.task.cmake.build:Building CMake package in '/home/cam/GitHub/autonomy_2022_23/aruco_detection/ros2_ws/src/tag_interface'
[2.237s] INFO:colcon.colcon_core.plugin_system:Skipping extension 'colcon_core.shell.bat': Not used on non-Windows systems
[2.238s] INFO:colcon.colcon_core.shell:Skip shell extension 'powershell' for command environment: Not usable outside of PowerShell
[2.238s] DEBUG:colcon.colcon_core.shell:Skip shell extension 'dsv' for command environment
[2.287s] DEBUG:colcon.colcon_core.event_handler.log_command:Invoking command in '/home/cam/GitHub/autonomy_2022_23/aruco_detection/ros2_ws/build/tag_interface': CMAKE_PREFIX_PATH=/opt/ros/humble /usr/bin/cmake --build /home/cam/GitHub/autonomy_2022_23/aruco_detection/ros2_ws/build/tag_interface -- -j4 -l4
[4.157s] DEBUG:colcon.colcon_core.event_handler.log_command:Invoked command in '/home/cam/GitHub/autonomy_2022_23/aruco_detection/ros2_ws/build/tag_interface' returned '0': CMAKE_PREFIX_PATH=/opt/ros/humble /usr/bin/cmake --build /home/cam/GitHub/autonomy_2022_23/aruco_detection/ros2_ws/build/tag_interface -- -j4 -l4
[4.575s] DEBUG:colcon.colcon_core.event_handler.log_command:Invoking command in '/home/cam/GitHub/autonomy_2022_23/aruco_detection/ros2_ws/build/tag_interface': CMAKE_PREFIX_PATH=/opt/ros/humble /usr/bin/cmake --install /home/cam/GitHub/autonomy_2022_23/aruco_detection/ros2_ws/build/tag_interface
[4.903s] Level 1:colcon.colcon_core.environment:create_environment_scripts_only(tag_interface)
[4.907s] DEBUG:colcon.colcon_core.event_handler.log_command:Invoked command in '/home/cam/GitHub/autonomy_2022_23/aruco_detection/ros2_ws/build/tag_interface' returned '0': CMAKE_PREFIX_PATH=/opt/ros/humble /usr/bin/cmake --install /home/cam/GitHub/autonomy_2022_23/aruco_detection/ros2_ws/build/tag_interface
[4.928s] Level 1:colcon.colcon_core.environment:checking '/home/cam/GitHub/autonomy_2022_23/aruco_detection/ros2_ws/install/tag_interface' for CMake module files
[4.933s] Level 1:colcon.colcon_core.environment:checking '/home/cam/GitHub/autonomy_2022_23/aruco_detection/ros2_ws/install/tag_interface' for CMake config files
[4.936s] Level 1:colcon.colcon_core.shell:create_environment_hook('tag_interface', 'cmake_prefix_path')
[4.941s] INFO:colcon.colcon_core.shell:Creating environment hook '/home/cam/GitHub/autonomy_2022_23/aruco_detection/ros2_ws/install/tag_interface/share/tag_interface/hook/cmake_prefix_path.ps1'
[4.944s] INFO:colcon.colcon_core.shell:Creating environment descriptor '/home/cam/GitHub/autonomy_2022_23/aruco_detection/ros2_ws/install/tag_interface/share/tag_interface/hook/cmake_prefix_path.dsv'
[4.947s] INFO:colcon.colcon_core.shell:Creating environment hook '/home/cam/GitHub/autonomy_2022_23/aruco_detection/ros2_ws/install/tag_interface/share/tag_interface/hook/cmake_prefix_path.sh'
[4.951s] Level 1:colcon.colcon_core.environment:checking '/home/cam/GitHub/autonomy_2022_23/aruco_detection/ros2_ws/install/tag_interface/lib'
[4.952s] Level 1:colcon.colcon_core.shell:create_environment_hook('tag_interface', 'ld_library_path_lib')
[4.957s] INFO:colcon.colcon_core.shell:Creating environment hook '/home/cam/GitHub/autonomy_2022_23/aruco_detection/ros2_ws/install/tag_interface/share/tag_interface/hook/ld_library_path_lib.ps1'
[4.960s] INFO:colcon.colcon_core.shell:Creating environment descriptor '/home/cam/GitHub/autonomy_2022_23/aruco_detection/ros2_ws/install/tag_interface/share/tag_interface/hook/ld_library_path_lib.dsv'
[4.961s] INFO:colcon.colcon_core.shell:Creating environment hook '/home/cam/GitHub/autonomy_2022_23/aruco_detection/ros2_ws/install/tag_interface/share/tag_interface/hook/ld_library_path_lib.sh'
[4.963s] Level 1:colcon.colcon_core.environment:checking '/home/cam/GitHub/autonomy_2022_23/aruco_detection/ros2_ws/install/tag_interface/bin'
[4.964s] Level 1:colcon.colcon_core.environment:checking '/home/cam/GitHub/autonomy_2022_23/aruco_detection/ros2_ws/install/tag_interface/lib/pkgconfig/tag_interface.pc'
[4.965s] Level 1:colcon.colcon_core.environment:checking '/home/cam/GitHub/autonomy_2022_23/aruco_detection/ros2_ws/install/tag_interface/lib/python3.10/site-packages'
[4.966s] Level 1:colcon.colcon_core.environment:checking '/home/cam/GitHub/autonomy_2022_23/aruco_detection/ros2_ws/install/tag_interface/bin'
[4.972s] INFO:colcon.colcon_core.shell:Creating package script '/home/cam/GitHub/autonomy_2022_23/aruco_detection/ros2_ws/install/tag_interface/share/tag_interface/package.ps1'
[4.976s] INFO:colcon.colcon_core.shell:Creating package descriptor '/home/cam/GitHub/autonomy_2022_23/aruco_detection/ros2_ws/install/tag_interface/share/tag_interface/package.dsv'
[4.979s] INFO:colcon.colcon_core.shell:Creating package script '/home/cam/GitHub/autonomy_2022_23/aruco_detection/ros2_ws/install/tag_interface/share/tag_interface/package.sh'
[4.983s] INFO:colcon.colcon_core.shell:Creating package script '/home/cam/GitHub/autonomy_2022_23/aruco_detection/ros2_ws/install/tag_interface/share/tag_interface/package.bash'
[4.986s] INFO:colcon.colcon_core.shell:Creating package script '/home/cam/GitHub/autonomy_2022_23/aruco_detection/ros2_ws/install/tag_interface/share/tag_interface/package.zsh'
[4.990s] Level 1:colcon.colcon_core.environment:create_file_with_runtime_dependencies(/home/cam/GitHub/autonomy_2022_23/aruco_detection/ros2_ws/install/tag_interface/share/colcon-core/packages/tag_interface)
[5.360s] Level 1:colcon.colcon_core.environment:create_environment_scripts_only(tag_interface)
[5.371s] Level 1:colcon.colcon_core.environment:checking '/home/cam/GitHub/autonomy_2022_23/aruco_detection/ros2_ws/install/tag_interface' for CMake module files
[5.376s] Level 1:colcon.colcon_core.environment:checking '/home/cam/GitHub/autonomy_2022_23/aruco_detection/ros2_ws/install/tag_interface' for CMake config files
[5.379s] Level 1:colcon.colcon_core.shell:create_environment_hook('tag_interface', 'cmake_prefix_path')
[5.384s] INFO:colcon.colcon_core.shell:Creating environment hook '/home/cam/GitHub/autonomy_2022_23/aruco_detection/ros2_ws/install/tag_interface/share/tag_interface/hook/cmake_prefix_path.ps1'
[5.386s] INFO:colcon.colcon_core.shell:Creating environment descriptor '/home/cam/GitHub/autonomy_2022_23/aruco_detection/ros2_ws/install/tag_interface/share/tag_interface/hook/cmake_prefix_path.dsv'
[5.388s] INFO:colcon.colcon_core.shell:Creating environment hook '/home/cam/GitHub/autonomy_2022_23/aruco_detection/ros2_ws/install/tag_interface/share/tag_interface/hook/cmake_prefix_path.sh'
[5.391s] Level 1:colcon.colcon_core.environment:checking '/home/cam/GitHub/autonomy_2022_23/aruco_detection/ros2_ws/install/tag_interface/lib'
[5.392s] Level 1:colcon.colcon_core.shell:create_environment_hook('tag_interface', 'ld_library_path_lib')
[5.397s] INFO:colcon.colcon_core.shell:Creating environment hook '/home/cam/GitHub/autonomy_2022_23/aruco_detection/ros2_ws/install/tag_interface/share/tag_interface/hook/ld_library_path_lib.ps1'
[5.400s] INFO:colcon.colcon_core.shell:Creating environment descriptor '/home/cam/GitHub/autonomy_2022_23/aruco_detection/ros2_ws/install/tag_interface/share/tag_interface/hook/ld_library_path_lib.dsv'
[5.402s] INFO:colcon.colcon_core.shell:Creating environment hook '/home/cam/GitHub/autonomy_2022_23/aruco_detection/ros2_ws/install/tag_interface/share/tag_interface/hook/ld_library_path_lib.sh'
[5.404s] Level 1:colcon.colcon_core.environment:checking '/home/cam/GitHub/autonomy_2022_23/aruco_detection/ros2_ws/install/tag_interface/bin'
[5.404s] Level 1:colcon.colcon_core.environment:checking '/home/cam/GitHub/autonomy_2022_23/aruco_detection/ros2_ws/install/tag_interface/lib/pkgconfig/tag_interface.pc'
[5.405s] Level 1:colcon.colcon_core.environment:checking '/home/cam/GitHub/autonomy_2022_23/aruco_detection/ros2_ws/install/tag_interface/lib/python3.10/site-packages'
[5.406s] Level 1:colcon.colcon_core.environment:checking '/home/cam/GitHub/autonomy_2022_23/aruco_detection/ros2_ws/install/tag_interface/bin'
[5.413s] INFO:colcon.colcon_core.shell:Creating package script '/home/cam/GitHub/autonomy_2022_23/aruco_detection/ros2_ws/install/tag_interface/share/tag_interface/package.ps1'
[5.416s] INFO:colcon.colcon_core.shell:Creating package descriptor '/home/cam/GitHub/autonomy_2022_23/aruco_detection/ros2_ws/install/tag_interface/share/tag_interface/package.dsv'
[5.418s] INFO:colcon.colcon_core.shell:Creating package script '/home/cam/GitHub/autonomy_2022_23/aruco_detection/ros2_ws/install/tag_interface/share/tag_interface/package.sh'
[5.421s] INFO:colcon.colcon_core.shell:Creating package script '/home/cam/GitHub/autonomy_2022_23/aruco_detection/ros2_ws/install/tag_interface/share/tag_interface/package.bash'
[5.423s] INFO:colcon.colcon_core.shell:Creating package script '/home/cam/GitHub/autonomy_2022_23/aruco_detection/ros2_ws/install/tag_interface/share/tag_interface/package.zsh'
[5.425s] Level 1:colcon.colcon_core.environment:create_file_with_runtime_dependencies(/home/cam/GitHub/autonomy_2022_23/aruco_detection/ros2_ws/install/tag_interface/share/colcon-core/packages/tag_interface)
[5.427s] DEBUG:colcon.colcon_parallel_executor.executor.parallel:closing loop
[5.428s] DEBUG:colcon.colcon_parallel_executor.executor.parallel:loop closed
[5.429s] DEBUG:colcon.colcon_parallel_executor.executor.parallel:run_until_complete finished with '0'
[5.429s] DEBUG:colcon.colcon_core.event_reactor:joining thread
[5.453s] INFO:colcon.colcon_core.plugin_system:Skipping extension 'colcon_notification.desktop_notification.terminal_notifier': Not used on non-Darwin systems
[5.454s] INFO:colcon.colcon_core.plugin_system:Skipping extension 'colcon_notification.desktop_notification.win32': Not used on non-Windows systems
[5.454s] INFO:colcon.colcon_notification.desktop_notification:Sending desktop notification using 'notify2'
[5.513s] DEBUG:colcon.colcon_core.event_reactor:joined thread
[5.520s] INFO:colcon.colcon_core.shell:Creating prefix script '/home/cam/GitHub/autonomy_2022_23/aruco_detection/ros2_ws/install/local_setup.ps1'
[5.525s] INFO:colcon.colcon_core.shell:Creating prefix util module '/home/cam/GitHub/autonomy_2022_23/aruco_detection/ros2_ws/install/_local_setup_util_ps1.py'
[5.533s] INFO:colcon.colcon_core.shell:Creating prefix chain script '/home/cam/GitHub/autonomy_2022_23/aruco_detection/ros2_ws/install/setup.ps1'
[5.541s] INFO:colcon.colcon_core.shell:Creating prefix script '/home/cam/GitHub/autonomy_2022_23/aruco_detection/ros2_ws/install/local_setup.sh'
[5.544s] INFO:colcon.colcon_core.shell:Creating prefix util module '/home/cam/GitHub/autonomy_2022_23/aruco_detection/ros2_ws/install/_local_setup_util_sh.py'
[5.547s] INFO:colcon.colcon_core.shell:Creating prefix chain script '/home/cam/GitHub/autonomy_2022_23/aruco_detection/ros2_ws/install/setup.sh'
[5.554s] INFO:colcon.colcon_core.shell:Creating prefix script '/home/cam/GitHub/autonomy_2022_23/aruco_detection/ros2_ws/install/local_setup.bash'
[5.556s] INFO:colcon.colcon_core.shell:Creating prefix chain script '/home/cam/GitHub/autonomy_2022_23/aruco_detection/ros2_ws/install/setup.bash'
[5.563s] INFO:colcon.colcon_core.shell:Creating prefix script '/home/cam/GitHub/autonomy_2022_23/aruco_detection/ros2_ws/install/local_setup.zsh'
[5.567s] INFO:colcon.colcon_core.shell:Creating prefix chain script '/home/cam/GitHub/autonomy_2022_23/aruco_detection/ros2_ws/install/setup.zsh'
