[0.074s] Invoking command in '/home/cam/GitHub/autonomy_2022_23/aruco_detection/ros2_ws/build/tag_interface': CMAKE_PREFIX_PATH=/opt/ros/humble /usr/bin/cmake --build /home/cam/GitHub/autonomy_2022_23/aruco_detection/ros2_ws/build/tag_interface -- -j4 -l4
[0.188s] -- Found ament_cmake: 1.3.3 (/opt/ros/humble/share/ament_cmake/cmake)
[0.908s] -- Found rosidl_default_generators: 1.2.0 (/opt/ros/humble/share/rosidl_default_generators/cmake)
[0.915s] -- Using all available rosidl_typesupport_c: rosidl_typesupport_fastrtps_c;rosidl_typesupport_introspection_c
[0.928s] -- Found rosidl_adapter: 3.1.4 (/opt/ros/humble/share/rosidl_adapter/cmake)
[1.134s] -- Using all available rosidl_typesupport_cpp: rosidl_typesupport_fastrtps_cpp;rosidl_typesupport_introspection_cpp
[1.270s] -- Found ament_lint_auto: 0.12.4 (/opt/ros/humble/share/ament_lint_auto/cmake)
[2.498s] -- Found ament_cmake_ros: 0.10.0 (/opt/ros/humble/share/ament_cmake_ros/cmake)
[3.384s] -- Using all available rosidl_typesupport_c: rosidl_typesupport_fastrtps_c;rosidl_typesupport_introspection_c
[4.571s] -- Using all available rosidl_typesupport_cpp: rosidl_typesupport_fastrtps_cpp;rosidl_typesupport_introspection_cpp
[4.685s] -- Found python_cmake_module: 0.10.0 (/opt/ros/humble/share/python_cmake_module/cmake)
[4.798s] -- Using PYTHON_EXECUTABLE: /usr/bin/python3
[4.798s] -- Using PYTHON_INCLUDE_DIRS: /usr/include/python3.10
[4.799s] -- Using PYTHON_LIBRARIES: /usr/lib/aarch64-linux-gnu/libpython3.10.so
[4.873s] -- Added test 'lint_cmake' to check CMake code style
[4.884s] -- Added test 'xmllint' to check XML markup files
[4.908s] -- Configuring done
[5.116s] -- Generating done
[5.141s] -- Build files have been written to: /home/cam/GitHub/autonomy_2022_23/aruco_detection/ros2_ws/build/tag_interface
[5.260s] [  2%] [34m[1mGenerating C code for ROS interfaces[0m
[5.307s] [  5%] [34m[1mGenerating C++ code for ROS interfaces[0m
[5.363s] [  5%] Built target ament_cmake_python_copy_tag_interface
[7.046s] [  5%] Built target tag_interface__cpp
[7.052s] running egg_info
[7.061s] writing tag_interface.egg-info/PKG-INFO
[7.065s] writing dependency_links to tag_interface.egg-info/dependency_links.txt
[7.068s] writing top-level names to tag_interface.egg-info/top_level.txt
[7.079s] reading manifest file 'tag_interface.egg-info/SOURCES.txt'
[7.088s] writing manifest file 'tag_interface.egg-info/SOURCES.txt'
[7.133s] [  7%] [34m[1mGenerating C++ type support for eProsima Fast-RTPS[0m
[7.238s] [ 10%] [34m[1mGenerating C++ introspection for ROS interfaces[0m
[7.254s] [35m[1mConsolidate compiler generated dependencies of target tag_interface__rosidl_generator_c[0m
[7.265s] [ 10%] Built target ament_cmake_python_build_tag_interface_egg
[7.315s] [ 12%] [32mBuilding C object CMakeFiles/tag_interface__rosidl_generator_c.dir/rosidl_generator_c/tag_interface/msg/detail/coordinate__functions.c.o[0m
[7.322s] [ 15%] [34m[1mGenerating C++ type support dispatch for ROS interfaces[0m
[7.638s] [ 17%] [32mBuilding C object CMakeFiles/tag_interface__rosidl_generator_c.dir/rosidl_generator_c/tag_interface/msg/detail/tag__functions.c.o[0m
[7.965s] [ 20%] [32m[1mLinking C shared library libtag_interface__rosidl_generator_c.so[0m
[8.172s] [ 20%] Built target tag_interface__rosidl_generator_c
[8.225s] [ 23%] [34m[1mGenerating C type support for eProsima Fast-RTPS[0m
[8.942s] [35m[1mConsolidate compiler generated dependencies of target tag_interface__rosidl_typesupport_cpp[0m
[9.025s] [ 25%] [32mBuilding CXX object CMakeFiles/tag_interface__rosidl_typesupport_cpp.dir/rosidl_typesupport_cpp/tag_interface/msg/coordinate__type_support.cpp.o[0m
[9.036s] [35m[1mConsolidate compiler generated dependencies of target tag_interface__rosidl_typesupport_fastrtps_cpp[0m
[9.129s] [35m[1mConsolidate compiler generated dependencies of target tag_interface__rosidl_typesupport_introspection_cpp[0m
[9.148s] [ 28%] [32mBuilding CXX object CMakeFiles/tag_interface__rosidl_typesupport_fastrtps_cpp.dir/rosidl_typesupport_fastrtps_cpp/tag_interface/msg/detail/dds_fastrtps/coordinate__type_support.cpp.o[0m
[9.207s] [ 30%] [32mBuilding CXX object CMakeFiles/tag_interface__rosidl_typesupport_introspection_cpp.dir/rosidl_typesupport_introspection_cpp/tag_interface/msg/detail/coordinate__type_support.cpp.o[0m
[10.074s] [35m[1mConsolidate compiler generated dependencies of target tag_interface__rosidl_typesupport_fastrtps_c[0m
[10.165s] [ 33%] [32mBuilding CXX object CMakeFiles/tag_interface__rosidl_typesupport_fastrtps_c.dir/rosidl_typesupport_fastrtps_c/tag_interface/msg/detail/coordinate__type_support_c.cpp.o[0m
[10.806s] [ 35%] [32mBuilding CXX object CMakeFiles/tag_interface__rosidl_typesupport_cpp.dir/rosidl_typesupport_cpp/tag_interface/msg/tag__type_support.cpp.o[0m
[11.804s] [ 38%] [32mBuilding CXX object CMakeFiles/tag_interface__rosidl_typesupport_fastrtps_cpp.dir/rosidl_typesupport_fastrtps_cpp/tag_interface/msg/detail/dds_fastrtps/tag__type_support.cpp.o[0m
[11.892s] [ 41%] [32mBuilding CXX object CMakeFiles/tag_interface__rosidl_typesupport_introspection_cpp.dir/rosidl_typesupport_introspection_cpp/tag_interface/msg/detail/tag__type_support.cpp.o[0m
[12.524s] [ 43%] [32mBuilding CXX object CMakeFiles/tag_interface__rosidl_typesupport_fastrtps_c.dir/rosidl_typesupport_fastrtps_c/tag_interface/msg/detail/tag__type_support_c.cpp.o[0m
[12.744s] [ 46%] [32m[1mLinking CXX shared library libtag_interface__rosidl_typesupport_cpp.so[0m
[12.974s] [ 46%] Built target tag_interface__rosidl_typesupport_cpp
[13.037s] [ 48%] [34m[1mGenerating C introspection for ROS interfaces[0m
[14.999s] [ 51%] [32m[1mLinking CXX shared library libtag_interface__rosidl_typesupport_fastrtps_c.so[0m
[15.073s] [35m[1mConsolidate compiler generated dependencies of target tag_interface__rosidl_typesupport_introspection_c[0m
[15.182s] [ 53%] [32mBuilding C object CMakeFiles/tag_interface__rosidl_typesupport_introspection_c.dir/rosidl_typesupport_introspection_c/tag_interface/msg/detail/coordinate__type_support.c.o[0m
[15.319s] [ 56%] [32m[1mLinking CXX shared library libtag_interface__rosidl_typesupport_introspection_cpp.so[0m
[15.430s] [ 58%] [32mBuilding C object CMakeFiles/tag_interface__rosidl_typesupport_introspection_c.dir/rosidl_typesupport_introspection_c/tag_interface/msg/detail/tag__type_support.c.o[0m
[15.462s] [ 61%] [32m[1mLinking CXX shared library libtag_interface__rosidl_typesupport_fastrtps_cpp.so[0m
[15.484s] [ 61%] Built target tag_interface__rosidl_typesupport_fastrtps_c
[15.541s] [ 64%] [34m[1mGenerating C type support dispatch for ROS interfaces[0m
[15.820s] [ 64%] Built target tag_interface__rosidl_typesupport_introspection_cpp
[15.833s] [ 66%] [32m[1mLinking C shared library libtag_interface__rosidl_typesupport_introspection_c.so[0m
[15.889s] [ 66%] Built target tag_interface__rosidl_typesupport_fastrtps_cpp
[15.993s] [ 66%] Built target tag_interface__rosidl_typesupport_introspection_c
[16.831s] [35m[1mConsolidate compiler generated dependencies of target tag_interface__rosidl_typesupport_c[0m
[16.889s] [ 69%] [32mBuilding CXX object CMakeFiles/tag_interface__rosidl_typesupport_c.dir/rosidl_typesupport_c/tag_interface/msg/coordinate__type_support.cpp.o[0m
[16.892s] [ 71%] [32mBuilding CXX object CMakeFiles/tag_interface__rosidl_typesupport_c.dir/rosidl_typesupport_c/tag_interface/msg/tag__type_support.cpp.o[0m
[17.057s] [ 74%] [32m[1mLinking CXX shared library libtag_interface__rosidl_typesupport_c.so[0m
[17.241s] [ 74%] Built target tag_interface__rosidl_typesupport_c
[17.336s] [ 74%] Built target tag_interface
[17.434s] [ 76%] [34m[1mGenerating Python code for ROS interfaces[0m
[19.386s] [ 76%] Built target tag_interface__py
[19.434s] [35m[1mConsolidate compiler generated dependencies of target tag_interface__rosidl_generator_py[0m
[19.513s] [ 79%] [32mBuilding C object CMakeFiles/tag_interface__rosidl_generator_py.dir/rosidl_generator_py/tag_interface/msg/_coordinate_s.c.o[0m
[19.515s] [ 82%] [32mBuilding C object CMakeFiles/tag_interface__rosidl_generator_py.dir/rosidl_generator_py/tag_interface/msg/_tag_s.c.o[0m
[20.193s] [ 84%] [32m[1mLinking C shared library rosidl_generator_py/tag_interface/libtag_interface__rosidl_generator_py.so[0m
[20.390s] [ 84%] Built target tag_interface__rosidl_generator_py
[20.443s] [35m[1mConsolidate compiler generated dependencies of target tag_interface__rosidl_typesupport_fastrtps_c__pyext[0m
[20.444s] [35m[1mConsolidate compiler generated dependencies of target tag_interface__rosidl_typesupport_introspection_c__pyext[0m
[20.446s] [35m[1mConsolidate compiler generated dependencies of target tag_interface__rosidl_typesupport_c__pyext[0m
[20.516s] [ 87%] [32mBuilding C object CMakeFiles/tag_interface__rosidl_typesupport_fastrtps_c__pyext.dir/rosidl_generator_py/tag_interface/_tag_interface_s.ep.rosidl_typesupport_fastrtps_c.c.o[0m
[20.522s] [ 89%] [32mBuilding C object CMakeFiles/tag_interface__rosidl_typesupport_introspection_c__pyext.dir/rosidl_generator_py/tag_interface/_tag_interface_s.ep.rosidl_typesupport_introspection_c.c.o[0m
[20.523s] [ 92%] [32mBuilding C object CMakeFiles/tag_interface__rosidl_typesupport_c__pyext.dir/rosidl_generator_py/tag_interface/_tag_interface_s.ep.rosidl_typesupport_c.c.o[0m
[21.066s] [ 94%] [32m[1mLinking C shared library rosidl_generator_py/tag_interface/tag_interface_s__rosidl_typesupport_c.cpython-310-aarch64-linux-gnu.so[0m
[21.095s] [ 97%] [32m[1mLinking C shared library rosidl_generator_py/tag_interface/tag_interface_s__rosidl_typesupport_introspection_c.cpython-310-aarch64-linux-gnu.so[0m
[21.170s] [100%] [32m[1mLinking C shared library rosidl_generator_py/tag_interface/tag_interface_s__rosidl_typesupport_fastrtps_c.cpython-310-aarch64-linux-gnu.so[0m
[21.273s] [100%] Built target tag_interface__rosidl_typesupport_c__pyext
[21.297s] [100%] Built target tag_interface__rosidl_typesupport_introspection_c__pyext
[21.395s] [100%] Built target tag_interface__rosidl_typesupport_fastrtps_c__pyext
[21.443s] Invoked command in '/home/cam/GitHub/autonomy_2022_23/aruco_detection/ros2_ws/build/tag_interface' returned '0': CMAKE_PREFIX_PATH=/opt/ros/humble /usr/bin/cmake --build /home/cam/GitHub/autonomy_2022_23/aruco_detection/ros2_ws/build/tag_interface -- -j4 -l4
[21.961s] Invoking command in '/home/cam/GitHub/autonomy_2022_23/aruco_detection/ros2_ws/build/tag_interface': CMAKE_PREFIX_PATH=/opt/ros/humble /usr/bin/cmake --install /home/cam/GitHub/autonomy_2022_23/aruco_detection/ros2_ws/build/tag_interface
[21.993s] -- Install configuration: ""
[21.994s] -- Up-to-date: /home/cam/GitHub/autonomy_2022_23/aruco_detection/ros2_ws/install/tag_interface/share/ament_index/resource_index/rosidl_interfaces/tag_interface
[21.994s] -- Up-to-date: /home/cam/GitHub/autonomy_2022_23/aruco_detection/ros2_ws/install/tag_interface/include/tag_interface/tag_interface
[21.995s] -- Up-to-date: /home/cam/GitHub/autonomy_2022_23/aruco_detection/ros2_ws/install/tag_interface/include/tag_interface/tag_interface/msg
[21.995s] -- Up-to-date: /home/cam/GitHub/autonomy_2022_23/aruco_detection/ros2_ws/install/tag_interface/include/tag_interface/tag_interface/msg/rosidl_generator_c__visibility_control.h
[21.996s] -- Installing: /home/cam/GitHub/autonomy_2022_23/aruco_detection/ros2_ws/install/tag_interface/include/tag_interface/tag_interface/msg/coordinate.h
[21.997s] -- Up-to-date: /home/cam/GitHub/autonomy_2022_23/aruco_detection/ros2_ws/install/tag_interface/include/tag_interface/tag_interface/msg/detail
[21.998s] -- Installing: /home/cam/GitHub/autonomy_2022_23/aruco_detection/ros2_ws/install/tag_interface/include/tag_interface/tag_interface/msg/detail/tag__type_support.h
[22.000s] -- Installing: /home/cam/GitHub/autonomy_2022_23/aruco_detection/ros2_ws/install/tag_interface/include/tag_interface/tag_interface/msg/detail/coordinate__functions.c
[22.001s] -- Installing: /home/cam/GitHub/autonomy_2022_23/aruco_detection/ros2_ws/install/tag_interface/include/tag_interface/tag_interface/msg/detail/tag__functions.h
[22.003s] -- Installing: /home/cam/GitHub/autonomy_2022_23/aruco_detection/ros2_ws/install/tag_interface/include/tag_interface/tag_interface/msg/detail/tag__struct.h
[22.004s] -- Installing: /home/cam/GitHub/autonomy_2022_23/aruco_detection/ros2_ws/install/tag_interface/include/tag_interface/tag_interface/msg/detail/coordinate__type_support.h
[22.006s] -- Installing: /home/cam/GitHub/autonomy_2022_23/aruco_detection/ros2_ws/install/tag_interface/include/tag_interface/tag_interface/msg/detail/tag__functions.c
[22.008s] -- Installing: /home/cam/GitHub/autonomy_2022_23/aruco_detection/ros2_ws/install/tag_interface/include/tag_interface/tag_interface/msg/detail/coordinate__functions.h
[22.009s] -- Installing: /home/cam/GitHub/autonomy_2022_23/aruco_detection/ros2_ws/install/tag_interface/include/tag_interface/tag_interface/msg/detail/coordinate__struct.h
[22.011s] -- Installing: /home/cam/GitHub/autonomy_2022_23/aruco_detection/ros2_ws/install/tag_interface/include/tag_interface/tag_interface/msg/tag.h
[22.013s] -- Up-to-date: /home/cam/GitHub/autonomy_2022_23/aruco_detection/ros2_ws/install/tag_interface/share/tag_interface/environment/library_path.sh
[22.013s] -- Installing: /home/cam/GitHub/autonomy_2022_23/aruco_detection/ros2_ws/install/tag_interface/share/tag_interface/environment/library_path.dsv
[22.016s] -- Installing: /home/cam/GitHub/autonomy_2022_23/aruco_detection/ros2_ws/install/tag_interface/lib/libtag_interface__rosidl_generator_c.so
[22.019s] -- Set runtime path of "/home/cam/GitHub/autonomy_2022_23/aruco_detection/ros2_ws/install/tag_interface/lib/libtag_interface__rosidl_generator_c.so" to ""
[22.020s] -- Up-to-date: /home/cam/GitHub/autonomy_2022_23/aruco_detection/ros2_ws/install/tag_interface/include/tag_interface/tag_interface
[22.020s] -- Up-to-date: /home/cam/GitHub/autonomy_2022_23/aruco_detection/ros2_ws/install/tag_interface/include/tag_interface/tag_interface/msg
[22.021s] -- Up-to-date: /home/cam/GitHub/autonomy_2022_23/aruco_detection/ros2_ws/install/tag_interface/include/tag_interface/tag_interface/msg/rosidl_typesupport_fastrtps_c__visibility_control.h
[22.021s] -- Up-to-date: /home/cam/GitHub/autonomy_2022_23/aruco_detection/ros2_ws/install/tag_interface/include/tag_interface/tag_interface/msg/detail
[22.022s] -- Installing: /home/cam/GitHub/autonomy_2022_23/aruco_detection/ros2_ws/install/tag_interface/include/tag_interface/tag_interface/msg/detail/tag__rosidl_typesupport_fastrtps_c.h
[22.024s] -- Installing: /home/cam/GitHub/autonomy_2022_23/aruco_detection/ros2_ws/install/tag_interface/include/tag_interface/tag_interface/msg/detail/coordinate__rosidl_typesupport_fastrtps_c.h
[22.027s] -- Installing: /home/cam/GitHub/autonomy_2022_23/aruco_detection/ros2_ws/install/tag_interface/lib/libtag_interface__rosidl_typesupport_fastrtps_c.so
[22.030s] -- Set runtime path of "/home/cam/GitHub/autonomy_2022_23/aruco_detection/ros2_ws/install/tag_interface/lib/libtag_interface__rosidl_typesupport_fastrtps_c.so" to ""
[22.031s] -- Up-to-date: /home/cam/GitHub/autonomy_2022_23/aruco_detection/ros2_ws/install/tag_interface/include/tag_interface/tag_interface
[22.031s] -- Up-to-date: /home/cam/GitHub/autonomy_2022_23/aruco_detection/ros2_ws/install/tag_interface/include/tag_interface/tag_interface/msg
[22.032s] -- Up-to-date: /home/cam/GitHub/autonomy_2022_23/aruco_detection/ros2_ws/install/tag_interface/include/tag_interface/tag_interface/msg/rosidl_typesupport_introspection_c__visibility_control.h
[22.032s] -- Up-to-date: /home/cam/GitHub/autonomy_2022_23/aruco_detection/ros2_ws/install/tag_interface/include/tag_interface/tag_interface/msg/detail
[22.033s] -- Installing: /home/cam/GitHub/autonomy_2022_23/aruco_detection/ros2_ws/install/tag_interface/include/tag_interface/tag_interface/msg/detail/coordinate__type_support.c
[22.035s] -- Installing: /home/cam/GitHub/autonomy_2022_23/aruco_detection/ros2_ws/install/tag_interface/include/tag_interface/tag_interface/msg/detail/tag__rosidl_typesupport_introspection_c.h
[22.037s] -- Installing: /home/cam/GitHub/autonomy_2022_23/aruco_detection/ros2_ws/install/tag_interface/include/tag_interface/tag_interface/msg/detail/coordinate__rosidl_typesupport_introspection_c.h
[22.039s] -- Installing: /home/cam/GitHub/autonomy_2022_23/aruco_detection/ros2_ws/install/tag_interface/include/tag_interface/tag_interface/msg/detail/tag__type_support.c
[22.041s] -- Installing: /home/cam/GitHub/autonomy_2022_23/aruco_detection/ros2_ws/install/tag_interface/lib/libtag_interface__rosidl_typesupport_introspection_c.so
[22.045s] -- Set runtime path of "/home/cam/GitHub/autonomy_2022_23/aruco_detection/ros2_ws/install/tag_interface/lib/libtag_interface__rosidl_typesupport_introspection_c.so" to ""
[22.046s] -- Installing: /home/cam/GitHub/autonomy_2022_23/aruco_detection/ros2_ws/install/tag_interface/lib/libtag_interface__rosidl_typesupport_c.so
[22.049s] -- Set runtime path of "/home/cam/GitHub/autonomy_2022_23/aruco_detection/ros2_ws/install/tag_interface/lib/libtag_interface__rosidl_typesupport_c.so" to ""
[22.050s] -- Up-to-date: /home/cam/GitHub/autonomy_2022_23/aruco_detection/ros2_ws/install/tag_interface/include/tag_interface/tag_interface
[22.050s] -- Up-to-date: /home/cam/GitHub/autonomy_2022_23/aruco_detection/ros2_ws/install/tag_interface/include/tag_interface/tag_interface/msg
[22.051s] -- Installing: /home/cam/GitHub/autonomy_2022_23/aruco_detection/ros2_ws/install/tag_interface/include/tag_interface/tag_interface/msg/tag.hpp
[22.052s] -- Installing: /home/cam/GitHub/autonomy_2022_23/aruco_detection/ros2_ws/install/tag_interface/include/tag_interface/tag_interface/msg/coordinate.hpp
[22.054s] -- Up-to-date: /home/cam/GitHub/autonomy_2022_23/aruco_detection/ros2_ws/install/tag_interface/include/tag_interface/tag_interface/msg/detail
[22.054s] -- Installing: /home/cam/GitHub/autonomy_2022_23/aruco_detection/ros2_ws/install/tag_interface/include/tag_interface/tag_interface/msg/detail/tag__builder.hpp
[22.056s] -- Installing: /home/cam/GitHub/autonomy_2022_23/aruco_detection/ros2_ws/install/tag_interface/include/tag_interface/tag_interface/msg/detail/tag__struct.hpp
[22.057s] -- Installing: /home/cam/GitHub/autonomy_2022_23/aruco_detection/ros2_ws/install/tag_interface/include/tag_interface/tag_interface/msg/detail/tag__traits.hpp
[22.059s] -- Installing: /home/cam/GitHub/autonomy_2022_23/aruco_detection/ros2_ws/install/tag_interface/include/tag_interface/tag_interface/msg/detail/coordinate__builder.hpp
[22.061s] -- Installing: /home/cam/GitHub/autonomy_2022_23/aruco_detection/ros2_ws/install/tag_interface/include/tag_interface/tag_interface/msg/detail/coordinate__struct.hpp
[22.062s] -- Installing: /home/cam/GitHub/autonomy_2022_23/aruco_detection/ros2_ws/install/tag_interface/include/tag_interface/tag_interface/msg/detail/coordinate__traits.hpp
[22.064s] -- Up-to-date: /home/cam/GitHub/autonomy_2022_23/aruco_detection/ros2_ws/install/tag_interface/include/tag_interface/tag_interface
[22.065s] -- Up-to-date: /home/cam/GitHub/autonomy_2022_23/aruco_detection/ros2_ws/install/tag_interface/include/tag_interface/tag_interface/msg
[22.065s] -- Up-to-date: /home/cam/GitHub/autonomy_2022_23/aruco_detection/ros2_ws/install/tag_interface/include/tag_interface/tag_interface/msg/rosidl_typesupport_fastrtps_cpp__visibility_control.h
[22.066s] -- Up-to-date: /home/cam/GitHub/autonomy_2022_23/aruco_detection/ros2_ws/install/tag_interface/include/tag_interface/tag_interface/msg/detail
[22.066s] -- Installing: /home/cam/GitHub/autonomy_2022_23/aruco_detection/ros2_ws/install/tag_interface/include/tag_interface/tag_interface/msg/detail/tag__rosidl_typesupport_fastrtps_cpp.hpp
[22.068s] -- Up-to-date: /home/cam/GitHub/autonomy_2022_23/aruco_detection/ros2_ws/install/tag_interface/include/tag_interface/tag_interface/msg/detail/dds_fastrtps
[22.068s] -- Installing: /home/cam/GitHub/autonomy_2022_23/aruco_detection/ros2_ws/install/tag_interface/include/tag_interface/tag_interface/msg/detail/coordinate__rosidl_typesupport_fastrtps_cpp.hpp
[22.071s] -- Installing: /home/cam/GitHub/autonomy_2022_23/aruco_detection/ros2_ws/install/tag_interface/lib/libtag_interface__rosidl_typesupport_fastrtps_cpp.so
[22.076s] -- Set runtime path of "/home/cam/GitHub/autonomy_2022_23/aruco_detection/ros2_ws/install/tag_interface/lib/libtag_interface__rosidl_typesupport_fastrtps_cpp.so" to ""
[22.077s] -- Up-to-date: /home/cam/GitHub/autonomy_2022_23/aruco_detection/ros2_ws/install/tag_interface/include/tag_interface/tag_interface
[22.077s] -- Up-to-date: /home/cam/GitHub/autonomy_2022_23/aruco_detection/ros2_ws/install/tag_interface/include/tag_interface/tag_interface/msg
[22.078s] -- Up-to-date: /home/cam/GitHub/autonomy_2022_23/aruco_detection/ros2_ws/install/tag_interface/include/tag_interface/tag_interface/msg/detail
[22.078s] -- Installing: /home/cam/GitHub/autonomy_2022_23/aruco_detection/ros2_ws/install/tag_interface/include/tag_interface/tag_interface/msg/detail/coordinate__rosidl_typesupport_introspection_cpp.hpp
[22.080s] -- Installing: /home/cam/GitHub/autonomy_2022_23/aruco_detection/ros2_ws/install/tag_interface/include/tag_interface/tag_interface/msg/detail/tag__rosidl_typesupport_introspection_cpp.hpp
[22.081s] -- Installing: /home/cam/GitHub/autonomy_2022_23/aruco_detection/ros2_ws/install/tag_interface/include/tag_interface/tag_interface/msg/detail/coordinate__type_support.cpp
[22.083s] -- Installing: /home/cam/GitHub/autonomy_2022_23/aruco_detection/ros2_ws/install/tag_interface/include/tag_interface/tag_interface/msg/detail/tag__type_support.cpp
[22.086s] -- Installing: /home/cam/GitHub/autonomy_2022_23/aruco_detection/ros2_ws/install/tag_interface/lib/libtag_interface__rosidl_typesupport_introspection_cpp.so
[22.090s] -- Set runtime path of "/home/cam/GitHub/autonomy_2022_23/aruco_detection/ros2_ws/install/tag_interface/lib/libtag_interface__rosidl_typesupport_introspection_cpp.so" to ""
[22.092s] -- Installing: /home/cam/GitHub/autonomy_2022_23/aruco_detection/ros2_ws/install/tag_interface/lib/libtag_interface__rosidl_typesupport_cpp.so
[22.095s] -- Set runtime path of "/home/cam/GitHub/autonomy_2022_23/aruco_detection/ros2_ws/install/tag_interface/lib/libtag_interface__rosidl_typesupport_cpp.so" to ""
[22.095s] -- Up-to-date: /home/cam/GitHub/autonomy_2022_23/aruco_detection/ros2_ws/install/tag_interface/share/tag_interface/environment/pythonpath.sh
[22.096s] -- Installing: /home/cam/GitHub/autonomy_2022_23/aruco_detection/ros2_ws/install/tag_interface/share/tag_interface/environment/pythonpath.dsv
[22.097s] -- Up-to-date: /home/cam/GitHub/autonomy_2022_23/aruco_detection/ros2_ws/install/tag_interface/local/lib/python3.10/dist-packages/tag_interface-0.0.0-py3.10.egg-info
[22.098s] -- Installing: /home/cam/GitHub/autonomy_2022_23/aruco_detection/ros2_ws/install/tag_interface/local/lib/python3.10/dist-packages/tag_interface-0.0.0-py3.10.egg-info/PKG-INFO
[22.100s] -- Installing: /home/cam/GitHub/autonomy_2022_23/aruco_detection/ros2_ws/install/tag_interface/local/lib/python3.10/dist-packages/tag_interface-0.0.0-py3.10.egg-info/top_level.txt
[22.101s] -- Installing: /home/cam/GitHub/autonomy_2022_23/aruco_detection/ros2_ws/install/tag_interface/local/lib/python3.10/dist-packages/tag_interface-0.0.0-py3.10.egg-info/SOURCES.txt
[22.103s] -- Installing: /home/cam/GitHub/autonomy_2022_23/aruco_detection/ros2_ws/install/tag_interface/local/lib/python3.10/dist-packages/tag_interface-0.0.0-py3.10.egg-info/dependency_links.txt
[22.105s] -- Up-to-date: /home/cam/GitHub/autonomy_2022_23/aruco_detection/ros2_ws/install/tag_interface/local/lib/python3.10/dist-packages/tag_interface
[22.106s] -- Installing: /home/cam/GitHub/autonomy_2022_23/aruco_detection/ros2_ws/install/tag_interface/local/lib/python3.10/dist-packages/tag_interface/tag_interface_s__rosidl_typesupport_c.cpython-310-aarch64-linux-gnu.so
[22.108s] -- Up-to-date: /home/cam/GitHub/autonomy_2022_23/aruco_detection/ros2_ws/install/tag_interface/local/lib/python3.10/dist-packages/tag_interface/msg
[22.108s] -- Installing: /home/cam/GitHub/autonomy_2022_23/aruco_detection/ros2_ws/install/tag_interface/local/lib/python3.10/dist-packages/tag_interface/msg/_tag_s.c
[22.110s] -- Installing: /home/cam/GitHub/autonomy_2022_23/aruco_detection/ros2_ws/install/tag_interface/local/lib/python3.10/dist-packages/tag_interface/msg/_coordinate_s.c
[22.112s] -- Installing: /home/cam/GitHub/autonomy_2022_23/aruco_detection/ros2_ws/install/tag_interface/local/lib/python3.10/dist-packages/tag_interface/msg/_tag.py
[22.113s] -- Installing: /home/cam/GitHub/autonomy_2022_23/aruco_detection/ros2_ws/install/tag_interface/local/lib/python3.10/dist-packages/tag_interface/msg/__init__.py
[22.115s] -- Installing: /home/cam/GitHub/autonomy_2022_23/aruco_detection/ros2_ws/install/tag_interface/local/lib/python3.10/dist-packages/tag_interface/msg/_coordinate.py
[22.117s] -- Installing: /home/cam/GitHub/autonomy_2022_23/aruco_detection/ros2_ws/install/tag_interface/local/lib/python3.10/dist-packages/tag_interface/tag_interface_s__rosidl_typesupport_fastrtps_c.cpython-310-aarch64-linux-gnu.so
[22.119s] -- Installing: /home/cam/GitHub/autonomy_2022_23/aruco_detection/ros2_ws/install/tag_interface/local/lib/python3.10/dist-packages/tag_interface/__init__.py
[22.120s] -- Installing: /home/cam/GitHub/autonomy_2022_23/aruco_detection/ros2_ws/install/tag_interface/local/lib/python3.10/dist-packages/tag_interface/_tag_interface_s.ep.rosidl_typesupport_fastrtps_c.c
[22.122s] -- Installing: /home/cam/GitHub/autonomy_2022_23/aruco_detection/ros2_ws/install/tag_interface/local/lib/python3.10/dist-packages/tag_interface/_tag_interface_s.ep.rosidl_typesupport_introspection_c.c
[22.124s] -- Installing: /home/cam/GitHub/autonomy_2022_23/aruco_detection/ros2_ws/install/tag_interface/local/lib/python3.10/dist-packages/tag_interface/_tag_interface_s.ep.rosidl_typesupport_c.c
[22.126s] -- Installing: /home/cam/GitHub/autonomy_2022_23/aruco_detection/ros2_ws/install/tag_interface/local/lib/python3.10/dist-packages/tag_interface/tag_interface_s__rosidl_typesupport_introspection_c.cpython-310-aarch64-linux-gnu.so
[22.128s] -- Installing: /home/cam/GitHub/autonomy_2022_23/aruco_detection/ros2_ws/install/tag_interface/local/lib/python3.10/dist-packages/tag_interface/libtag_interface__rosidl_generator_py.so
[22.301s] Listing '/home/cam/GitHub/autonomy_2022_23/aruco_detection/ros2_ws/install/tag_interface/local/lib/python3.10/dist-packages/tag_interface'...
[22.302s] Compiling '/home/cam/GitHub/autonomy_2022_23/aruco_detection/ros2_ws/install/tag_interface/local/lib/python3.10/dist-packages/tag_interface/__init__.py'...
[22.303s] Listing '/home/cam/GitHub/autonomy_2022_23/aruco_detection/ros2_ws/install/tag_interface/local/lib/python3.10/dist-packages/tag_interface/msg'...
[22.305s] Compiling '/home/cam/GitHub/autonomy_2022_23/aruco_detection/ros2_ws/install/tag_interface/local/lib/python3.10/dist-packages/tag_interface/msg/__init__.py'...
[22.306s] Compiling '/home/cam/GitHub/autonomy_2022_23/aruco_detection/ros2_ws/install/tag_interface/local/lib/python3.10/dist-packages/tag_interface/msg/_coordinate.py'...
[22.307s] Compiling '/home/cam/GitHub/autonomy_2022_23/aruco_detection/ros2_ws/install/tag_interface/local/lib/python3.10/dist-packages/tag_interface/msg/_tag.py'...
[22.327s] -- Installing: /home/cam/GitHub/autonomy_2022_23/aruco_detection/ros2_ws/install/tag_interface/local/lib/python3.10/dist-packages/tag_interface/tag_interface_s__rosidl_typesupport_fastrtps_c.cpython-310-aarch64-linux-gnu.so
[22.331s] -- Set runtime path of "/home/cam/GitHub/autonomy_2022_23/aruco_detection/ros2_ws/install/tag_interface/local/lib/python3.10/dist-packages/tag_interface/tag_interface_s__rosidl_typesupport_fastrtps_c.cpython-310-aarch64-linux-gnu.so" to ""
[22.332s] -- Installing: /home/cam/GitHub/autonomy_2022_23/aruco_detection/ros2_ws/install/tag_interface/local/lib/python3.10/dist-packages/tag_interface/tag_interface_s__rosidl_typesupport_introspection_c.cpython-310-aarch64-linux-gnu.so
[22.336s] -- Set runtime path of "/home/cam/GitHub/autonomy_2022_23/aruco_detection/ros2_ws/install/tag_interface/local/lib/python3.10/dist-packages/tag_interface/tag_interface_s__rosidl_typesupport_introspection_c.cpython-310-aarch64-linux-gnu.so" to ""
[22.338s] -- Installing: /home/cam/GitHub/autonomy_2022_23/aruco_detection/ros2_ws/install/tag_interface/local/lib/python3.10/dist-packages/tag_interface/tag_interface_s__rosidl_typesupport_c.cpython-310-aarch64-linux-gnu.so
[22.341s] -- Set runtime path of "/home/cam/GitHub/autonomy_2022_23/aruco_detection/ros2_ws/install/tag_interface/local/lib/python3.10/dist-packages/tag_interface/tag_interface_s__rosidl_typesupport_c.cpython-310-aarch64-linux-gnu.so" to ""
[22.342s] -- Installing: /home/cam/GitHub/autonomy_2022_23/aruco_detection/ros2_ws/install/tag_interface/lib/libtag_interface__rosidl_generator_py.so
[22.346s] -- Set runtime path of "/home/cam/GitHub/autonomy_2022_23/aruco_detection/ros2_ws/install/tag_interface/lib/libtag_interface__rosidl_generator_py.so" to ""
[22.347s] -- Up-to-date: /home/cam/GitHub/autonomy_2022_23/aruco_detection/ros2_ws/install/tag_interface/share/tag_interface/msg/Coordinate.idl
[22.347s] -- Installing: /home/cam/GitHub/autonomy_2022_23/aruco_detection/ros2_ws/install/tag_interface/share/tag_interface/msg/Tag.idl
[22.349s] -- Up-to-date: /home/cam/GitHub/autonomy_2022_23/aruco_detection/ros2_ws/install/tag_interface/share/tag_interface/msg/Coordinate.msg
[22.350s] -- Installing: /home/cam/GitHub/autonomy_2022_23/aruco_detection/ros2_ws/install/tag_interface/share/tag_interface/msg/Tag.msg
[22.351s] -- Up-to-date: /home/cam/GitHub/autonomy_2022_23/aruco_detection/ros2_ws/install/tag_interface/share/ament_index/resource_index/package_run_dependencies/tag_interface
[22.353s] -- Up-to-date: /home/cam/GitHub/autonomy_2022_23/aruco_detection/ros2_ws/install/tag_interface/share/ament_index/resource_index/parent_prefix_path/tag_interface
[22.353s] -- Up-to-date: /home/cam/GitHub/autonomy_2022_23/aruco_detection/ros2_ws/install/tag_interface/share/tag_interface/environment/ament_prefix_path.sh
[22.354s] -- Installing: /home/cam/GitHub/autonomy_2022_23/aruco_detection/ros2_ws/install/tag_interface/share/tag_interface/environment/ament_prefix_path.dsv
[22.355s] -- Up-to-date: /home/cam/GitHub/autonomy_2022_23/aruco_detection/ros2_ws/install/tag_interface/share/tag_interface/environment/path.sh
[22.355s] -- Installing: /home/cam/GitHub/autonomy_2022_23/aruco_detection/ros2_ws/install/tag_interface/share/tag_interface/environment/path.dsv
[22.357s] -- Up-to-date: /home/cam/GitHub/autonomy_2022_23/aruco_detection/ros2_ws/install/tag_interface/share/tag_interface/local_setup.bash
[22.359s] -- Up-to-date: /home/cam/GitHub/autonomy_2022_23/aruco_detection/ros2_ws/install/tag_interface/share/tag_interface/local_setup.sh
[22.359s] -- Up-to-date: /home/cam/GitHub/autonomy_2022_23/aruco_detection/ros2_ws/install/tag_interface/share/tag_interface/local_setup.zsh
[22.360s] -- Installing: /home/cam/GitHub/autonomy_2022_23/aruco_detection/ros2_ws/install/tag_interface/share/tag_interface/local_setup.dsv
[22.361s] -- Installing: /home/cam/GitHub/autonomy_2022_23/aruco_detection/ros2_ws/install/tag_interface/share/tag_interface/package.dsv
[22.363s] -- Up-to-date: /home/cam/GitHub/autonomy_2022_23/aruco_detection/ros2_ws/install/tag_interface/share/ament_index/resource_index/packages/tag_interface
[22.364s] -- Up-to-date: /home/cam/GitHub/autonomy_2022_23/aruco_detection/ros2_ws/install/tag_interface/share/tag_interface/cmake/export_tag_interface__rosidl_generator_cExport.cmake
[22.365s] -- Up-to-date: /home/cam/GitHub/autonomy_2022_23/aruco_detection/ros2_ws/install/tag_interface/share/tag_interface/cmake/export_tag_interface__rosidl_generator_cExport-noconfig.cmake
[22.366s] -- Up-to-date: /home/cam/GitHub/autonomy_2022_23/aruco_detection/ros2_ws/install/tag_interface/share/tag_interface/cmake/export_tag_interface__rosidl_typesupport_fastrtps_cExport.cmake
[22.366s] -- Up-to-date: /home/cam/GitHub/autonomy_2022_23/aruco_detection/ros2_ws/install/tag_interface/share/tag_interface/cmake/export_tag_interface__rosidl_typesupport_fastrtps_cExport-noconfig.cmake
[22.368s] -- Up-to-date: /home/cam/GitHub/autonomy_2022_23/aruco_detection/ros2_ws/install/tag_interface/share/tag_interface/cmake/tag_interface__rosidl_typesupport_introspection_cExport.cmake
[22.368s] -- Up-to-date: /home/cam/GitHub/autonomy_2022_23/aruco_detection/ros2_ws/install/tag_interface/share/tag_interface/cmake/tag_interface__rosidl_typesupport_introspection_cExport-noconfig.cmake
[22.369s] -- Up-to-date: /home/cam/GitHub/autonomy_2022_23/aruco_detection/ros2_ws/install/tag_interface/share/tag_interface/cmake/tag_interface__rosidl_typesupport_cExport.cmake
[22.370s] -- Up-to-date: /home/cam/GitHub/autonomy_2022_23/aruco_detection/ros2_ws/install/tag_interface/share/tag_interface/cmake/tag_interface__rosidl_typesupport_cExport-noconfig.cmake
[22.371s] -- Up-to-date: /home/cam/GitHub/autonomy_2022_23/aruco_detection/ros2_ws/install/tag_interface/share/tag_interface/cmake/export_tag_interface__rosidl_generator_cppExport.cmake
[22.372s] -- Up-to-date: /home/cam/GitHub/autonomy_2022_23/aruco_detection/ros2_ws/install/tag_interface/share/tag_interface/cmake/export_tag_interface__rosidl_typesupport_fastrtps_cppExport.cmake
[22.373s] -- Up-to-date: /home/cam/GitHub/autonomy_2022_23/aruco_detection/ros2_ws/install/tag_interface/share/tag_interface/cmake/export_tag_interface__rosidl_typesupport_fastrtps_cppExport-noconfig.cmake
[22.374s] -- Up-to-date: /home/cam/GitHub/autonomy_2022_23/aruco_detection/ros2_ws/install/tag_interface/share/tag_interface/cmake/tag_interface__rosidl_typesupport_introspection_cppExport.cmake
[22.375s] -- Up-to-date: /home/cam/GitHub/autonomy_2022_23/aruco_detection/ros2_ws/install/tag_interface/share/tag_interface/cmake/tag_interface__rosidl_typesupport_introspection_cppExport-noconfig.cmake
[22.376s] -- Up-to-date: /home/cam/GitHub/autonomy_2022_23/aruco_detection/ros2_ws/install/tag_interface/share/tag_interface/cmake/tag_interface__rosidl_typesupport_cppExport.cmake
[22.376s] -- Up-to-date: /home/cam/GitHub/autonomy_2022_23/aruco_detection/ros2_ws/install/tag_interface/share/tag_interface/cmake/tag_interface__rosidl_typesupport_cppExport-noconfig.cmake
[22.377s] -- Up-to-date: /home/cam/GitHub/autonomy_2022_23/aruco_detection/ros2_ws/install/tag_interface/share/tag_interface/cmake/export_tag_interface__rosidl_generator_pyExport.cmake
[22.378s] -- Up-to-date: /home/cam/GitHub/autonomy_2022_23/aruco_detection/ros2_ws/install/tag_interface/share/tag_interface/cmake/export_tag_interface__rosidl_generator_pyExport-noconfig.cmake
[22.378s] -- Up-to-date: /home/cam/GitHub/autonomy_2022_23/aruco_detection/ros2_ws/install/tag_interface/share/tag_interface/cmake/rosidl_cmake-extras.cmake
[22.379s] -- Up-to-date: /home/cam/GitHub/autonomy_2022_23/aruco_detection/ros2_ws/install/tag_interface/share/tag_interface/cmake/ament_cmake_export_include_directories-extras.cmake
[22.380s] -- Up-to-date: /home/cam/GitHub/autonomy_2022_23/aruco_detection/ros2_ws/install/tag_interface/share/tag_interface/cmake/ament_cmake_export_libraries-extras.cmake
[22.380s] -- Up-to-date: /home/cam/GitHub/autonomy_2022_23/aruco_detection/ros2_ws/install/tag_interface/share/tag_interface/cmake/ament_cmake_export_targets-extras.cmake
[22.381s] -- Up-to-date: /home/cam/GitHub/autonomy_2022_23/aruco_detection/ros2_ws/install/tag_interface/share/tag_interface/cmake/rosidl_cmake_export_typesupport_targets-extras.cmake
[22.381s] -- Up-to-date: /home/cam/GitHub/autonomy_2022_23/aruco_detection/ros2_ws/install/tag_interface/share/tag_interface/cmake/ament_cmake_export_dependencies-extras.cmake
[22.382s] -- Up-to-date: /home/cam/GitHub/autonomy_2022_23/aruco_detection/ros2_ws/install/tag_interface/share/tag_interface/cmake/rosidl_cmake_export_typesupport_libraries-extras.cmake
[22.383s] -- Up-to-date: /home/cam/GitHub/autonomy_2022_23/aruco_detection/ros2_ws/install/tag_interface/share/tag_interface/cmake/tag_interfaceConfig.cmake
[22.383s] -- Up-to-date: /home/cam/GitHub/autonomy_2022_23/aruco_detection/ros2_ws/install/tag_interface/share/tag_interface/cmake/tag_interfaceConfig-version.cmake
[22.384s] -- Up-to-date: /home/cam/GitHub/autonomy_2022_23/aruco_detection/ros2_ws/install/tag_interface/share/tag_interface/package.xml
[22.394s] Invoked command in '/home/cam/GitHub/autonomy_2022_23/aruco_detection/ros2_ws/build/tag_interface' returned '0': CMAKE_PREFIX_PATH=/opt/ros/humble /usr/bin/cmake --install /home/cam/GitHub/autonomy_2022_23/aruco_detection/ros2_ws/build/tag_interface
