[2.990s] Invoking command in '/home/cam/GitHub/autonomy_2022_23/aruco_detection/ros2_ws/src/tag_detection': AMENT_PREFIX_PATH=/home/cam/GitHub/autonomy_2022_23/aruco_detection/ros2_ws/install/tag_interface:${AMENT_PREFIX_PATH} CMAKE_PREFIX_PATH=/home/cam/GitHub/autonomy_2022_23/aruco_detection/ros2_ws/install/tag_interface LD_LIBRARY_PATH=/home/cam/GitHub/autonomy_2022_23/aruco_detection/ros2_ws/install/tag_interface/lib:${LD_LIBRARY_PATH} PYTHONPATH=/home/cam/GitHub/autonomy_2022_23/aruco_detection/ros2_ws/build/tag_detection/prefix_override:/home/cam/GitHub/autonomy_2022_23/aruco_detection/ros2_ws/install/tag_detection/lib/python3.10/site-packages:/home/cam/GitHub/autonomy_2022_23/aruco_detection/ros2_ws/install/tag_interface/local/lib/python3.10/dist-packages:${PYTHONPATH} /usr/bin/python3 setup.py egg_info --egg-base ../../build/tag_detection build --build-base /home/cam/GitHub/autonomy_2022_23/aruco_detection/ros2_ws/build/tag_detection/build install --record /home/cam/GitHub/autonomy_2022_23/aruco_detection/ros2_ws/build/tag_detection/install.log --single-version-externally-managed
[4.220s] running egg_info
[4.223s] writing ../../build/tag_detection/tag_detection.egg-info/PKG-INFO
[4.224s] writing dependency_links to ../../build/tag_detection/tag_detection.egg-info/dependency_links.txt
[4.225s] writing entry points to ../../build/tag_detection/tag_detection.egg-info/entry_points.txt
[4.226s] writing requirements to ../../build/tag_detection/tag_detection.egg-info/requires.txt
[4.227s] writing top-level names to ../../build/tag_detection/tag_detection.egg-info/top_level.txt
[4.236s] reading manifest file '../../build/tag_detection/tag_detection.egg-info/SOURCES.txt'
[4.241s] writing manifest file '../../build/tag_detection/tag_detection.egg-info/SOURCES.txt'
[4.242s] running build
[4.242s] running build_py
[4.243s] copying tag_detection/tag_detector.py -> /home/cam/GitHub/autonomy_2022_23/aruco_detection/ros2_ws/build/tag_detection/build/lib/tag_detection
[4.246s] running install
[4.246s] /usr/lib/python3/dist-packages/setuptools/command/install.py:34: SetuptoolsDeprecationWarning: setup.py install is deprecated. Use build and pip and other standards-based tools.
[4.247s]   warnings.warn(
[4.248s] running install_lib
[4.252s] copying /home/cam/GitHub/autonomy_2022_23/aruco_detection/ros2_ws/build/tag_detection/build/lib/tag_detection/tag_detector.py -> /home/cam/GitHub/autonomy_2022_23/aruco_detection/ros2_ws/install/tag_detection/lib/python3.10/site-packages/tag_detection
[4.256s] byte-compiling /home/cam/GitHub/autonomy_2022_23/aruco_detection/ros2_ws/install/tag_detection/lib/python3.10/site-packages/tag_detection/tag_detector.py to tag_detector.cpython-310.pyc
[4.263s] running install_data
[4.266s] running install_egg_info
[4.272s] removing '/home/cam/GitHub/autonomy_2022_23/aruco_detection/ros2_ws/install/tag_detection/lib/python3.10/site-packages/tag_detection-0.0.0-py3.10.egg-info' (and everything under it)
[4.274s] Copying ../../build/tag_detection/tag_detection.egg-info to /home/cam/GitHub/autonomy_2022_23/aruco_detection/ros2_ws/install/tag_detection/lib/python3.10/site-packages/tag_detection-0.0.0-py3.10.egg-info
[4.281s] running install_scripts
[4.370s] Installing detect_tag script to /home/cam/GitHub/autonomy_2022_23/aruco_detection/ros2_ws/install/tag_detection/lib/tag_detection
[4.371s] Installing subscribe_tag script to /home/cam/GitHub/autonomy_2022_23/aruco_detection/ros2_ws/install/tag_detection/lib/tag_detection
[4.373s] writing list of installed files to '/home/cam/GitHub/autonomy_2022_23/aruco_detection/ros2_ws/build/tag_detection/install.log'
[4.488s] Invoked command in '/home/cam/GitHub/autonomy_2022_23/aruco_detection/ros2_ws/src/tag_detection' returned '0': AMENT_PREFIX_PATH=/home/cam/GitHub/autonomy_2022_23/aruco_detection/ros2_ws/install/tag_interface:${AMENT_PREFIX_PATH} CMAKE_PREFIX_PATH=/home/cam/GitHub/autonomy_2022_23/aruco_detection/ros2_ws/install/tag_interface LD_LIBRARY_PATH=/home/cam/GitHub/autonomy_2022_23/aruco_detection/ros2_ws/install/tag_interface/lib:${LD_LIBRARY_PATH} PYTHONPATH=/home/cam/GitHub/autonomy_2022_23/aruco_detection/ros2_ws/build/tag_detection/prefix_override:/home/cam/GitHub/autonomy_2022_23/aruco_detection/ros2_ws/install/tag_detection/lib/python3.10/site-packages:/home/cam/GitHub/autonomy_2022_23/aruco_detection/ros2_ws/install/tag_interface/local/lib/python3.10/dist-packages:${PYTHONPATH} /usr/bin/python3 setup.py egg_info --egg-base ../../build/tag_detection build --build-base /home/cam/GitHub/autonomy_2022_23/aruco_detection/ros2_ws/build/tag_detection/build install --record /home/cam/GitHub/autonomy_2022_23/aruco_detection/ros2_ws/build/tag_detection/install.log --single-version-externally-managed
